{"/Users/jaijoshi/Desktop/JJ Extra Curricular/cs_projects/Cash-App-Bias-Busters/frontend/src/envConfig.js": {"path":"/Users/jaijoshi/Desktop/JJ Extra Curricular/cs_projects/Cash-App-Bias-Busters/frontend/src/envConfig.js","statementMap":{"0":{"start":{"line":1,"column":25},"end":{"line":3,"column":1}},"1":{"start":{"line":2,"column":2},"end":{"line":2,"column":42}},"2":{"start":{"line":5,"column":33},"end":{"line":7,"column":1}},"3":{"start":{"line":6,"column":2},"end":{"line":6,"column":43}}},"fnMap":{"0":{"name":"(anonymous_0)","decl":{"start":{"line":1,"column":25},"end":{"line":1,"column":26}},"loc":{"start":{"line":1,"column":31},"end":{"line":3,"column":1}},"line":1},"1":{"name":"(anonymous_1)","decl":{"start":{"line":5,"column":33},"end":{"line":5,"column":34}},"loc":{"start":{"line":5,"column":39},"end":{"line":7,"column":1}},"line":5}},"branchMap":{},"s":{"0":0,"1":0,"2":0,"3":0},"f":{"0":0,"1":0},"b":{}}
,"/Users/jaijoshi/Desktop/JJ Extra Curricular/cs_projects/Cash-App-Bias-Busters/frontend/src/main.jsx": {"path":"/Users/jaijoshi/Desktop/JJ Extra Curricular/cs_projects/Cash-App-Bias-Busters/frontend/src/main.jsx","statementMap":{"0":{"start":{"line":6,"column":0},"end":{"line":10,"column":2}}},"fnMap":{},"branchMap":{},"s":{"0":0},"f":{},"b":{}}
,"/Users/jaijoshi/Desktop/JJ Extra Curricular/cs_projects/Cash-App-Bias-Busters/frontend/src/App/App.jsx": {"path":"/Users/jaijoshi/Desktop/JJ Extra Curricular/cs_projects/Cash-App-Bias-Busters/frontend/src/App/App.jsx","statementMap":{"0":{"start":{"line":18,"column":12},"end":{"line":50,"column":1}},"1":{"start":{"line":19,"column":27},"end":{"line":19,"column":59}},"2":{"start":{"line":21,"column":2},"end":{"line":49,"column":4}}},"fnMap":{"0":{"name":"(anonymous_0)","decl":{"start":{"line":18,"column":12},"end":{"line":18,"column":13}},"loc":{"start":{"line":18,"column":18},"end":{"line":50,"column":1}},"line":18}},"branchMap":{},"s":{"0":0,"1":0,"2":0},"f":{"0":0},"b":{}}
,"/Users/jaijoshi/Desktop/JJ Extra Curricular/cs_projects/Cash-App-Bias-Busters/frontend/src/Components/Modal/Modal.jsx": {"path":"/Users/jaijoshi/Desktop/JJ Extra Curricular/cs_projects/Cash-App-Bias-Busters/frontend/src/Components/Modal/Modal.jsx","statementMap":{"0":{"start":{"line":3,"column":14},"end":{"line":43,"column":1}},"1":{"start":{"line":4,"column":24},"end":{"line":7,"column":5}},"2":{"start":{"line":5,"column":8},"end":{"line":5,"column":27}},"3":{"start":{"line":6,"column":8},"end":{"line":6,"column":21}},"4":{"start":{"line":9,"column":4},"end":{"line":42,"column":6}}},"fnMap":{"0":{"name":"(anonymous_0)","decl":{"start":{"line":3,"column":14},"end":{"line":3,"column":15}},"loc":{"start":{"line":3,"column":34},"end":{"line":43,"column":1}},"line":3},"1":{"name":"(anonymous_1)","decl":{"start":{"line":4,"column":24},"end":{"line":4,"column":25}},"loc":{"start":{"line":4,"column":31},"end":{"line":7,"column":5}},"line":4}},"branchMap":{},"s":{"0":1,"1":6,"2":2,"3":2,"4":6},"f":{"0":6,"1":2},"b":{},"_coverageSchema":"1a1c01bbd47fc00a2c39e90264f33305004495a9","hash":"a1af8048868cfc0b73722d73e87b7c48e5facb13"}
,"/Users/jaijoshi/Desktop/JJ Extra Curricular/cs_projects/Cash-App-Bias-Busters/frontend/src/Components/Navbar/Navbar.jsx": {"path":"/Users/jaijoshi/Desktop/JJ Extra Curricular/cs_projects/Cash-App-Bias-Busters/frontend/src/Components/Navbar/Navbar.jsx","statementMap":{"0":{"start":{"line":5,"column":2},"end":{"line":36,"column":4}}},"fnMap":{"0":{"name":"Navbar","decl":{"start":{"line":4,"column":9},"end":{"line":4,"column":15}},"loc":{"start":{"line":4,"column":18},"end":{"line":37,"column":1}},"line":4}},"branchMap":{},"s":{"0":3},"f":{"0":3},"b":{},"_coverageSchema":"1a1c01bbd47fc00a2c39e90264f33305004495a9","hash":"cdadcc3da7b366cf9db1d27cba628156faaa4cbf"}
,"/Users/jaijoshi/Desktop/JJ Extra Curricular/cs_projects/Cash-App-Bias-Busters/frontend/src/Components/UserNavbar/UserNavbar.jsx": {"path":"/Users/jaijoshi/Desktop/JJ Extra Curricular/cs_projects/Cash-App-Bias-Busters/frontend/src/Components/UserNavbar/UserNavbar.jsx","statementMap":{"0":{"start":{"line":8,"column":27},"end":{"line":8,"column":38}},"1":{"start":{"line":10,"column":19},"end":{"line":10,"column":32}},"2":{"start":{"line":12,"column":23},"end":{"line":24,"column":3}},"3":{"start":{"line":13,"column":4},"end":{"line":23,"column":5}},"4":{"start":{"line":14,"column":23},"end":{"line":14,"column":69}},"5":{"start":{"line":16,"column":6},"end":{"line":20,"column":7}},"6":{"start":{"line":17,"column":8},"end":{"line":17,"column":22}},"7":{"start":{"line":19,"column":8},"end":{"line":19,"column":63}},"8":{"start":{"line":22,"column":6},"end":{"line":22,"column":51}},"9":{"start":{"line":26,"column":2},"end":{"line":75,"column":4}}},"fnMap":{"0":{"name":"UserNavbar","decl":{"start":{"line":7,"column":9},"end":{"line":7,"column":19}},"loc":{"start":{"line":7,"column":22},"end":{"line":76,"column":1}},"line":7},"1":{"name":"(anonymous_1)","decl":{"start":{"line":12,"column":23},"end":{"line":12,"column":24}},"loc":{"start":{"line":12,"column":35},"end":{"line":24,"column":3}},"line":12}},"branchMap":{"0":{"loc":{"start":{"line":16,"column":6},"end":{"line":20,"column":7}},"type":"if","locations":[{"start":{"line":16,"column":6},"end":{"line":20,"column":7}},{"start":{"line":18,"column":13},"end":{"line":20,"column":7}}],"line":16}},"s":{"0":5,"1":5,"2":5,"3":2,"4":2,"5":2,"6":1,"7":1,"8":0,"9":5},"f":{"0":5,"1":2},"b":{"0":[1,1]},"_coverageSchema":"1a1c01bbd47fc00a2c39e90264f33305004495a9","hash":"dff5328c2c0d0b5357554339455229f1cc6c0deb"}
,"/Users/jaijoshi/Desktop/JJ Extra Curricular/cs_projects/Cash-App-Bias-Busters/frontend/src/Layout/PublicLayout.jsx": {"path":"/Users/jaijoshi/Desktop/JJ Extra Curricular/cs_projects/Cash-App-Bias-Busters/frontend/src/Layout/PublicLayout.jsx","statementMap":{"0":{"start":{"line":5,"column":21},"end":{"line":12,"column":1}},"1":{"start":{"line":6,"column":4},"end":{"line":11,"column":6}}},"fnMap":{"0":{"name":"(anonymous_0)","decl":{"start":{"line":5,"column":21},"end":{"line":5,"column":22}},"loc":{"start":{"line":5,"column":27},"end":{"line":12,"column":1}},"line":5}},"branchMap":{},"s":{"0":1,"1":2},"f":{"0":2},"b":{},"_coverageSchema":"1a1c01bbd47fc00a2c39e90264f33305004495a9","hash":"35ed4d9d8f8eab4d9195216cde18da678d9fffa7"}
,"/Users/jaijoshi/Desktop/JJ Extra Curricular/cs_projects/Cash-App-Bias-Busters/frontend/src/Layout/UserLayout.jsx": {"path":"/Users/jaijoshi/Desktop/JJ Extra Curricular/cs_projects/Cash-App-Bias-Busters/frontend/src/Layout/UserLayout.jsx","statementMap":{"0":{"start":{"line":5,"column":19},"end":{"line":12,"column":1}},"1":{"start":{"line":6,"column":4},"end":{"line":11,"column":6}}},"fnMap":{"0":{"name":"(anonymous_0)","decl":{"start":{"line":5,"column":19},"end":{"line":5,"column":20}},"loc":{"start":{"line":5,"column":25},"end":{"line":12,"column":1}},"line":5}},"branchMap":{},"s":{"0":1,"1":1},"f":{"0":1},"b":{},"_coverageSchema":"1a1c01bbd47fc00a2c39e90264f33305004495a9","hash":"0c7508f54eed38ffd4f896e4e54dbc1bbd6b1000"}
,"/Users/jaijoshi/Desktop/JJ Extra Curricular/cs_projects/Cash-App-Bias-Busters/frontend/src/pages/AboutPage/AboutPage.jsx": {"path":"/Users/jaijoshi/Desktop/JJ Extra Curricular/cs_projects/Cash-App-Bias-Busters/frontend/src/pages/AboutPage/AboutPage.jsx","statementMap":{"0":{"start":{"line":5,"column":18},"end":{"line":60,"column":1}},"1":{"start":{"line":6,"column":4},"end":{"line":59,"column":6}}},"fnMap":{"0":{"name":"(anonymous_0)","decl":{"start":{"line":5,"column":18},"end":{"line":5,"column":19}},"loc":{"start":{"line":5,"column":24},"end":{"line":60,"column":1}},"line":5}},"branchMap":{},"s":{"0":1,"1":6},"f":{"0":6},"b":{},"_coverageSchema":"1a1c01bbd47fc00a2c39e90264f33305004495a9","hash":"9ca9536d72fc1ee645771fd43b0be3bb8a0cd619"}
,"/Users/jaijoshi/Desktop/JJ Extra Curricular/cs_projects/Cash-App-Bias-Busters/frontend/src/pages/ChangePassword/ChangePassword.jsx": {"path":"/Users/jaijoshi/Desktop/JJ Extra Curricular/cs_projects/Cash-App-Bias-Busters/frontend/src/pages/ChangePassword/ChangePassword.jsx","statementMap":{"0":{"start":{"line":7,"column":23},"end":{"line":127,"column":1}},"1":{"start":{"line":8,"column":27},"end":{"line":8,"column":38}},"2":{"start":{"line":14,"column":6},"end":{"line":14,"column":15}},"3":{"start":{"line":16,"column":21},"end":{"line":48,"column":3}},"4":{"start":{"line":17,"column":4},"end":{"line":17,"column":22}},"5":{"start":{"line":19,"column":16},"end":{"line":19,"column":53}},"6":{"start":{"line":21,"column":4},"end":{"line":47,"column":9}},"7":{"start":{"line":28,"column":21},"end":{"line":28,"column":31}},"8":{"start":{"line":30,"column":8},"end":{"line":30,"column":30}},"9":{"start":{"line":31,"column":8},"end":{"line":43,"column":9}},"10":{"start":{"line":32,"column":10},"end":{"line":35,"column":13}},"11":{"start":{"line":37,"column":10},"end":{"line":37,"column":50}},"12":{"start":{"line":38,"column":10},"end":{"line":42,"column":13}},"13":{"start":{"line":46,"column":8},"end":{"line":46,"column":23}},"14":{"start":{"line":50,"column":2},"end":{"line":126,"column":4}},"15":{"start":{"line":73,"column":16},"end":{"line":73,"column":56}},"16":{"start":{"line":92,"column":16},"end":{"line":92,"column":56}},"17":{"start":{"line":111,"column":16},"end":{"line":111,"column":56}}},"fnMap":{"0":{"name":"(anonymous_0)","decl":{"start":{"line":7,"column":23},"end":{"line":7,"column":24}},"loc":{"start":{"line":7,"column":29},"end":{"line":127,"column":1}},"line":7},"1":{"name":"(anonymous_1)","decl":{"start":{"line":16,"column":21},"end":{"line":16,"column":22}},"loc":{"start":{"line":16,"column":31},"end":{"line":48,"column":3}},"line":16},"2":{"name":"(anonymous_2)","decl":{"start":{"line":28,"column":12},"end":{"line":28,"column":13}},"loc":{"start":{"line":28,"column":21},"end":{"line":28,"column":31}},"line":28},"3":{"name":"(anonymous_3)","decl":{"start":{"line":29,"column":12},"end":{"line":29,"column":13}},"loc":{"start":{"line":29,"column":21},"end":{"line":44,"column":7}},"line":29},"4":{"name":"(anonymous_4)","decl":{"start":{"line":45,"column":13},"end":{"line":45,"column":14}},"loc":{"start":{"line":45,"column":20},"end":{"line":47,"column":7}},"line":45},"5":{"name":"(anonymous_5)","decl":{"start":{"line":72,"column":22},"end":{"line":72,"column":23}},"loc":{"start":{"line":73,"column":16},"end":{"line":73,"column":56}},"line":73},"6":{"name":"(anonymous_6)","decl":{"start":{"line":91,"column":22},"end":{"line":91,"column":23}},"loc":{"start":{"line":92,"column":16},"end":{"line":92,"column":56}},"line":92},"7":{"name":"(anonymous_7)","decl":{"start":{"line":110,"column":22},"end":{"line":110,"column":23}},"loc":{"start":{"line":111,"column":16},"end":{"line":111,"column":56}},"line":111}},"branchMap":{"0":{"loc":{"start":{"line":31,"column":8},"end":{"line":43,"column":9}},"type":"if","locations":[{"start":{"line":31,"column":8},"end":{"line":43,"column":9}},{"start":{"line":36,"column":15},"end":{"line":43,"column":9}}],"line":31}},"s":{"0":1,"1":3,"2":3,"3":3,"4":1,"5":1,"6":1,"7":1,"8":1,"9":1,"10":0,"11":1,"12":1,"13":0,"14":3,"15":0,"16":0,"17":0},"f":{"0":3,"1":1,"2":1,"3":1,"4":0,"5":0,"6":0,"7":0},"b":{"0":[0,1]},"_coverageSchema":"1a1c01bbd47fc00a2c39e90264f33305004495a9","hash":"5470598bb6b49fc3fb7d8bcb3c65ccb753e35a6a"}
,"/Users/jaijoshi/Desktop/JJ Extra Curricular/cs_projects/Cash-App-Bias-Busters/frontend/src/pages/DashboardPage/ChartComponenet/ChartComponent.jsx": {"path":"/Users/jaijoshi/Desktop/JJ Extra Curricular/cs_projects/Cash-App-Bias-Busters/frontend/src/pages/DashboardPage/ChartComponenet/ChartComponent.jsx","statementMap":{"0":{"start":{"line":5,"column":23},"end":{"line":284,"column":2}},"1":{"start":{"line":6,"column":19},"end":{"line":6,"column":31}},"2":{"start":{"line":7,"column":21},"end":{"line":7,"column":33}},"3":{"start":{"line":8,"column":42},"end":{"line":8,"column":56}},"4":{"start":{"line":9,"column":42},"end":{"line":9,"column":54}},"5":{"start":{"line":10,"column":42},"end":{"line":10,"column":54}},"6":{"start":{"line":12,"column":2},"end":{"line":203,"column":31}},"7":{"start":{"line":13,"column":4},"end":{"line":13,"column":27}},"8":{"start":{"line":13,"column":20},"end":{"line":13,"column":27}},"9":{"start":{"line":15,"column":4},"end":{"line":15,"column":57}},"10":{"start":{"line":17,"column":33},"end":{"line":19,"column":5}},"11":{"start":{"line":18,"column":38},"end":{"line":18,"column":51}},"12":{"start":{"line":20,"column":25},"end":{"line":25,"column":5}},"13":{"start":{"line":26,"column":27},"end":{"line":29,"column":10}},"14":{"start":{"line":27,"column":6},"end":{"line":27,"column":61}},"15":{"start":{"line":28,"column":6},"end":{"line":28,"column":17}},"16":{"start":{"line":31,"column":28},"end":{"line":33,"column":5}},"17":{"start":{"line":32,"column":6},"end":{"line":32,"column":42}},"18":{"start":{"line":35,"column":19},"end":{"line":35,"column":63}},"19":{"start":{"line":35,"column":49},"end":{"line":35,"column":62}},"20":{"start":{"line":37,"column":28},"end":{"line":43,"column":7}},"21":{"start":{"line":37,"column":59},"end":{"line":43,"column":5}},"22":{"start":{"line":45,"column":4},"end":{"line":45,"column":37}},"23":{"start":{"line":47,"column":21},"end":{"line":61,"column":5}},"24":{"start":{"line":50,"column":42},"end":{"line":50,"column":71}},"25":{"start":{"line":51,"column":52},"end":{"line":51,"column":59}},"26":{"start":{"line":53,"column":18},"end":{"line":53,"column":75}},"27":{"start":{"line":56,"column":18},"end":{"line":56,"column":50}},"28":{"start":{"line":63,"column":21},"end":{"line":72,"column":5}},"29":{"start":{"line":65,"column":35},"end":{"line":65,"column":63}},"30":{"start":{"line":74,"column":17},"end":{"line":77,"column":5}},"31":{"start":{"line":79,"column":16},"end":{"line":79,"column":49}},"32":{"start":{"line":81,"column":4},"end":{"line":83,"column":5}},"33":{"start":{"line":82,"column":6},"end":{"line":82,"column":35}},"34":{"start":{"line":85,"column":4},"end":{"line":202,"column":7}},"35":{"start":{"line":147,"column":16},"end":{"line":153,"column":20}},"36":{"start":{"line":147,"column":66},"end":{"line":153,"column":17}},"37":{"start":{"line":161,"column":29},"end":{"line":161,"column":67}},"38":{"start":{"line":162,"column":16},"end":{"line":166,"column":18}},"39":{"start":{"line":172,"column":10},"end":{"line":176,"column":11}},"40":{"start":{"line":173,"column":12},"end":{"line":173,"column":47}},"41":{"start":{"line":175,"column":12},"end":{"line":175,"column":34}},"42":{"start":{"line":183,"column":12},"end":{"line":183,"column":46}},"43":{"start":{"line":183,"column":39},"end":{"line":183,"column":46}},"44":{"start":{"line":185,"column":47},"end":{"line":185,"column":52}},"45":{"start":{"line":186,"column":24},"end":{"line":186,"column":66}},"46":{"start":{"line":187,"column":25},"end":{"line":187,"column":46}},"47":{"start":{"line":188,"column":26},"end":{"line":188,"column":47}},"48":{"start":{"line":190,"column":12},"end":{"line":190,"column":23}},"49":{"start":{"line":191,"column":12},"end":{"line":191,"column":55}},"50":{"start":{"line":192,"column":12},"end":{"line":197,"column":14}},"51":{"start":{"line":198,"column":12},"end":{"line":198,"column":26}},"52":{"start":{"line":205,"column":2},"end":{"line":264,"column":56}},"53":{"start":{"line":206,"column":26},"end":{"line":257,"column":5}},"54":{"start":{"line":207,"column":6},"end":{"line":207,"column":69}},"55":{"start":{"line":208,"column":6},"end":{"line":210,"column":7}},"56":{"start":{"line":209,"column":8},"end":{"line":209,"column":15}},"57":{"start":{"line":212,"column":6},"end":{"line":256,"column":7}},"58":{"start":{"line":213,"column":8},"end":{"line":213,"column":31}},"59":{"start":{"line":215,"column":26},"end":{"line":217,"column":30}},"60":{"start":{"line":219,"column":8},"end":{"line":255,"column":9}},"61":{"start":{"line":220,"column":10},"end":{"line":220,"column":37}},"62":{"start":{"line":221,"column":10},"end":{"line":230,"column":11}},"63":{"start":{"line":222,"column":26},"end":{"line":222,"column":44}},"64":{"start":{"line":224,"column":12},"end":{"line":224,"column":77}},"65":{"start":{"line":225,"column":12},"end":{"line":225,"column":27}},"66":{"start":{"line":227,"column":12},"end":{"line":227,"column":85}},"67":{"start":{"line":228,"column":12},"end":{"line":228,"column":35}},"68":{"start":{"line":229,"column":12},"end":{"line":229,"column":25}},"69":{"start":{"line":233,"column":10},"end":{"line":233,"column":43}},"70":{"start":{"line":236,"column":10},"end":{"line":247,"column":11}},"71":{"start":{"line":237,"column":12},"end":{"line":237,"column":39}},"72":{"start":{"line":238,"column":12},"end":{"line":246,"column":13}},"73":{"start":{"line":239,"column":28},"end":{"line":239,"column":46}},"74":{"start":{"line":240,"column":14},"end":{"line":240,"column":79}},"75":{"start":{"line":241,"column":14},"end":{"line":241,"column":29}},"76":{"start":{"line":243,"column":14},"end":{"line":243,"column":87}},"77":{"start":{"line":244,"column":14},"end":{"line":244,"column":37}},"78":{"start":{"line":245,"column":14},"end":{"line":245,"column":27}},"79":{"start":{"line":249,"column":21},"end":{"line":249,"column":51}},"80":{"start":{"line":250,"column":39},"end":{"line":250,"column":65}},"81":{"start":{"line":251,"column":10},"end":{"line":254,"column":11}},"82":{"start":{"line":252,"column":12},"end":{"line":252,"column":41}},"83":{"start":{"line":253,"column":12},"end":{"line":253,"column":44}},"84":{"start":{"line":253,"column":35},"end":{"line":253,"column":42}},"85":{"start":{"line":259,"column":4},"end":{"line":259,"column":54}},"86":{"start":{"line":261,"column":4},"end":{"line":263,"column":6}},"87":{"start":{"line":262,"column":6},"end":{"line":262,"column":59}},"88":{"start":{"line":268,"column":2},"end":{"line":275,"column":6}},"89":{"start":{"line":268,"column":34},"end":{"line":275,"column":3}},"90":{"start":{"line":270,"column":19},"end":{"line":270,"column":46}},"91":{"start":{"line":271,"column":6},"end":{"line":271,"column":58}},"92":{"start":{"line":272,"column":6},"end":{"line":272,"column":34}},"93":{"start":{"line":273,"column":6},"end":{"line":273,"column":19}},"94":{"start":{"line":277,"column":2},"end":{"line":283,"column":4}}},"fnMap":{"0":{"name":"(anonymous_0)","decl":{"start":{"line":5,"column":34},"end":{"line":5,"column":35}},"loc":{"start":{"line":5,"column":71},"end":{"line":284,"column":1}},"line":5},"1":{"name":"(anonymous_1)","decl":{"start":{"line":12,"column":12},"end":{"line":12,"column":13}},"loc":{"start":{"line":12,"column":18},"end":{"line":203,"column":3}},"line":12},"2":{"name":"(anonymous_2)","decl":{"start":{"line":18,"column":28},"end":{"line":18,"column":29}},"loc":{"start":{"line":18,"column":38},"end":{"line":18,"column":51}},"line":18},"3":{"name":"(anonymous_3)","decl":{"start":{"line":26,"column":55},"end":{"line":26,"column":56}},"loc":{"start":{"line":26,"column":78},"end":{"line":29,"column":5}},"line":26},"4":{"name":"(anonymous_4)","decl":{"start":{"line":31,"column":48},"end":{"line":31,"column":49}},"loc":{"start":{"line":32,"column":6},"end":{"line":32,"column":42}},"line":32},"5":{"name":"(anonymous_5)","decl":{"start":{"line":35,"column":39},"end":{"line":35,"column":40}},"loc":{"start":{"line":35,"column":49},"end":{"line":35,"column":62}},"line":35},"6":{"name":"(anonymous_6)","decl":{"start":{"line":37,"column":48},"end":{"line":37,"column":49}},"loc":{"start":{"line":37,"column":59},"end":{"line":43,"column":5}},"line":37},"7":{"name":"(anonymous_7)","decl":{"start":{"line":50,"column":34},"end":{"line":50,"column":35}},"loc":{"start":{"line":50,"column":42},"end":{"line":50,"column":71}},"line":50},"8":{"name":"(anonymous_8)","decl":{"start":{"line":51,"column":45},"end":{"line":51,"column":46}},"loc":{"start":{"line":51,"column":52},"end":{"line":51,"column":59}},"line":51},"9":{"name":"(anonymous_9)","decl":{"start":{"line":53,"column":10},"end":{"line":53,"column":11}},"loc":{"start":{"line":53,"column":18},"end":{"line":53,"column":75}},"line":53},"10":{"name":"(anonymous_10)","decl":{"start":{"line":56,"column":10},"end":{"line":56,"column":11}},"loc":{"start":{"line":56,"column":18},"end":{"line":56,"column":50}},"line":56},"11":{"name":"(anonymous_11)","decl":{"start":{"line":65,"column":23},"end":{"line":65,"column":24}},"loc":{"start":{"line":65,"column":35},"end":{"line":65,"column":63}},"line":65},"12":{"name":"(anonymous_12)","decl":{"start":{"line":146,"column":30},"end":{"line":146,"column":31}},"loc":{"start":{"line":146,"column":36},"end":{"line":154,"column":15}},"line":146},"13":{"name":"(anonymous_13)","decl":{"start":{"line":147,"column":48},"end":{"line":147,"column":49}},"loc":{"start":{"line":147,"column":66},"end":{"line":153,"column":17}},"line":147},"14":{"name":"(anonymous_14)","decl":{"start":{"line":160,"column":21},"end":{"line":160,"column":22}},"loc":{"start":{"line":160,"column":38},"end":{"line":167,"column":15}},"line":160},"15":{"name":"(anonymous_15)","decl":{"start":{"line":171,"column":17},"end":{"line":171,"column":18}},"loc":{"start":{"line":171,"column":38},"end":{"line":177,"column":9}},"line":171},"16":{"name":"(anonymous_16)","decl":{"start":{"line":182,"column":21},"end":{"line":182,"column":22}},"loc":{"start":{"line":182,"column":32},"end":{"line":199,"column":11}},"line":182},"17":{"name":"(anonymous_17)","decl":{"start":{"line":205,"column":12},"end":{"line":205,"column":13}},"loc":{"start":{"line":205,"column":18},"end":{"line":264,"column":3}},"line":205},"18":{"name":"(anonymous_18)","decl":{"start":{"line":206,"column":26},"end":{"line":206,"column":27}},"loc":{"start":{"line":206,"column":37},"end":{"line":257,"column":5}},"line":206},"19":{"name":"(anonymous_19)","decl":{"start":{"line":253,"column":28},"end":{"line":253,"column":29}},"loc":{"start":{"line":253,"column":35},"end":{"line":253,"column":42}},"line":253},"20":{"name":"(anonymous_20)","decl":{"start":{"line":261,"column":11},"end":{"line":261,"column":12}},"loc":{"start":{"line":261,"column":17},"end":{"line":263,"column":5}},"line":261},"21":{"name":"(anonymous_21)","decl":{"start":{"line":268,"column":27},"end":{"line":268,"column":28}},"loc":{"start":{"line":268,"column":34},"end":{"line":275,"column":3}},"line":268},"22":{"name":"(anonymous_22)","decl":{"start":{"line":269,"column":4},"end":{"line":269,"column":5}},"loc":{"start":{"line":269,"column":20},"end":{"line":274,"column":5}},"line":269}},"branchMap":{"0":{"loc":{"start":{"line":13,"column":4},"end":{"line":13,"column":27}},"type":"if","locations":[{"start":{"line":13,"column":4},"end":{"line":13,"column":27}},{"start":{},"end":{}}],"line":13},"1":{"loc":{"start":{"line":42,"column":13},"end":{"line":42,"column":72}},"type":"binary-expr","locations":[{"start":{"line":42,"column":13},"end":{"line":42,"column":42}},{"start":{"line":42,"column":46},"end":{"line":42,"column":72}}],"line":42},"2":{"loc":{"start":{"line":53,"column":18},"end":{"line":53,"column":75}},"type":"cond-expr","locations":[{"start":{"line":53,"column":45},"end":{"line":53,"column":65}},{"start":{"line":53,"column":68},"end":{"line":53,"column":75}}],"line":53},"3":{"loc":{"start":{"line":56,"column":18},"end":{"line":56,"column":50}},"type":"cond-expr","locations":[{"start":{"line":56,"column":45},"end":{"line":56,"column":46}},{"start":{"line":56,"column":49},"end":{"line":56,"column":50}}],"line":56},"4":{"loc":{"start":{"line":81,"column":4},"end":{"line":83,"column":5}},"type":"if","locations":[{"start":{"line":81,"column":4},"end":{"line":83,"column":5}},{"start":{},"end":{}}],"line":81},"5":{"loc":{"start":{"line":172,"column":10},"end":{"line":176,"column":11}},"type":"if","locations":[{"start":{"line":172,"column":10},"end":{"line":176,"column":11}},{"start":{"line":174,"column":17},"end":{"line":176,"column":11}}],"line":172},"6":{"loc":{"start":{"line":183,"column":12},"end":{"line":183,"column":46}},"type":"if","locations":[{"start":{"line":183,"column":12},"end":{"line":183,"column":46}},{"start":{},"end":{}}],"line":183},"7":{"loc":{"start":{"line":208,"column":6},"end":{"line":210,"column":7}},"type":"if","locations":[{"start":{"line":208,"column":6},"end":{"line":210,"column":7}},{"start":{},"end":{}}],"line":208},"8":{"loc":{"start":{"line":212,"column":6},"end":{"line":256,"column":7}},"type":"if","locations":[{"start":{"line":212,"column":6},"end":{"line":256,"column":7}},{"start":{},"end":{}}],"line":212},"9":{"loc":{"start":{"line":215,"column":26},"end":{"line":217,"column":30}},"type":"cond-expr","locations":[{"start":{"line":216,"column":12},"end":{"line":216,"column":13}},{"start":{"line":217,"column":13},"end":{"line":217,"column":29}}],"line":215},"10":{"loc":{"start":{"line":219,"column":8},"end":{"line":255,"column":9}},"type":"if","locations":[{"start":{"line":219,"column":8},"end":{"line":255,"column":9}},{"start":{"line":231,"column":15},"end":{"line":255,"column":9}}],"line":219},"11":{"loc":{"start":{"line":221,"column":10},"end":{"line":230,"column":11}},"type":"if","locations":[{"start":{"line":221,"column":10},"end":{"line":230,"column":11}},{"start":{},"end":{}}],"line":221},"12":{"loc":{"start":{"line":236,"column":10},"end":{"line":247,"column":11}},"type":"if","locations":[{"start":{"line":236,"column":10},"end":{"line":247,"column":11}},{"start":{},"end":{}}],"line":236},"13":{"loc":{"start":{"line":238,"column":12},"end":{"line":246,"column":13}},"type":"if","locations":[{"start":{"line":238,"column":12},"end":{"line":246,"column":13}},{"start":{},"end":{}}],"line":238},"14":{"loc":{"start":{"line":251,"column":10},"end":{"line":254,"column":11}},"type":"if","locations":[{"start":{"line":251,"column":10},"end":{"line":254,"column":11}},{"start":{},"end":{}}],"line":251}},"s":{"0":3,"1":16,"2":16,"3":16,"4":16,"5":16,"6":16,"7":8,"8":0,"9":8,"10":8,"11":16,"12":8,"13":8,"14":16,"15":16,"16":8,"17":8,"18":8,"19":16,"20":8,"21":16,"22":8,"23":8,"24":16,"25":16,"26":16,"27":16,"28":8,"29":16,"30":8,"31":8,"32":8,"33":2,"34":8,"35":0,"36":0,"37":0,"38":0,"39":0,"40":0,"41":0,"42":0,"43":0,"44":0,"45":0,"46":0,"47":0,"48":0,"49":0,"50":0,"51":0,"52":16,"53":12,"54":0,"55":0,"56":0,"57":0,"58":0,"59":0,"60":0,"61":0,"62":0,"63":0,"64":0,"65":0,"66":0,"67":0,"68":0,"69":0,"70":0,"71":0,"72":0,"73":0,"74":0,"75":0,"76":0,"77":0,"78":0,"79":0,"80":0,"81":0,"82":0,"83":0,"84":0,"85":12,"86":12,"87":12,"88":16,"89":4,"90":2,"91":2,"92":2,"93":2,"94":16},"f":{"0":16,"1":8,"2":16,"3":16,"4":8,"5":16,"6":16,"7":16,"8":16,"9":16,"10":16,"11":16,"12":0,"13":0,"14":0,"15":0,"16":0,"17":12,"18":0,"19":0,"20":12,"21":4,"22":2},"b":{"0":[0,8],"1":[16,0],"2":[6,10],"3":[6,10],"4":[2,6],"5":[0,0],"6":[0,0],"7":[0,0],"8":[0,0],"9":[0,0],"10":[0,0],"11":[0,0],"12":[0,0],"13":[0,0],"14":[0,0]},"_coverageSchema":"1a1c01bbd47fc00a2c39e90264f33305004495a9","hash":"eb6fdba620da56163b857f36608a33fe831b20e9"}
,"/Users/jaijoshi/Desktop/JJ Extra Curricular/cs_projects/Cash-App-Bias-Busters/frontend/src/pages/DashboardPage/Chatbot/Chatbot.jsx": {"path":"/Users/jaijoshi/Desktop/JJ Extra Curricular/cs_projects/Cash-App-Bias-Busters/frontend/src/pages/DashboardPage/Chatbot/Chatbot.jsx","statementMap":{"0":{"start":{"line":8,"column":15},"end":{"line":39,"column":1}},"1":{"start":{"line":23,"column":8},"end":{"line":35,"column":14}},"2":{"start":{"line":45,"column":8},"end":{"line":45,"column":45}},"3":{"start":{"line":49,"column":29},"end":{"line":49,"column":50}},"4":{"start":{"line":50,"column":31},"end":{"line":69,"column":9}},"5":{"start":{"line":71,"column":31},"end":{"line":71,"column":93}},"6":{"start":{"line":71,"column":59},"end":{"line":71,"column":92}},"7":{"start":{"line":73,"column":8},"end":{"line":77,"column":9}},"8":{"start":{"line":74,"column":12},"end":{"line":74,"column":71}},"9":{"start":{"line":76,"column":12},"end":{"line":76,"column":101}},"10":{"start":{"line":84,"column":8},"end":{"line":84,"column":57}},"11":{"start":{"line":85,"column":8},"end":{"line":85,"column":37}},"12":{"start":{"line":86,"column":8},"end":{"line":86,"column":55}},"13":{"start":{"line":103,"column":27},"end":{"line":103,"column":61}},"14":{"start":{"line":104,"column":8},"end":{"line":107,"column":12}},"15":{"start":{"line":104,"column":38},"end":{"line":107,"column":9}},"16":{"start":{"line":112,"column":24},"end":{"line":112,"column":103}},"17":{"start":{"line":113,"column":8},"end":{"line":116,"column":12}},"18":{"start":{"line":113,"column":38},"end":{"line":116,"column":9}},"19":{"start":{"line":121,"column":25},"end":{"line":204,"column":1}},"20":{"start":{"line":124,"column":24},"end":{"line":128,"column":5}},"21":{"start":{"line":125,"column":8},"end":{"line":125,"column":27}},"22":{"start":{"line":127,"column":8},"end":{"line":127,"column":23}},"23":{"start":{"line":130,"column":18},"end":{"line":140,"column":5}},"24":{"start":{"line":142,"column":4},"end":{"line":203,"column":6}}},"fnMap":{"0":{"name":"(anonymous_0)","decl":{"start":{"line":22,"column":22},"end":{"line":22,"column":23}},"loc":{"start":{"line":23,"column":8},"end":{"line":35,"column":14}},"line":23},"1":{"name":"(anonymous_1)","decl":{"start":{"line":44,"column":4},"end":{"line":44,"column":5}},"loc":{"start":{"line":44,"column":32},"end":{"line":46,"column":5}},"line":44},"2":{"name":"(anonymous_2)","decl":{"start":{"line":48,"column":4},"end":{"line":48,"column":5}},"loc":{"start":{"line":48,"column":19},"end":{"line":78,"column":5}},"line":48},"3":{"name":"(anonymous_3)","decl":{"start":{"line":71,"column":51},"end":{"line":71,"column":52}},"loc":{"start":{"line":71,"column":59},"end":{"line":71,"column":92}},"line":71},"4":{"name":"(anonymous_4)","decl":{"start":{"line":83,"column":4},"end":{"line":83,"column":5}},"loc":{"start":{"line":83,"column":73},"end":{"line":87,"column":5}},"line":83},"5":{"name":"(anonymous_5)","decl":{"start":{"line":102,"column":4},"end":{"line":102,"column":5}},"loc":{"start":{"line":102,"column":29},"end":{"line":109,"column":5}},"line":102},"6":{"name":"(anonymous_6)","decl":{"start":{"line":104,"column":22},"end":{"line":104,"column":23}},"loc":{"start":{"line":104,"column":38},"end":{"line":107,"column":9}},"line":104},"7":{"name":"(anonymous_7)","decl":{"start":{"line":111,"column":4},"end":{"line":111,"column":5}},"loc":{"start":{"line":111,"column":20},"end":{"line":118,"column":5}},"line":111},"8":{"name":"(anonymous_8)","decl":{"start":{"line":113,"column":22},"end":{"line":113,"column":23}},"loc":{"start":{"line":113,"column":38},"end":{"line":116,"column":9}},"line":113},"9":{"name":"(anonymous_9)","decl":{"start":{"line":121,"column":25},"end":{"line":121,"column":26}},"loc":{"start":{"line":121,"column":47},"end":{"line":204,"column":1}},"line":121},"10":{"name":"(anonymous_10)","decl":{"start":{"line":124,"column":24},"end":{"line":124,"column":25}},"loc":{"start":{"line":124,"column":31},"end":{"line":128,"column":5}},"line":124}},"branchMap":{"0":{"loc":{"start":{"line":73,"column":8},"end":{"line":77,"column":9}},"type":"if","locations":[{"start":{"line":73,"column":8},"end":{"line":77,"column":9}},{"start":{"line":75,"column":15},"end":{"line":77,"column":9}}],"line":73}},"s":{"0":1,"1":0,"2":21,"3":0,"4":0,"5":0,"6":0,"7":0,"8":0,"9":0,"10":21,"11":21,"12":21,"13":0,"14":0,"15":0,"16":0,"17":0,"18":0,"19":1,"20":6,"21":2,"22":2,"23":6,"24":6},"f":{"0":0,"1":21,"2":0,"3":0,"4":21,"5":0,"6":0,"7":0,"8":0,"9":6,"10":2},"b":{"0":[0,0]},"_coverageSchema":"1a1c01bbd47fc00a2c39e90264f33305004495a9","hash":"df25114ab7268e06f22660bd0cb221832a1ced6f"}
,"/Users/jaijoshi/Desktop/JJ Extra Curricular/cs_projects/Cash-App-Bias-Busters/frontend/src/pages/DashboardPage/ControlButtons/ControlButtons.jsx": {"path":"/Users/jaijoshi/Desktop/JJ Extra Curricular/cs_projects/Cash-App-Bias-Busters/frontend/src/pages/DashboardPage/ControlButtons/ControlButtons.jsx","statementMap":{"0":{"start":{"line":7,"column":23},"end":{"line":343,"column":1}},"1":{"start":{"line":8,"column":27},"end":{"line":8,"column":38}},"2":{"start":{"line":10,"column":34},"end":{"line":10,"column":46}},"3":{"start":{"line":11,"column":36},"end":{"line":11,"column":51}},"4":{"start":{"line":12,"column":50},"end":{"line":12,"column":65}},"5":{"start":{"line":14,"column":24},"end":{"line":14,"column":36}},"6":{"start":{"line":15,"column":24},"end":{"line":15,"column":36}},"7":{"start":{"line":17,"column":19},"end":{"line":17,"column":31}},"8":{"start":{"line":18,"column":31},"end":{"line":18,"column":43}},"9":{"start":{"line":19,"column":33},"end":{"line":19,"column":45}},"10":{"start":{"line":21,"column":36},"end":{"line":59,"column":3}},"11":{"start":{"line":22,"column":16},"end":{"line":22,"column":47}},"12":{"start":{"line":24,"column":4},"end":{"line":58,"column":5}},"13":{"start":{"line":25,"column":28},"end":{"line":30,"column":8}},"14":{"start":{"line":32,"column":24},"end":{"line":32,"column":50}},"15":{"start":{"line":33,"column":6},"end":{"line":33,"column":29}},"16":{"start":{"line":35,"column":6},"end":{"line":49,"column":7}},"17":{"start":{"line":36,"column":8},"end":{"line":36,"column":37}},"18":{"start":{"line":38,"column":8},"end":{"line":38,"column":24}},"19":{"start":{"line":39,"column":8},"end":{"line":48,"column":11}},"20":{"start":{"line":47,"column":10},"end":{"line":47,"column":37}},"21":{"start":{"line":51,"column":6},"end":{"line":51,"column":52}},"22":{"start":{"line":53,"column":6},"end":{"line":57,"column":9}},"23":{"start":{"line":61,"column":2},"end":{"line":63,"column":9}},"24":{"start":{"line":62,"column":4},"end":{"line":62,"column":32}},"25":{"start":{"line":65,"column":29},"end":{"line":67,"column":3}},"26":{"start":{"line":66,"column":4},"end":{"line":66,"column":23}},"27":{"start":{"line":69,"column":30},"end":{"line":71,"column":3}},"28":{"start":{"line":70,"column":4},"end":{"line":70,"column":30}},"29":{"start":{"line":73,"column":32},"end":{"line":108,"column":3}},"30":{"start":{"line":74,"column":17},"end":{"line":74,"column":38}},"31":{"start":{"line":76,"column":4},"end":{"line":76,"column":22}},"32":{"start":{"line":76,"column":15},"end":{"line":76,"column":22}},"33":{"start":{"line":78,"column":4},"end":{"line":81,"column":5}},"34":{"start":{"line":79,"column":6},"end":{"line":79,"column":53}},"35":{"start":{"line":80,"column":6},"end":{"line":80,"column":13}},"36":{"start":{"line":83,"column":21},"end":{"line":83,"column":35}},"37":{"start":{"line":84,"column":4},"end":{"line":84,"column":43}},"38":{"start":{"line":85,"column":4},"end":{"line":85,"column":40}},"39":{"start":{"line":86,"column":4},"end":{"line":86,"column":49}},"40":{"start":{"line":88,"column":4},"end":{"line":107,"column":5}},"41":{"start":{"line":89,"column":23},"end":{"line":92,"column":8}},"42":{"start":{"line":94,"column":6},"end":{"line":99,"column":7}},"43":{"start":{"line":95,"column":26},"end":{"line":95,"column":47}},"44":{"start":{"line":96,"column":8},"end":{"line":96,"column":57}},"45":{"start":{"line":97,"column":8},"end":{"line":97,"column":59}},"46":{"start":{"line":98,"column":8},"end":{"line":98,"column":15}},"47":{"start":{"line":101,"column":27},"end":{"line":101,"column":48}},"48":{"start":{"line":102,"column":6},"end":{"line":102,"column":52}},"49":{"start":{"line":103,"column":6},"end":{"line":103,"column":44}},"50":{"start":{"line":105,"column":6},"end":{"line":105,"column":57}},"51":{"start":{"line":106,"column":6},"end":{"line":106,"column":59}},"52":{"start":{"line":110,"column":34},"end":{"line":144,"column":3}},"53":{"start":{"line":111,"column":17},"end":{"line":111,"column":38}},"54":{"start":{"line":113,"column":4},"end":{"line":113,"column":22}},"55":{"start":{"line":113,"column":15},"end":{"line":113,"column":22}},"56":{"start":{"line":115,"column":4},"end":{"line":118,"column":5}},"57":{"start":{"line":116,"column":6},"end":{"line":116,"column":51}},"58":{"start":{"line":117,"column":6},"end":{"line":117,"column":13}},"59":{"start":{"line":120,"column":21},"end":{"line":120,"column":35}},"60":{"start":{"line":121,"column":4},"end":{"line":121,"column":43}},"61":{"start":{"line":122,"column":4},"end":{"line":122,"column":41}},"62":{"start":{"line":124,"column":4},"end":{"line":143,"column":5}},"63":{"start":{"line":125,"column":23},"end":{"line":128,"column":8}},"64":{"start":{"line":130,"column":6},"end":{"line":135,"column":7}},"65":{"start":{"line":131,"column":26},"end":{"line":131,"column":47}},"66":{"start":{"line":132,"column":8},"end":{"line":132,"column":57}},"67":{"start":{"line":133,"column":8},"end":{"line":133,"column":58}},"68":{"start":{"line":134,"column":8},"end":{"line":134,"column":15}},"69":{"start":{"line":137,"column":27},"end":{"line":137,"column":48}},"70":{"start":{"line":138,"column":6},"end":{"line":138,"column":52}},"71":{"start":{"line":139,"column":6},"end":{"line":139,"column":43}},"72":{"start":{"line":141,"column":6},"end":{"line":141,"column":59}},"73":{"start":{"line":142,"column":6},"end":{"line":142,"column":61}},"74":{"start":{"line":146,"column":21},"end":{"line":148,"column":3}},"75":{"start":{"line":147,"column":4},"end":{"line":147,"column":24}},"76":{"start":{"line":150,"column":22},"end":{"line":152,"column":3}},"77":{"start":{"line":151,"column":4},"end":{"line":151,"column":31}},"78":{"start":{"line":154,"column":2},"end":{"line":159,"column":18}},"79":{"start":{"line":155,"column":4},"end":{"line":158,"column":5}},"80":{"start":{"line":157,"column":6},"end":{"line":157,"column":45}},"81":{"start":{"line":161,"column":2},"end":{"line":166,"column":25}},"82":{"start":{"line":162,"column":4},"end":{"line":165,"column":5}},"83":{"start":{"line":164,"column":6},"end":{"line":164,"column":43}},"84":{"start":{"line":169,"column":2},"end":{"line":204,"column":36}},"85":{"start":{"line":170,"column":4},"end":{"line":203,"column":5}},"86":{"start":{"line":171,"column":32},"end":{"line":173,"column":7}},"87":{"start":{"line":174,"column":36},"end":{"line":174,"column":56}},"88":{"start":{"line":176,"column":8},"end":{"line":176,"column":55}},"89":{"start":{"line":178,"column":6},"end":{"line":178,"column":36}},"90":{"start":{"line":180,"column":24},"end":{"line":196,"column":7}},"91":{"start":{"line":181,"column":8},"end":{"line":195,"column":9}},"92":{"start":{"line":182,"column":10},"end":{"line":194,"column":11}},"93":{"start":{"line":184,"column":12},"end":{"line":187,"column":13}},"94":{"start":{"line":185,"column":14},"end":{"line":185,"column":43}},"95":{"start":{"line":186,"column":14},"end":{"line":186,"column":33}},"96":{"start":{"line":190,"column":12},"end":{"line":193,"column":13}},"97":{"start":{"line":191,"column":14},"end":{"line":191,"column":44}},"98":{"start":{"line":192,"column":14},"end":{"line":192,"column":33}},"99":{"start":{"line":198,"column":6},"end":{"line":198,"column":54}},"100":{"start":{"line":200,"column":6},"end":{"line":202,"column":8}},"101":{"start":{"line":201,"column":8},"end":{"line":201,"column":59}},"102":{"start":{"line":206,"column":2},"end":{"line":342,"column":4}},"103":{"start":{"line":284,"column":33},"end":{"line":284,"column":62}},"104":{"start":{"line":331,"column":33},"end":{"line":331,"column":62}}},"fnMap":{"0":{"name":"(anonymous_0)","decl":{"start":{"line":7,"column":23},"end":{"line":7,"column":24}},"loc":{"start":{"line":7,"column":43},"end":{"line":343,"column":1}},"line":7},"1":{"name":"(anonymous_1)","decl":{"start":{"line":21,"column":36},"end":{"line":21,"column":37}},"loc":{"start":{"line":21,"column":48},"end":{"line":59,"column":3}},"line":21},"2":{"name":"(anonymous_2)","decl":{"start":{"line":46,"column":16},"end":{"line":46,"column":17}},"loc":{"start":{"line":46,"column":22},"end":{"line":48,"column":9}},"line":46},"3":{"name":"(anonymous_3)","decl":{"start":{"line":61,"column":12},"end":{"line":61,"column":13}},"loc":{"start":{"line":61,"column":18},"end":{"line":63,"column":3}},"line":61},"4":{"name":"(anonymous_4)","decl":{"start":{"line":65,"column":29},"end":{"line":65,"column":30}},"loc":{"start":{"line":65,"column":35},"end":{"line":67,"column":3}},"line":65},"5":{"name":"(anonymous_5)","decl":{"start":{"line":69,"column":30},"end":{"line":69,"column":31}},"loc":{"start":{"line":69,"column":36},"end":{"line":71,"column":3}},"line":69},"6":{"name":"(anonymous_6)","decl":{"start":{"line":73,"column":32},"end":{"line":73,"column":33}},"loc":{"start":{"line":73,"column":49},"end":{"line":108,"column":3}},"line":73},"7":{"name":"(anonymous_7)","decl":{"start":{"line":110,"column":34},"end":{"line":110,"column":35}},"loc":{"start":{"line":110,"column":51},"end":{"line":144,"column":3}},"line":110},"8":{"name":"(anonymous_8)","decl":{"start":{"line":146,"column":21},"end":{"line":146,"column":22}},"loc":{"start":{"line":146,"column":27},"end":{"line":148,"column":3}},"line":146},"9":{"name":"(anonymous_9)","decl":{"start":{"line":150,"column":22},"end":{"line":150,"column":23}},"loc":{"start":{"line":150,"column":28},"end":{"line":152,"column":3}},"line":150},"10":{"name":"(anonymous_10)","decl":{"start":{"line":154,"column":12},"end":{"line":154,"column":13}},"loc":{"start":{"line":154,"column":18},"end":{"line":159,"column":3}},"line":154},"11":{"name":"(anonymous_11)","decl":{"start":{"line":161,"column":12},"end":{"line":161,"column":13}},"loc":{"start":{"line":161,"column":18},"end":{"line":166,"column":3}},"line":161},"12":{"name":"(anonymous_12)","decl":{"start":{"line":169,"column":12},"end":{"line":169,"column":13}},"loc":{"start":{"line":169,"column":18},"end":{"line":204,"column":3}},"line":169},"13":{"name":"(anonymous_13)","decl":{"start":{"line":180,"column":24},"end":{"line":180,"column":25}},"loc":{"start":{"line":180,"column":31},"end":{"line":196,"column":7}},"line":180},"14":{"name":"(anonymous_14)","decl":{"start":{"line":200,"column":13},"end":{"line":200,"column":14}},"loc":{"start":{"line":200,"column":19},"end":{"line":202,"column":7}},"line":200},"15":{"name":"(anonymous_15)","decl":{"start":{"line":284,"column":27},"end":{"line":284,"column":28}},"loc":{"start":{"line":284,"column":33},"end":{"line":284,"column":62}},"line":284},"16":{"name":"(anonymous_16)","decl":{"start":{"line":331,"column":27},"end":{"line":331,"column":28}},"loc":{"start":{"line":331,"column":33},"end":{"line":331,"column":62}},"line":331}},"branchMap":{"0":{"loc":{"start":{"line":35,"column":6},"end":{"line":49,"column":7}},"type":"if","locations":[{"start":{"line":35,"column":6},"end":{"line":49,"column":7}},{"start":{"line":37,"column":13},"end":{"line":49,"column":7}}],"line":35},"1":{"loc":{"start":{"line":35,"column":10},"end":{"line":35,"column":38}},"type":"binary-expr","locations":[{"start":{"line":35,"column":10},"end":{"line":35,"column":19}},{"start":{"line":35,"column":23},"end":{"line":35,"column":38}}],"line":35},"2":{"loc":{"start":{"line":76,"column":4},"end":{"line":76,"column":22}},"type":"if","locations":[{"start":{"line":76,"column":4},"end":{"line":76,"column":22}},{"start":{},"end":{}}],"line":76},"3":{"loc":{"start":{"line":78,"column":4},"end":{"line":81,"column":5}},"type":"if","locations":[{"start":{"line":78,"column":4},"end":{"line":81,"column":5}},{"start":{},"end":{}}],"line":78},"4":{"loc":{"start":{"line":94,"column":6},"end":{"line":99,"column":7}},"type":"if","locations":[{"start":{"line":94,"column":6},"end":{"line":99,"column":7}},{"start":{},"end":{}}],"line":94},"5":{"loc":{"start":{"line":113,"column":4},"end":{"line":113,"column":22}},"type":"if","locations":[{"start":{"line":113,"column":4},"end":{"line":113,"column":22}},{"start":{},"end":{}}],"line":113},"6":{"loc":{"start":{"line":115,"column":4},"end":{"line":118,"column":5}},"type":"if","locations":[{"start":{"line":115,"column":4},"end":{"line":118,"column":5}},{"start":{},"end":{}}],"line":115},"7":{"loc":{"start":{"line":130,"column":6},"end":{"line":135,"column":7}},"type":"if","locations":[{"start":{"line":130,"column":6},"end":{"line":135,"column":7}},{"start":{},"end":{}}],"line":130},"8":{"loc":{"start":{"line":155,"column":4},"end":{"line":158,"column":5}},"type":"if","locations":[{"start":{"line":155,"column":4},"end":{"line":158,"column":5}},{"start":{},"end":{}}],"line":155},"9":{"loc":{"start":{"line":162,"column":4},"end":{"line":165,"column":5}},"type":"if","locations":[{"start":{"line":162,"column":4},"end":{"line":165,"column":5}},{"start":{},"end":{}}],"line":162},"10":{"loc":{"start":{"line":170,"column":4},"end":{"line":203,"column":5}},"type":"if","locations":[{"start":{"line":170,"column":4},"end":{"line":203,"column":5}},{"start":{},"end":{}}],"line":170},"11":{"loc":{"start":{"line":170,"column":8},"end":{"line":170,"column":37}},"type":"binary-expr","locations":[{"start":{"line":170,"column":8},"end":{"line":170,"column":17}},{"start":{"line":170,"column":21},"end":{"line":170,"column":37}}],"line":170},"12":{"loc":{"start":{"line":181,"column":8},"end":{"line":195,"column":9}},"type":"if","locations":[{"start":{"line":181,"column":8},"end":{"line":195,"column":9}},{"start":{},"end":{}}],"line":181},"13":{"loc":{"start":{"line":182,"column":10},"end":{"line":194,"column":11}},"type":"if","locations":[{"start":{"line":182,"column":10},"end":{"line":194,"column":11}},{"start":{"line":188,"column":17},"end":{"line":194,"column":11}}],"line":182},"14":{"loc":{"start":{"line":184,"column":12},"end":{"line":187,"column":13}},"type":"if","locations":[{"start":{"line":184,"column":12},"end":{"line":187,"column":13}},{"start":{},"end":{}}],"line":184},"15":{"loc":{"start":{"line":190,"column":12},"end":{"line":193,"column":13}},"type":"if","locations":[{"start":{"line":190,"column":12},"end":{"line":193,"column":13}},{"start":{},"end":{}}],"line":190},"16":{"loc":{"start":{"line":249,"column":7},"end":{"line":293,"column":7}},"type":"binary-expr","locations":[{"start":{"line":249,"column":7},"end":{"line":249,"column":16}},{"start":{"line":250,"column":8},"end":{"line":292,"column":14}}],"line":249},"17":{"loc":{"start":{"line":296,"column":7},"end":{"line":340,"column":7}},"type":"binary-expr","locations":[{"start":{"line":296,"column":7},"end":{"line":296,"column":23}},{"start":{"line":297,"column":8},"end":{"line":339,"column":14}}],"line":296}},"s":{"0":1,"1":2,"2":2,"3":2,"4":2,"5":2,"6":2,"7":2,"8":2,"9":2,"10":2,"11":2,"12":2,"13":2,"14":0,"15":0,"16":0,"17":0,"18":0,"19":0,"20":0,"21":2,"22":2,"23":2,"24":2,"25":2,"26":0,"27":2,"28":0,"29":2,"30":0,"31":0,"32":0,"33":0,"34":0,"35":0,"36":0,"37":0,"38":0,"39":0,"40":0,"41":0,"42":0,"43":0,"44":0,"45":0,"46":0,"47":0,"48":0,"49":0,"50":0,"51":0,"52":2,"53":0,"54":0,"55":0,"56":0,"57":0,"58":0,"59":0,"60":0,"61":0,"62":0,"63":0,"64":0,"65":0,"66":0,"67":0,"68":0,"69":0,"70":0,"71":0,"72":0,"73":0,"74":2,"75":0,"76":2,"77":0,"78":2,"79":2,"80":2,"81":2,"82":2,"83":2,"84":2,"85":2,"86":0,"87":0,"88":0,"89":0,"90":0,"91":0,"92":0,"93":0,"94":0,"95":0,"96":0,"97":0,"98":0,"99":0,"100":0,"101":0,"102":2,"103":0,"104":0},"f":{"0":2,"1":2,"2":0,"3":2,"4":0,"5":0,"6":0,"7":0,"8":0,"9":0,"10":2,"11":2,"12":2,"13":0,"14":0,"15":0,"16":0},"b":{"0":[0,0],"1":[0,0],"2":[0,0],"3":[0,0],"4":[0,0],"5":[0,0],"6":[0,0],"7":[0,0],"8":[2,0],"9":[2,0],"10":[0,2],"11":[2,2],"12":[0,0],"13":[0,0],"14":[0,0],"15":[0,0],"16":[2,0],"17":[2,0]},"_coverageSchema":"1a1c01bbd47fc00a2c39e90264f33305004495a9","hash":"c6b487ba72a6fe5c909645151d190c41601b0d31"}
,"/Users/jaijoshi/Desktop/JJ Extra Curricular/cs_projects/Cash-App-Bias-Busters/frontend/src/pages/DashboardPage/Dashboard/Dashboard.jsx": {"path":"/Users/jaijoshi/Desktop/JJ Extra Curricular/cs_projects/Cash-App-Bias-Busters/frontend/src/pages/DashboardPage/Dashboard/Dashboard.jsx","statementMap":{"0":{"start":{"line":18,"column":18},"end":{"line":548,"column":1}},"1":{"start":{"line":19,"column":27},"end":{"line":19,"column":38}},"2":{"start":{"line":20,"column":40},"end":{"line":20,"column":55}},"3":{"start":{"line":21,"column":32},"end":{"line":21,"column":47}},"4":{"start":{"line":22,"column":36},"end":{"line":22,"column":62}},"5":{"start":{"line":24,"column":34},"end":{"line":24,"column":46}},"6":{"start":{"line":26,"column":44},"end":{"line":26,"column":59}},"7":{"start":{"line":27,"column":28},"end":{"line":27,"column":40}},"8":{"start":{"line":29,"column":36},"end":{"line":29,"column":52}},"9":{"start":{"line":30,"column":42},"end":{"line":30,"column":54}},"10":{"start":{"line":32,"column":56},"end":{"line":32,"column":68}},"11":{"start":{"line":33,"column":52},"end":{"line":33,"column":64}},"12":{"start":{"line":34,"column":46},"end":{"line":34,"column":72}},"13":{"start":{"line":35,"column":22},"end":{"line":35,"column":50}},"14":{"start":{"line":35,"column":28},"end":{"line":35,"column":50}},"15":{"start":{"line":36,"column":23},"end":{"line":36,"column":52}},"16":{"start":{"line":36,"column":29},"end":{"line":36,"column":52}},"17":{"start":{"line":39,"column":4},"end":{"line":39,"column":16}},"18":{"start":{"line":40,"column":64},"end":{"line":40,"column":76}},"19":{"start":{"line":41,"column":58},"end":{"line":46,"column":4}},"20":{"start":{"line":48,"column":60},"end":{"line":48,"column":75}},"21":{"start":{"line":50,"column":19},"end":{"line":50,"column":31}},"22":{"start":{"line":52,"column":20},"end":{"line":52,"column":46}},"23":{"start":{"line":52,"column":26},"end":{"line":52,"column":46}},"24":{"start":{"line":53,"column":21},"end":{"line":53,"column":48}},"25":{"start":{"line":53,"column":27},"end":{"line":53,"column":48}},"26":{"start":{"line":55,"column":32},"end":{"line":55,"column":47}},"27":{"start":{"line":57,"column":36},"end":{"line":99,"column":3}},"28":{"start":{"line":58,"column":16},"end":{"line":58,"column":47}},"29":{"start":{"line":60,"column":4},"end":{"line":98,"column":5}},"30":{"start":{"line":61,"column":28},"end":{"line":66,"column":8}},"31":{"start":{"line":68,"column":24},"end":{"line":68,"column":50}},"32":{"start":{"line":69,"column":6},"end":{"line":69,"column":29}},"33":{"start":{"line":71,"column":6},"end":{"line":88,"column":7}},"34":{"start":{"line":72,"column":8},"end":{"line":72,"column":37}},"35":{"start":{"line":74,"column":8},"end":{"line":74,"column":24}},"36":{"start":{"line":76,"column":8},"end":{"line":87,"column":13}},"37":{"start":{"line":86,"column":12},"end":{"line":86,"column":39}},"38":{"start":{"line":90,"column":6},"end":{"line":90,"column":52}},"39":{"start":{"line":93,"column":6},"end":{"line":97,"column":9}},"40":{"start":{"line":101,"column":2},"end":{"line":103,"column":9}},"41":{"start":{"line":102,"column":4},"end":{"line":102,"column":32}},"42":{"start":{"line":105,"column":2},"end":{"line":107,"column":9}},"43":{"start":{"line":106,"column":4},"end":{"line":106,"column":21}},"44":{"start":{"line":109,"column":2},"end":{"line":157,"column":17}},"45":{"start":{"line":110,"column":25},"end":{"line":152,"column":5}},"46":{"start":{"line":111,"column":6},"end":{"line":151,"column":7}},"47":{"start":{"line":112,"column":25},"end":{"line":117,"column":9}},"48":{"start":{"line":119,"column":8},"end":{"line":145,"column":9}},"49":{"start":{"line":125,"column":10},"end":{"line":125,"column":55}},"50":{"start":{"line":127,"column":10},"end":{"line":132,"column":11}},"51":{"start":{"line":128,"column":12},"end":{"line":128,"column":66}},"52":{"start":{"line":129,"column":12},"end":{"line":131,"column":14}},"53":{"start":{"line":134,"column":10},"end":{"line":142,"column":11}},"54":{"start":{"line":138,"column":12},"end":{"line":138,"column":72}},"55":{"start":{"line":139,"column":12},"end":{"line":141,"column":14}},"56":{"start":{"line":144,"column":10},"end":{"line":144,"column":43}},"57":{"start":{"line":147,"column":8},"end":{"line":147,"column":62}},"58":{"start":{"line":149,"column":8},"end":{"line":149,"column":61}},"59":{"start":{"line":150,"column":8},"end":{"line":150,"column":39}},"60":{"start":{"line":153,"column":4},"end":{"line":153,"column":72}},"61":{"start":{"line":154,"column":4},"end":{"line":156,"column":5}},"62":{"start":{"line":155,"column":6},"end":{"line":155,"column":21}},"63":{"start":{"line":159,"column":2},"end":{"line":182,"column":30}},"64":{"start":{"line":160,"column":4},"end":{"line":181,"column":5}},"65":{"start":{"line":167,"column":6},"end":{"line":172,"column":8}},"66":{"start":{"line":173,"column":6},"end":{"line":178,"column":8}},"67":{"start":{"line":179,"column":6},"end":{"line":179,"column":60}},"68":{"start":{"line":180,"column":6},"end":{"line":180,"column":23}},"69":{"start":{"line":184,"column":2},"end":{"line":238,"column":30}},"70":{"start":{"line":185,"column":30},"end":{"line":231,"column":5}},"71":{"start":{"line":186,"column":6},"end":{"line":186,"column":66}},"72":{"start":{"line":189,"column":6},"end":{"line":230,"column":7}},"73":{"start":{"line":190,"column":8},"end":{"line":229,"column":9}},"74":{"start":{"line":191,"column":27},"end":{"line":193,"column":12}},"75":{"start":{"line":196,"column":10},"end":{"line":218,"column":11}},"76":{"start":{"line":197,"column":12},"end":{"line":197,"column":42}},"77":{"start":{"line":200,"column":12},"end":{"line":217,"column":13}},"78":{"start":{"line":201,"column":14},"end":{"line":203,"column":16}},"79":{"start":{"line":204,"column":14},"end":{"line":213,"column":15}},"80":{"start":{"line":205,"column":16},"end":{"line":208,"column":18}},"81":{"start":{"line":206,"column":24},"end":{"line":206,"column":65}},"82":{"start":{"line":210,"column":16},"end":{"line":212,"column":18}},"83":{"start":{"line":215,"column":14},"end":{"line":215,"column":66}},"84":{"start":{"line":216,"column":14},"end":{"line":216,"column":45}},"85":{"start":{"line":220,"column":10},"end":{"line":220,"column":60}},"86":{"start":{"line":223,"column":10},"end":{"line":228,"column":11}},"87":{"start":{"line":224,"column":12},"end":{"line":224,"column":65}},"88":{"start":{"line":225,"column":12},"end":{"line":225,"column":79}},"89":{"start":{"line":225,"column":29},"end":{"line":225,"column":70}},"90":{"start":{"line":227,"column":12},"end":{"line":227,"column":76}},"91":{"start":{"line":233,"column":18},"end":{"line":235,"column":11}},"92":{"start":{"line":234,"column":6},"end":{"line":234,"column":26}},"93":{"start":{"line":237,"column":4},"end":{"line":237,"column":37}},"94":{"start":{"line":237,"column":17},"end":{"line":237,"column":36}},"95":{"start":{"line":240,"column":22},"end":{"line":285,"column":3}},"96":{"start":{"line":241,"column":4},"end":{"line":241,"column":79}},"97":{"start":{"line":244,"column":4},"end":{"line":284,"column":5}},"98":{"start":{"line":245,"column":6},"end":{"line":245,"column":31}},"99":{"start":{"line":246,"column":6},"end":{"line":283,"column":7}},"100":{"start":{"line":247,"column":25},"end":{"line":253,"column":9}},"101":{"start":{"line":256,"column":8},"end":{"line":272,"column":9}},"102":{"start":{"line":257,"column":10},"end":{"line":257,"column":40}},"103":{"start":{"line":260,"column":10},"end":{"line":271,"column":11}},"104":{"start":{"line":261,"column":12},"end":{"line":261,"column":60}},"105":{"start":{"line":262,"column":12},"end":{"line":267,"column":13}},"106":{"start":{"line":264,"column":14},"end":{"line":264,"column":75}},"107":{"start":{"line":264,"column":31},"end":{"line":264,"column":66}},"108":{"start":{"line":266,"column":14},"end":{"line":266,"column":74}},"109":{"start":{"line":269,"column":12},"end":{"line":269,"column":58}},"110":{"start":{"line":270,"column":12},"end":{"line":270,"column":48}},"111":{"start":{"line":274,"column":8},"end":{"line":274,"column":52}},"112":{"start":{"line":277,"column":8},"end":{"line":282,"column":9}},"113":{"start":{"line":278,"column":10},"end":{"line":278,"column":63}},"114":{"start":{"line":279,"column":10},"end":{"line":279,"column":71}},"115":{"start":{"line":279,"column":27},"end":{"line":279,"column":62}},"116":{"start":{"line":281,"column":10},"end":{"line":281,"column":68}},"117":{"start":{"line":287,"column":2},"end":{"line":295,"column":28}},"118":{"start":{"line":288,"column":18},"end":{"line":292,"column":11}},"119":{"start":{"line":289,"column":6},"end":{"line":291,"column":7}},"120":{"start":{"line":290,"column":8},"end":{"line":290,"column":22}},"121":{"start":{"line":294,"column":4},"end":{"line":294,"column":37}},"122":{"start":{"line":294,"column":17},"end":{"line":294,"column":36}},"123":{"start":{"line":297,"column":28},"end":{"line":355,"column":3}},"124":{"start":{"line":298,"column":4},"end":{"line":302,"column":7}},"125":{"start":{"line":305,"column":4},"end":{"line":354,"column":5}},"126":{"start":{"line":306,"column":6},"end":{"line":306,"column":37}},"127":{"start":{"line":307,"column":6},"end":{"line":353,"column":7}},"128":{"start":{"line":308,"column":25},"end":{"line":314,"column":9}},"129":{"start":{"line":317,"column":8},"end":{"line":340,"column":9}},"130":{"start":{"line":318,"column":10},"end":{"line":318,"column":40}},"131":{"start":{"line":321,"column":10},"end":{"line":339,"column":11}},"132":{"start":{"line":322,"column":12},"end":{"line":324,"column":14}},"133":{"start":{"line":325,"column":12},"end":{"line":335,"column":13}},"134":{"start":{"line":327,"column":14},"end":{"line":330,"column":16}},"135":{"start":{"line":328,"column":22},"end":{"line":328,"column":63}},"136":{"start":{"line":332,"column":14},"end":{"line":334,"column":16}},"137":{"start":{"line":337,"column":12},"end":{"line":337,"column":77}},"138":{"start":{"line":338,"column":12},"end":{"line":338,"column":54}},"139":{"start":{"line":342,"column":8},"end":{"line":342,"column":71}},"140":{"start":{"line":345,"column":8},"end":{"line":352,"column":9}},"141":{"start":{"line":346,"column":10},"end":{"line":346,"column":63}},"142":{"start":{"line":347,"column":10},"end":{"line":347,"column":77}},"143":{"start":{"line":347,"column":27},"end":{"line":347,"column":68}},"144":{"start":{"line":349,"column":10},"end":{"line":351,"column":12}},"145":{"start":{"line":357,"column":2},"end":{"line":365,"column":34}},"146":{"start":{"line":358,"column":18},"end":{"line":362,"column":11}},"147":{"start":{"line":359,"column":6},"end":{"line":361,"column":7}},"148":{"start":{"line":360,"column":8},"end":{"line":360,"column":28}},"149":{"start":{"line":364,"column":4},"end":{"line":364,"column":37}},"150":{"start":{"line":364,"column":17},"end":{"line":364,"column":36}},"151":{"start":{"line":367,"column":34},"end":{"line":385,"column":3}},"152":{"start":{"line":368,"column":4},"end":{"line":382,"column":5}},"153":{"start":{"line":369,"column":6},"end":{"line":369,"column":33}},"154":{"start":{"line":370,"column":6},"end":{"line":370,"column":42}},"155":{"start":{"line":372,"column":6},"end":{"line":372,"column":39}},"156":{"start":{"line":373,"column":6},"end":{"line":373,"column":48}},"157":{"start":{"line":374,"column":6},"end":{"line":374,"column":13}},"158":{"start":{"line":375,"column":11},"end":{"line":382,"column":5}},"159":{"start":{"line":376,"column":6},"end":{"line":376,"column":49}},"160":{"start":{"line":377,"column":6},"end":{"line":377,"column":42}},"161":{"start":{"line":379,"column":6},"end":{"line":379,"column":39}},"162":{"start":{"line":380,"column":6},"end":{"line":380,"column":48}},"163":{"start":{"line":381,"column":6},"end":{"line":381,"column":13}},"164":{"start":{"line":383,"column":4},"end":{"line":383,"column":47}},"165":{"start":{"line":384,"column":4},"end":{"line":384,"column":40}},"166":{"start":{"line":387,"column":40},"end":{"line":390,"column":3}},"167":{"start":{"line":388,"column":4},"end":{"line":388,"column":53}},"168":{"start":{"line":389,"column":4},"end":{"line":389,"column":46}},"169":{"start":{"line":392,"column":28},"end":{"line":402,"column":3}},"170":{"start":{"line":393,"column":4},"end":{"line":401,"column":5}},"171":{"start":{"line":394,"column":24},"end":{"line":394,"column":49}},"172":{"start":{"line":395,"column":6},"end":{"line":395,"column":44}},"173":{"start":{"line":396,"column":6},"end":{"line":396,"column":41}},"174":{"start":{"line":398,"column":24},"end":{"line":398,"column":43}},"175":{"start":{"line":399,"column":6},"end":{"line":399,"column":44}},"176":{"start":{"line":400,"column":6},"end":{"line":400,"column":35}},"177":{"start":{"line":404,"column":32},"end":{"line":406,"column":3}},"178":{"start":{"line":405,"column":4},"end":{"line":405,"column":45}},"179":{"start":{"line":408,"column":25},"end":{"line":412,"column":3}},"180":{"start":{"line":409,"column":4},"end":{"line":411,"column":5}},"181":{"start":{"line":410,"column":6},"end":{"line":410,"column":39}},"182":{"start":{"line":414,"column":25},"end":{"line":464,"column":3}},"183":{"start":{"line":415,"column":4},"end":{"line":420,"column":5}},"184":{"start":{"line":416,"column":6},"end":{"line":418,"column":8}},"185":{"start":{"line":419,"column":6},"end":{"line":419,"column":13}},"186":{"start":{"line":422,"column":4},"end":{"line":425,"column":5}},"187":{"start":{"line":423,"column":6},"end":{"line":423,"column":91}},"188":{"start":{"line":424,"column":6},"end":{"line":424,"column":13}},"189":{"start":{"line":427,"column":4},"end":{"line":427,"column":21}},"190":{"start":{"line":429,"column":22},"end":{"line":461,"column":5}},"191":{"start":{"line":430,"column":6},"end":{"line":460,"column":7}},"192":{"start":{"line":431,"column":25},"end":{"line":439,"column":10}},"193":{"start":{"line":441,"column":8},"end":{"line":441,"column":54}},"194":{"start":{"line":442,"column":8},"end":{"line":447,"column":9}},"195":{"start":{"line":443,"column":10},"end":{"line":445,"column":12}},"196":{"start":{"line":446,"column":10},"end":{"line":446,"column":17}},"197":{"start":{"line":448,"column":8},"end":{"line":448,"column":36}},"198":{"start":{"line":450,"column":8},"end":{"line":450,"column":53}},"199":{"start":{"line":452,"column":8},"end":{"line":457,"column":9}},"200":{"start":{"line":453,"column":10},"end":{"line":453,"column":63}},"201":{"start":{"line":454,"column":10},"end":{"line":454,"column":69}},"202":{"start":{"line":454,"column":27},"end":{"line":454,"column":60}},"203":{"start":{"line":456,"column":10},"end":{"line":456,"column":90}},"204":{"start":{"line":459,"column":8},"end":{"line":459,"column":26}},"205":{"start":{"line":463,"column":4},"end":{"line":463,"column":16}},"206":{"start":{"line":467,"column":19},"end":{"line":477,"column":3}},"207":{"start":{"line":468,"column":28},"end":{"line":468,"column":37}},"208":{"start":{"line":470,"column":4},"end":{"line":475,"column":5}},"209":{"start":{"line":471,"column":29},"end":{"line":471,"column":46}},"210":{"start":{"line":472,"column":6},"end":{"line":474,"column":7}},"211":{"start":{"line":473,"column":8},"end":{"line":473,"column":43}},"212":{"start":{"line":476,"column":4},"end":{"line":476,"column":29}},"213":{"start":{"line":479,"column":2},"end":{"line":547,"column":4}}},"fnMap":{"0":{"name":"(anonymous_0)","decl":{"start":{"line":18,"column":18},"end":{"line":18,"column":19}},"loc":{"start":{"line":18,"column":24},"end":{"line":548,"column":1}},"line":18},"1":{"name":"(anonymous_1)","decl":{"start":{"line":35,"column":22},"end":{"line":35,"column":23}},"loc":{"start":{"line":35,"column":28},"end":{"line":35,"column":50}},"line":35},"2":{"name":"(anonymous_2)","decl":{"start":{"line":36,"column":23},"end":{"line":36,"column":24}},"loc":{"start":{"line":36,"column":29},"end":{"line":36,"column":52}},"line":36},"3":{"name":"(anonymous_3)","decl":{"start":{"line":52,"column":20},"end":{"line":52,"column":21}},"loc":{"start":{"line":52,"column":26},"end":{"line":52,"column":46}},"line":52},"4":{"name":"(anonymous_4)","decl":{"start":{"line":53,"column":21},"end":{"line":53,"column":22}},"loc":{"start":{"line":53,"column":27},"end":{"line":53,"column":48}},"line":53},"5":{"name":"(anonymous_5)","decl":{"start":{"line":57,"column":36},"end":{"line":57,"column":37}},"loc":{"start":{"line":57,"column":48},"end":{"line":99,"column":3}},"line":57},"6":{"name":"(anonymous_6)","decl":{"start":{"line":85,"column":16},"end":{"line":85,"column":17}},"loc":{"start":{"line":85,"column":22},"end":{"line":87,"column":11}},"line":85},"7":{"name":"(anonymous_7)","decl":{"start":{"line":101,"column":12},"end":{"line":101,"column":13}},"loc":{"start":{"line":101,"column":18},"end":{"line":103,"column":3}},"line":101},"8":{"name":"(anonymous_8)","decl":{"start":{"line":105,"column":12},"end":{"line":105,"column":13}},"loc":{"start":{"line":105,"column":18},"end":{"line":107,"column":3}},"line":105},"9":{"name":"(anonymous_9)","decl":{"start":{"line":109,"column":12},"end":{"line":109,"column":13}},"loc":{"start":{"line":109,"column":18},"end":{"line":157,"column":3}},"line":109},"10":{"name":"(anonymous_10)","decl":{"start":{"line":110,"column":25},"end":{"line":110,"column":26}},"loc":{"start":{"line":110,"column":37},"end":{"line":152,"column":5}},"line":110},"11":{"name":"(anonymous_11)","decl":{"start":{"line":159,"column":12},"end":{"line":159,"column":13}},"loc":{"start":{"line":159,"column":18},"end":{"line":182,"column":3}},"line":159},"12":{"name":"(anonymous_12)","decl":{"start":{"line":184,"column":12},"end":{"line":184,"column":13}},"loc":{"start":{"line":184,"column":18},"end":{"line":238,"column":3}},"line":184},"13":{"name":"(anonymous_13)","decl":{"start":{"line":185,"column":30},"end":{"line":185,"column":31}},"loc":{"start":{"line":185,"column":67},"end":{"line":231,"column":5}},"line":185},"14":{"name":"(anonymous_14)","decl":{"start":{"line":206,"column":18},"end":{"line":206,"column":19}},"loc":{"start":{"line":206,"column":24},"end":{"line":206,"column":65}},"line":206},"15":{"name":"(anonymous_15)","decl":{"start":{"line":225,"column":23},"end":{"line":225,"column":24}},"loc":{"start":{"line":225,"column":29},"end":{"line":225,"column":70}},"line":225},"16":{"name":"(anonymous_16)","decl":{"start":{"line":233,"column":29},"end":{"line":233,"column":30}},"loc":{"start":{"line":233,"column":35},"end":{"line":235,"column":5}},"line":233},"17":{"name":"(anonymous_17)","decl":{"start":{"line":237,"column":11},"end":{"line":237,"column":12}},"loc":{"start":{"line":237,"column":17},"end":{"line":237,"column":36}},"line":237},"18":{"name":"(anonymous_18)","decl":{"start":{"line":240,"column":22},"end":{"line":240,"column":23}},"loc":{"start":{"line":240,"column":59},"end":{"line":285,"column":3}},"line":240},"19":{"name":"(anonymous_19)","decl":{"start":{"line":264,"column":25},"end":{"line":264,"column":26}},"loc":{"start":{"line":264,"column":31},"end":{"line":264,"column":66}},"line":264},"20":{"name":"(anonymous_20)","decl":{"start":{"line":279,"column":21},"end":{"line":279,"column":22}},"loc":{"start":{"line":279,"column":27},"end":{"line":279,"column":62}},"line":279},"21":{"name":"(anonymous_21)","decl":{"start":{"line":287,"column":12},"end":{"line":287,"column":13}},"loc":{"start":{"line":287,"column":18},"end":{"line":295,"column":3}},"line":287},"22":{"name":"(anonymous_22)","decl":{"start":{"line":288,"column":29},"end":{"line":288,"column":30}},"loc":{"start":{"line":288,"column":35},"end":{"line":292,"column":5}},"line":288},"23":{"name":"(anonymous_23)","decl":{"start":{"line":294,"column":11},"end":{"line":294,"column":12}},"loc":{"start":{"line":294,"column":17},"end":{"line":294,"column":36}},"line":294},"24":{"name":"(anonymous_24)","decl":{"start":{"line":297,"column":28},"end":{"line":297,"column":29}},"loc":{"start":{"line":297,"column":65},"end":{"line":355,"column":3}},"line":297},"25":{"name":"(anonymous_25)","decl":{"start":{"line":328,"column":16},"end":{"line":328,"column":17}},"loc":{"start":{"line":328,"column":22},"end":{"line":328,"column":63}},"line":328},"26":{"name":"(anonymous_26)","decl":{"start":{"line":347,"column":21},"end":{"line":347,"column":22}},"loc":{"start":{"line":347,"column":27},"end":{"line":347,"column":68}},"line":347},"27":{"name":"(anonymous_27)","decl":{"start":{"line":357,"column":12},"end":{"line":357,"column":13}},"loc":{"start":{"line":357,"column":18},"end":{"line":365,"column":3}},"line":357},"28":{"name":"(anonymous_28)","decl":{"start":{"line":358,"column":29},"end":{"line":358,"column":30}},"loc":{"start":{"line":358,"column":35},"end":{"line":362,"column":5}},"line":358},"29":{"name":"(anonymous_29)","decl":{"start":{"line":364,"column":11},"end":{"line":364,"column":12}},"loc":{"start":{"line":364,"column":17},"end":{"line":364,"column":36}},"line":364},"30":{"name":"(anonymous_30)","decl":{"start":{"line":367,"column":34},"end":{"line":367,"column":35}},"loc":{"start":{"line":367,"column":45},"end":{"line":385,"column":3}},"line":367},"31":{"name":"(anonymous_31)","decl":{"start":{"line":387,"column":40},"end":{"line":387,"column":41}},"loc":{"start":{"line":387,"column":51},"end":{"line":390,"column":3}},"line":387},"32":{"name":"(anonymous_32)","decl":{"start":{"line":392,"column":28},"end":{"line":392,"column":29}},"loc":{"start":{"line":392,"column":64},"end":{"line":402,"column":3}},"line":392},"33":{"name":"(anonymous_33)","decl":{"start":{"line":404,"column":32},"end":{"line":404,"column":33}},"loc":{"start":{"line":404,"column":50},"end":{"line":406,"column":3}},"line":404},"34":{"name":"(anonymous_34)","decl":{"start":{"line":408,"column":25},"end":{"line":408,"column":26}},"loc":{"start":{"line":408,"column":31},"end":{"line":412,"column":3}},"line":408},"35":{"name":"(anonymous_35)","decl":{"start":{"line":414,"column":25},"end":{"line":414,"column":26}},"loc":{"start":{"line":414,"column":31},"end":{"line":464,"column":3}},"line":414},"36":{"name":"(anonymous_36)","decl":{"start":{"line":429,"column":22},"end":{"line":429,"column":23}},"loc":{"start":{"line":429,"column":59},"end":{"line":461,"column":5}},"line":429},"37":{"name":"(anonymous_37)","decl":{"start":{"line":454,"column":21},"end":{"line":454,"column":22}},"loc":{"start":{"line":454,"column":27},"end":{"line":454,"column":60}},"line":454},"38":{"name":"(anonymous_38)","decl":{"start":{"line":467,"column":19},"end":{"line":467,"column":20}},"loc":{"start":{"line":467,"column":25},"end":{"line":477,"column":3}},"line":467}},"branchMap":{"0":{"loc":{"start":{"line":71,"column":6},"end":{"line":88,"column":7}},"type":"if","locations":[{"start":{"line":71,"column":6},"end":{"line":88,"column":7}},{"start":{"line":73,"column":13},"end":{"line":88,"column":7}}],"line":71},"1":{"loc":{"start":{"line":71,"column":10},"end":{"line":71,"column":38}},"type":"binary-expr","locations":[{"start":{"line":71,"column":10},"end":{"line":71,"column":19}},{"start":{"line":71,"column":23},"end":{"line":71,"column":38}}],"line":71},"2":{"loc":{"start":{"line":119,"column":8},"end":{"line":145,"column":9}},"type":"if","locations":[{"start":{"line":119,"column":8},"end":{"line":145,"column":9}},{"start":{},"end":{}}],"line":119},"3":{"loc":{"start":{"line":120,"column":10},"end":{"line":123,"column":28}},"type":"binary-expr","locations":[{"start":{"line":120,"column":10},"end":{"line":120,"column":23}},{"start":{"line":121,"column":10},"end":{"line":121,"column":36}},{"start":{"line":122,"column":10},"end":{"line":122,"column":31}},{"start":{"line":123,"column":10},"end":{"line":123,"column":28}}],"line":120},"4":{"loc":{"start":{"line":127,"column":10},"end":{"line":132,"column":11}},"type":"if","locations":[{"start":{"line":127,"column":10},"end":{"line":132,"column":11}},{"start":{},"end":{}}],"line":127},"5":{"loc":{"start":{"line":134,"column":10},"end":{"line":142,"column":11}},"type":"if","locations":[{"start":{"line":134,"column":10},"end":{"line":142,"column":11}},{"start":{},"end":{}}],"line":134},"6":{"loc":{"start":{"line":135,"column":12},"end":{"line":136,"column":47}},"type":"binary-expr","locations":[{"start":{"line":135,"column":12},"end":{"line":135,"column":47}},{"start":{"line":136,"column":12},"end":{"line":136,"column":47}}],"line":135},"7":{"loc":{"start":{"line":154,"column":4},"end":{"line":156,"column":5}},"type":"if","locations":[{"start":{"line":154,"column":4},"end":{"line":156,"column":5}},{"start":{},"end":{}}],"line":154},"8":{"loc":{"start":{"line":154,"column":8},"end":{"line":154,"column":42}},"type":"binary-expr","locations":[{"start":{"line":154,"column":8},"end":{"line":154,"column":16}},{"start":{"line":154,"column":20},"end":{"line":154,"column":42}}],"line":154},"9":{"loc":{"start":{"line":160,"column":4},"end":{"line":181,"column":5}},"type":"if","locations":[{"start":{"line":160,"column":4},"end":{"line":181,"column":5}},{"start":{},"end":{}}],"line":160},"10":{"loc":{"start":{"line":161,"column":6},"end":{"line":165,"column":15}},"type":"binary-expr","locations":[{"start":{"line":161,"column":6},"end":{"line":161,"column":14}},{"start":{"line":162,"column":6},"end":{"line":162,"column":27}},{"start":{"line":163,"column":6},"end":{"line":163,"column":25}},{"start":{"line":164,"column":6},"end":{"line":164,"column":31}},{"start":{"line":165,"column":6},"end":{"line":165,"column":15}}],"line":161},"11":{"loc":{"start":{"line":185,"column":37},"end":{"line":185,"column":48}},"type":"default-arg","locations":[{"start":{"line":185,"column":47},"end":{"line":185,"column":48}}],"line":185},"12":{"loc":{"start":{"line":185,"column":50},"end":{"line":185,"column":62}},"type":"default-arg","locations":[{"start":{"line":185,"column":58},"end":{"line":185,"column":62}}],"line":185},"13":{"loc":{"start":{"line":189,"column":6},"end":{"line":230,"column":7}},"type":"if","locations":[{"start":{"line":189,"column":6},"end":{"line":230,"column":7}},{"start":{},"end":{}}],"line":189},"14":{"loc":{"start":{"line":196,"column":10},"end":{"line":218,"column":11}},"type":"if","locations":[{"start":{"line":196,"column":10},"end":{"line":218,"column":11}},{"start":{"line":198,"column":17},"end":{"line":218,"column":11}}],"line":196},"15":{"loc":{"start":{"line":200,"column":12},"end":{"line":217,"column":13}},"type":"if","locations":[{"start":{"line":200,"column":12},"end":{"line":217,"column":13}},{"start":{"line":214,"column":19},"end":{"line":217,"column":13}}],"line":200},"16":{"loc":{"start":{"line":200,"column":16},"end":{"line":200,"column":74}},"type":"binary-expr","locations":[{"start":{"line":200,"column":16},"end":{"line":200,"column":44}},{"start":{"line":200,"column":48},"end":{"line":200,"column":74}}],"line":200},"17":{"loc":{"start":{"line":204,"column":14},"end":{"line":213,"column":15}},"type":"if","locations":[{"start":{"line":204,"column":14},"end":{"line":213,"column":15}},{"start":{"line":209,"column":21},"end":{"line":213,"column":15}}],"line":204},"18":{"loc":{"start":{"line":223,"column":10},"end":{"line":228,"column":11}},"type":"if","locations":[{"start":{"line":223,"column":10},"end":{"line":228,"column":11}},{"start":{"line":226,"column":17},"end":{"line":228,"column":11}}],"line":223},"19":{"loc":{"start":{"line":240,"column":29},"end":{"line":240,"column":40}},"type":"default-arg","locations":[{"start":{"line":240,"column":39},"end":{"line":240,"column":40}}],"line":240},"20":{"loc":{"start":{"line":240,"column":42},"end":{"line":240,"column":54}},"type":"default-arg","locations":[{"start":{"line":240,"column":50},"end":{"line":240,"column":54}}],"line":240},"21":{"loc":{"start":{"line":244,"column":4},"end":{"line":284,"column":5}},"type":"if","locations":[{"start":{"line":244,"column":4},"end":{"line":284,"column":5}},{"start":{},"end":{}}],"line":244},"22":{"loc":{"start":{"line":244,"column":8},"end":{"line":244,"column":39}},"type":"binary-expr","locations":[{"start":{"line":244,"column":8},"end":{"line":244,"column":27}},{"start":{"line":244,"column":31},"end":{"line":244,"column":39}}],"line":244},"23":{"loc":{"start":{"line":256,"column":8},"end":{"line":272,"column":9}},"type":"if","locations":[{"start":{"line":256,"column":8},"end":{"line":272,"column":9}},{"start":{"line":258,"column":15},"end":{"line":272,"column":9}}],"line":256},"24":{"loc":{"start":{"line":260,"column":10},"end":{"line":271,"column":11}},"type":"if","locations":[{"start":{"line":260,"column":10},"end":{"line":271,"column":11}},{"start":{"line":268,"column":17},"end":{"line":271,"column":11}}],"line":260},"25":{"loc":{"start":{"line":260,"column":14},"end":{"line":260,"column":72}},"type":"binary-expr","locations":[{"start":{"line":260,"column":14},"end":{"line":260,"column":42}},{"start":{"line":260,"column":46},"end":{"line":260,"column":72}}],"line":260},"26":{"loc":{"start":{"line":262,"column":12},"end":{"line":267,"column":13}},"type":"if","locations":[{"start":{"line":262,"column":12},"end":{"line":267,"column":13}},{"start":{"line":265,"column":19},"end":{"line":267,"column":13}}],"line":262},"27":{"loc":{"start":{"line":277,"column":8},"end":{"line":282,"column":9}},"type":"if","locations":[{"start":{"line":277,"column":8},"end":{"line":282,"column":9}},{"start":{"line":280,"column":15},"end":{"line":282,"column":9}}],"line":277},"28":{"loc":{"start":{"line":289,"column":6},"end":{"line":291,"column":7}},"type":"if","locations":[{"start":{"line":289,"column":6},"end":{"line":291,"column":7}},{"start":{},"end":{}}],"line":289},"29":{"loc":{"start":{"line":297,"column":35},"end":{"line":297,"column":46}},"type":"default-arg","locations":[{"start":{"line":297,"column":45},"end":{"line":297,"column":46}}],"line":297},"30":{"loc":{"start":{"line":297,"column":48},"end":{"line":297,"column":60}},"type":"default-arg","locations":[{"start":{"line":297,"column":56},"end":{"line":297,"column":60}}],"line":297},"31":{"loc":{"start":{"line":305,"column":4},"end":{"line":354,"column":5}},"type":"if","locations":[{"start":{"line":305,"column":4},"end":{"line":354,"column":5}},{"start":{},"end":{}}],"line":305},"32":{"loc":{"start":{"line":305,"column":8},"end":{"line":305,"column":45}},"type":"binary-expr","locations":[{"start":{"line":305,"column":8},"end":{"line":305,"column":33}},{"start":{"line":305,"column":37},"end":{"line":305,"column":45}}],"line":305},"33":{"loc":{"start":{"line":317,"column":8},"end":{"line":340,"column":9}},"type":"if","locations":[{"start":{"line":317,"column":8},"end":{"line":340,"column":9}},{"start":{"line":319,"column":15},"end":{"line":340,"column":9}}],"line":317},"34":{"loc":{"start":{"line":321,"column":10},"end":{"line":339,"column":11}},"type":"if","locations":[{"start":{"line":321,"column":10},"end":{"line":339,"column":11}},{"start":{"line":336,"column":17},"end":{"line":339,"column":11}}],"line":321},"35":{"loc":{"start":{"line":321,"column":14},"end":{"line":321,"column":72}},"type":"binary-expr","locations":[{"start":{"line":321,"column":14},"end":{"line":321,"column":42}},{"start":{"line":321,"column":46},"end":{"line":321,"column":72}}],"line":321},"36":{"loc":{"start":{"line":325,"column":12},"end":{"line":335,"column":13}},"type":"if","locations":[{"start":{"line":325,"column":12},"end":{"line":335,"column":13}},{"start":{"line":331,"column":19},"end":{"line":335,"column":13}}],"line":325},"37":{"loc":{"start":{"line":345,"column":8},"end":{"line":352,"column":9}},"type":"if","locations":[{"start":{"line":345,"column":8},"end":{"line":352,"column":9}},{"start":{"line":348,"column":15},"end":{"line":352,"column":9}}],"line":345},"38":{"loc":{"start":{"line":359,"column":6},"end":{"line":361,"column":7}},"type":"if","locations":[{"start":{"line":359,"column":6},"end":{"line":361,"column":7}},{"start":{},"end":{}}],"line":359},"39":{"loc":{"start":{"line":359,"column":10},"end":{"line":359,"column":58}},"type":"binary-expr","locations":[{"start":{"line":359,"column":10},"end":{"line":359,"column":29}},{"start":{"line":359,"column":33},"end":{"line":359,"column":58}}],"line":359},"40":{"loc":{"start":{"line":368,"column":4},"end":{"line":382,"column":5}},"type":"if","locations":[{"start":{"line":368,"column":4},"end":{"line":382,"column":5}},{"start":{"line":375,"column":11},"end":{"line":382,"column":5}}],"line":368},"41":{"loc":{"start":{"line":375,"column":11},"end":{"line":382,"column":5}},"type":"if","locations":[{"start":{"line":375,"column":11},"end":{"line":382,"column":5}},{"start":{},"end":{}}],"line":375},"42":{"loc":{"start":{"line":392,"column":43},"end":{"line":392,"column":59}},"type":"default-arg","locations":[{"start":{"line":392,"column":54},"end":{"line":392,"column":59}}],"line":392},
[...]
ne":85,"column":63}},"46":{"start":{"line":88,"column":21},"end":{"line":98,"column":5}},"47":{"start":{"line":89,"column":32},"end":{"line":89,"column":41}},"48":{"start":{"line":91,"column":8},"end":{"line":96,"column":9}},"49":{"start":{"line":92,"column":35},"end":{"line":92,"column":52}},"50":{"start":{"line":93,"column":12},"end":{"line":95,"column":13}},"51":{"start":{"line":94,"column":16},"end":{"line":94,"column":51}},"52":{"start":{"line":97,"column":8},"end":{"line":97,"column":33}},"53":{"start":{"line":100,"column":4},"end":{"line":169,"column":6}},"54":{"start":{"line":147,"column":48},"end":{"line":147,"column":76}},"55":{"start":{"line":159,"column":48},"end":{"line":159,"column":76}}},"fnMap":{"0":{"name":"(anonymous_0)","decl":{"start":{"line":8,"column":18},"end":{"line":8,"column":19}},"loc":{"start":{"line":8,"column":24},"end":{"line":171,"column":1}},"line":8},"1":{"name":"(anonymous_1)","decl":{"start":{"line":13,"column":14},"end":{"line":13,"column":15}},"loc":{"start":{"line":13,"column":20},"end":{"line":25,"column":5}},"line":13},"2":{"name":"(anonymous_2)","decl":{"start":{"line":20,"column":15},"end":{"line":20,"column":16}},"loc":{"start":{"line":20,"column":21},"end":{"line":24,"column":9}},"line":20},"3":{"name":"(anonymous_3)","decl":{"start":{"line":33,"column":14},"end":{"line":33,"column":15}},"loc":{"start":{"line":33,"column":20},"end":{"line":72,"column":5}},"line":33},"4":{"name":"(anonymous_4)","decl":{"start":{"line":39,"column":22},"end":{"line":39,"column":23}},"loc":{"start":{"line":39,"column":36},"end":{"line":44,"column":17}},"line":39},"5":{"name":"(anonymous_5)","decl":{"start":{"line":45,"column":22},"end":{"line":45,"column":23}},"loc":{"start":{"line":45,"column":32},"end":{"line":63,"column":17}},"line":45},"6":{"name":"(anonymous_6)","decl":{"start":{"line":64,"column":23},"end":{"line":64,"column":24}},"loc":{"start":{"line":64,"column":34},"end":{"line":67,"column":17}},"line":64},"7":{"name":"(anonymous_7)","decl":{"start":{"line":74,"column":33},"end":{"line":74,"column":34}},"loc":{"start":{"line":74,"column":43},"end":{"line":86,"column":5}},"line":74},"8":{"name":"(anonymous_8)","decl":{"start":{"line":80,"column":42},"end":{"line":80,"column":43}},"loc":{"start":{"line":80,"column":57},"end":{"line":80,"column":76}},"line":80},"9":{"name":"(anonymous_9)","decl":{"start":{"line":88,"column":21},"end":{"line":88,"column":22}},"loc":{"start":{"line":88,"column":27},"end":{"line":98,"column":5}},"line":88},"10":{"name":"(anonymous_10)","decl":{"start":{"line":146,"column":68},"end":{"line":146,"column":69}},"loc":{"start":{"line":147,"column":48},"end":{"line":147,"column":76}},"line":147},"11":{"name":"(anonymous_11)","decl":{"start":{"line":158,"column":74},"end":{"line":158,"column":75}},"loc":{"start":{"line":159,"column":48},"end":{"line":159,"column":76}},"line":159}},"branchMap":{"0":{"loc":{"start":{"line":34,"column":8},"end":{"line":71,"column":9}},"type":"if","locations":[{"start":{"line":34,"column":8},"end":{"line":71,"column":9}},{"start":{"line":68,"column":15},"end":{"line":71,"column":9}}],"line":34},"1":{"loc":{"start":{"line":40,"column":20},"end":{"line":42,"column":21}},"type":"if","locations":[{"start":{"line":40,"column":20},"end":{"line":42,"column":21}},{"start":{},"end":{}}],"line":40},"2":{"loc":{"start":{"line":47,"column":20},"end":{"line":49,"column":21}},"type":"if","locations":[{"start":{"line":47,"column":20},"end":{"line":49,"column":21}},{"start":{},"end":{}}],"line":47},"3":{"loc":{"start":{"line":47,"column":24},"end":{"line":47,"column":60}},"type":"binary-expr","locations":[{"start":{"line":47,"column":24},"end":{"line":47,"column":40}},{"start":{"line":47,"column":44},"end":{"line":47,"column":60}}],"line":47},"4":{"loc":{"start":{"line":50,"column":20},"end":{"line":52,"column":21}},"type":"if","locations":[{"start":{"line":50,"column":20},"end":{"line":52,"column":21}},{"start":{},"end":{}}],"line":50},"5":{"loc":{"start":{"line":50,"column":24},"end":{"line":50,"column":198}},"type":"binary-expr","locations":[{"start":{"line":50,"column":24},"end":{"line":50,"column":49}},{"start":{"line":50,"column":53},"end":{"line":50,"column":79}},{"start":{"line":50,"column":83},"end":{"line":50,"column":119}},{"start":{"line":50,"column":123},"end":{"line":50,"column":154}},{"start":{"line":50,"column":158},"end":{"line":50,"column":198}}],"line":50},"6":{"loc":{"start":{"line":56,"column":20},"end":{"line":59,"column":21}},"type":"if","locations":[{"start":{"line":56,"column":20},"end":{"line":59,"column":21}},{"start":{},"end":{}}],"line":56},"7":{"loc":{"start":{"line":75,"column":8},"end":{"line":77,"column":9}},"type":"if","locations":[{"start":{"line":75,"column":8},"end":{"line":77,"column":9}},{"start":{},"end":{}}],"line":75},"8":{"loc":{"start":{"line":75,"column":12},"end":{"line":75,"column":53}},"type":"binary-expr","locations":[{"start":{"line":75,"column":12},"end":{"line":75,"column":32}},{"start":{"line":75,"column":36},"end":{"line":75,"column":53}}],"line":75},"9":{"loc":{"start":{"line":93,"column":12},"end":{"line":95,"column":13}},"type":"if","locations":[{"start":{"line":93,"column":12},"end":{"line":95,"column":13}},{"start":{},"end":{}}],"line":93},"10":{"loc":{"start":{"line":102,"column":13},"end":{"line":167,"column":13}},"type":"cond-expr","locations":[{"start":{"line":103,"column":16},"end":{"line":103,"column":55}},{"start":{"line":104,"column":16},"end":{"line":167,"column":13}}],"line":102},"11":{"loc":{"start":{"line":104,"column":16},"end":{"line":167,"column":13}},"type":"cond-expr","locations":[{"start":{"line":105,"column":16},"end":{"line":105,"column":56}},{"start":{"line":107,"column":16},"end":{"line":166,"column":22}}],"line":104},"12":{"loc":{"start":{"line":117,"column":53},"end":{"line":117,"column":94}},"type":"cond-expr","locations":[{"start":{"line":117,"column":73},"end":{"line":117,"column":82}},{"start":{"line":117,"column":85},"end":{"line":117,"column":94}}],"line":117},"13":{"loc":{"start":{"line":126,"column":33},"end":{"line":133,"column":33}},"type":"binary-expr","locations":[{"start":{"line":126,"column":33},"end":{"line":126,"column":42}},{"start":{"line":126,"column":46},"end":{"line":126,"column":79}},{"start":{"line":127,"column":36},"end":{"line":132,"column":38}}],"line":126},"14":{"loc":{"start":{"line":145,"column":41},"end":{"line":148,"column":46}},"type":"binary-expr","locations":[{"start":{"line":145,"column":41},"end":{"line":145,"column":60}},{"start":{"line":146,"column":44},"end":{"line":148,"column":46}}],"line":145},"15":{"loc":{"start":{"line":157,"column":41},"end":{"line":160,"column":46}},"type":"binary-expr","locations":[{"start":{"line":157,"column":41},"end":{"line":157,"column":66}},{"start":{"line":158,"column":44},"end":{"line":160,"column":46}}],"line":157}},"s":{"0":1,"1":6,"2":6,"3":6,"4":6,"5":3,"6":3,"7":3,"8":3,"9":3,"10":3,"11":3,"12":6,"13":6,"14":6,"15":6,"16":6,"17":6,"18":3,"19":0,"20":0,"21":0,"22":0,"23":0,"24":0,"25":0,"26":0,"27":0,"28":0,"29":0,"30":0,"31":0,"32":0,"33":0,"34":0,"35":0,"36":0,"37":3,"38":3,"39":6,"40":0,"41":0,"42":0,"43":0,"44":0,"45":0,"46":6,"47":0,"48":0,"49":0,"50":0,"51":0,"52":0,"53":6,"54":0,"55":0},"f":{"0":6,"1":3,"2":3,"3":3,"4":0,"5":0,"6":0,"7":0,"8":0,"9":0,"10":0,"11":0},"b":{"0":[0,3],"1":[0,0],"2":[0,0],"3":[0,0],"4":[0,0],"5":[0,0,0,0,0],"6":[0,0],"7":[0,0],"8":[0,0],"9":[0,0],"10":[3,3],"11":[3,0],"12":[0,0],"13":[0,0,0],"14":[0,0],"15":[0,0]},"_coverageSchema":"1a1c01bbd47fc00a2c39e90264f33305004495a9","hash":"ff287922cc60e9f0c3738ea67cf64902325b3331"}
,"/Users/jaijoshi/Desktop/JJ Extra Curricular/cs_projects/Cash-App-Bias-Busters/frontend/src/pages/UserLogin/UserLogin.jsx": {"path":"/Users/jaijoshi/Desktop/JJ Extra Curricular/cs_projects/Cash-App-Bias-Busters/frontend/src/pages/UserLogin/UserLogin.jsx","statementMap":{"0":{"start":{"line":10,"column":18},"end":{"line":137,"column":1}},"1":{"start":{"line":11,"column":19},"end":{"line":11,"column":32}},"2":{"start":{"line":12,"column":27},"end":{"line":12,"column":38}},"3":{"start":{"line":14,"column":2},"end":{"line":22,"column":9}},"4":{"start":{"line":15,"column":26},"end":{"line":15,"column":63}},"5":{"start":{"line":17,"column":4},"end":{"line":19,"column":5}},"6":{"start":{"line":18,"column":6},"end":{"line":18,"column":21}},"7":{"start":{"line":21,"column":4},"end":{"line":21,"column":45}},"8":{"start":{"line":24,"column":23},"end":{"line":36,"column":3}},"9":{"start":{"line":25,"column":4},"end":{"line":35,"column":5}},"10":{"start":{"line":26,"column":23},"end":{"line":26,"column":69}},"11":{"start":{"line":28,"column":6},"end":{"line":32,"column":7}},"12":{"start":{"line":29,"column":8},"end":{"line":29,"column":22}},"13":{"start":{"line":31,"column":8},"end":{"line":31,"column":63}},"14":{"start":{"line":34,"column":6},"end":{"line":34,"column":51}},"15":{"start":{"line":42,"column":6},"end":{"line":42,"column":15}},"16":{"start":{"line":44,"column":21},"end":{"line":81,"column":3}},"17":{"start":{"line":45,"column":4},"end":{"line":45,"column":22}},"18":{"start":{"line":47,"column":16},"end":{"line":47,"column":43}},"19":{"start":{"line":49,"column":4},"end":{"line":80,"column":9}},"20":{"start":{"line":56,"column":21},"end":{"line":56,"column":31}},"21":{"start":{"line":58,"column":8},"end":{"line":58,"column":30}},"22":{"start":{"line":59,"column":8},"end":{"line":76,"column":9}},"23":{"start":{"line":60,"column":10},"end":{"line":63,"column":13}},"24":{"start":{"line":65,"column":10},"end":{"line":65,"column":50}},"25":{"start":{"line":66,"column":10},"end":{"line":75,"column":15}},"26":{"start":{"line":73,"column":14},"end":{"line":73,"column":46}},"27":{"start":{"line":74,"column":14},"end":{"line":74,"column":37}},"28":{"start":{"line":79,"column":8},"end":{"line":79,"column":23}},"29":{"start":{"line":83,"column":2},"end":{"line":136,"column":4}},"30":{"start":{"line":104,"column":16},"end":{"line":104,"column":58}},"31":{"start":{"line":121,"column":16},"end":{"line":121,"column":58}}},"fnMap":{"0":{"name":"(anonymous_0)","decl":{"start":{"line":10,"column":18},"end":{"line":10,"column":19}},"loc":{"start":{"line":10,"column":24},"end":{"line":137,"column":1}},"line":10},"1":{"name":"(anonymous_1)","decl":{"start":{"line":14,"column":12},"end":{"line":14,"column":13}},"loc":{"start":{"line":14,"column":18},"end":{"line":22,"column":3}},"line":14},"2":{"name":"(anonymous_2)","decl":{"start":{"line":24,"column":23},"end":{"line":24,"column":24}},"loc":{"start":{"line":24,"column":35},"end":{"line":36,"column":3}},"line":24},"3":{"name":"(anonymous_3)","decl":{"start":{"line":44,"column":21},"end":{"line":44,"column":22}},"loc":{"start":{"line":44,"column":31},"end":{"line":81,"column":3}},"line":44},"4":{"name":"(anonymous_4)","decl":{"start":{"line":56,"column":12},"end":{"line":56,"column":13}},"loc":{"start":{"line":56,"column":21},"end":{"line":56,"column":31}},"line":56},"5":{"name":"(anonymous_5)","decl":{"start":{"line":57,"column":12},"end":{"line":57,"column":13}},"loc":{"start":{"line":57,"column":21},"end":{"line":77,"column":7}},"line":57},"6":{"name":"(anonymous_6)","decl":{"start":{"line":72,"column":18},"end":{"line":72,"column":19}},"loc":{"start":{"line":72,"column":24},"end":{"line":75,"column":13}},"line":72},"7":{"name":"(anonymous_7)","decl":{"start":{"line":78,"column":13},"end":{"line":78,"column":14}},"loc":{"start":{"line":78,"column":20},"end":{"line":80,"column":7}},"line":78},"8":{"name":"(anonymous_8)","decl":{"start":{"line":103,"column":22},"end":{"line":103,"column":23}},"loc":{"start":{"line":104,"column":16},"end":{"line":104,"column":58}},"line":104},"9":{"name":"(anonymous_9)","decl":{"start":{"line":120,"column":22},"end":{"line":120,"column":23}},"loc":{"start":{"line":121,"column":16},"end":{"line":121,"column":58}},"line":121}},"branchMap":{"0":{"loc":{"start":{"line":17,"column":4},"end":{"line":19,"column":5}},"type":"if","locations":[{"start":{"line":17,"column":4},"end":{"line":19,"column":5}},{"start":{},"end":{}}],"line":17},"1":{"loc":{"start":{"line":17,"column":8},"end":{"line":17,"column":49}},"type":"binary-expr","locations":[{"start":{"line":17,"column":8},"end":{"line":17,"column":21}},{"start":{"line":17,"column":25},"end":{"line":17,"column":49}}],"line":17},"2":{"loc":{"start":{"line":28,"column":6},"end":{"line":32,"column":7}},"type":"if","locations":[{"start":{"line":28,"column":6},"end":{"line":32,"column":7}},{"start":{"line":30,"column":13},"end":{"line":32,"column":7}}],"line":28},"3":{"loc":{"start":{"line":59,"column":8},"end":{"line":76,"column":9}},"type":"if","locations":[{"start":{"line":59,"column":8},"end":{"line":76,"column":9}},{"start":{"line":64,"column":15},"end":{"line":76,"column":9}}],"line":59}},"s":{"0":1,"1":7,"2":7,"3":7,"4":4,"5":4,"6":0,"7":4,"8":7,"9":0,"10":0,"11":0,"12":0,"13":0,"14":0,"15":7,"16":7,"17":2,"18":2,"19":2,"20":2,"21":2,"22":2,"23":1,"24":1,"25":1,"26":1,"27":1,"28":0,"29":7,"30":1,"31":1},"f":{"0":7,"1":4,"2":0,"3":2,"4":2,"5":2,"6":1,"7":0,"8":1,"9":1},"b":{"0":[0,4],"1":[4,0],"2":[0,0],"3":[1,1]},"_coverageSchema":"1a1c01bbd47fc00a2c39e90264f33305004495a9","hash":"72008e6c1ee9e9c0b7a5a26fa6e3819f1888fcb5"}
,"/Users/jaijoshi/Desktop/JJ Extra Curricular/cs_projects/Cash-App-Bias-Busters/frontend/src/pages/UserSignup/UserSignup.jsx": {"path":"/Users/jaijoshi/Desktop/JJ Extra Curricular/cs_projects/Cash-App-Bias-Busters/frontend/src/pages/UserSignup/UserSignup.jsx","statementMap":{"0":{"start":{"line":11,"column":19},"end":{"line":211,"column":1}},"1":{"start":{"line":12,"column":27},"end":{"line":12,"column":38}},"2":{"start":{"line":14,"column":19},"end":{"line":14,"column":32}},"3":{"start":{"line":16,"column":2},"end":{"line":24,"column":9}},"4":{"start":{"line":17,"column":26},"end":{"line":17,"column":63}},"5":{"start":{"line":19,"column":4},"end":{"line":21,"column":5}},"6":{"start":{"line":20,"column":6},"end":{"line":20,"column":21}},"7":{"start":{"line":23,"column":4},"end":{"line":23,"column":45}},"8":{"start":{"line":26,"column":23},"end":{"line":38,"column":3}},"9":{"start":{"line":27,"column":4},"end":{"line":37,"column":5}},"10":{"start":{"line":28,"column":23},"end":{"line":28,"column":69}},"11":{"start":{"line":30,"column":6},"end":{"line":34,"column":7}},"12":{"start":{"line":31,"column":8},"end":{"line":31,"column":22}},"13":{"start":{"line":33,"column":8},"end":{"line":33,"column":63}},"14":{"start":{"line":36,"column":6},"end":{"line":36,"column":51}},"15":{"start":{"line":44,"column":6},"end":{"line":44,"column":15}},"16":{"start":{"line":47,"column":4},"end":{"line":47,"column":22}},"17":{"start":{"line":48,"column":42},"end":{"line":48,"column":46}},"18":{"start":{"line":50,"column":4},"end":{"line":56,"column":5}},"19":{"start":{"line":51,"column":6},"end":{"line":54,"column":9}},"20":{"start":{"line":55,"column":6},"end":{"line":55,"column":13}},"21":{"start":{"line":58,"column":16},"end":{"line":58,"column":44}},"22":{"start":{"line":60,"column":4},"end":{"line":89,"column":9}},"23":{"start":{"line":67,"column":21},"end":{"line":67,"column":31}},"24":{"start":{"line":69,"column":8},"end":{"line":85,"column":9}},"25":{"start":{"line":70,"column":10},"end":{"line":73,"column":13}},"26":{"start":{"line":75,"column":10},"end":{"line":75,"column":50}},"27":{"start":{"line":76,"column":10},"end":{"line":84,"column":15}},"28":{"start":{"line":83,"column":14},"end":{"line":83,"column":28}},"29":{"start":{"line":88,"column":8},"end":{"line":88,"column":23}},"30":{"start":{"line":92,"column":2},"end":{"line":210,"column":4}},"31":{"start":{"line":116,"column":18},"end":{"line":116,"column":58}},"32":{"start":{"line":133,"column":18},"end":{"line":133,"column":58}},"33":{"start":{"line":152,"column":18},"end":{"line":152,"column":58}},"34":{"start":{"line":173,"column":18},"end":{"line":173,"column":58}},"35":{"start":{"line":192,"column":18},"end":{"line":192,"column":58}}},"fnMap":{"0":{"name":"(anonymous_0)","decl":{"start":{"line":11,"column":19},"end":{"line":11,"column":20}},"loc":{"start":{"line":11,"column":25},"end":{"line":211,"column":1}},"line":11},"1":{"name":"(anonymous_1)","decl":{"start":{"line":16,"column":12},"end":{"line":16,"column":13}},"loc":{"start":{"line":16,"column":18},"end":{"line":24,"column":3}},"line":16},"2":{"name":"(anonymous_2)","decl":{"start":{"line":26,"column":23},"end":{"line":26,"column":24}},"loc":{"start":{"line":26,"column":35},"end":{"line":38,"column":3}},"line":26},"3":{"name":"handleForm","decl":{"start":{"line":46,"column":11},"end":{"line":46,"column":21}},"loc":{"start":{"line":46,"column":28},"end":{"line":90,"column":3}},"line":46},"4":{"name":"(anonymous_4)","decl":{"start":{"line":67,"column":12},"end":{"line":67,"column":13}},"loc":{"start":{"line":67,"column":21},"end":{"line":67,"column":31}},"line":67},"5":{"name":"(anonymous_5)","decl":{"start":{"line":68,"column":12},"end":{"line":68,"column":13}},"loc":{"start":{"line":68,"column":21},"end":{"line":86,"column":7}},"line":68},"6":{"name":"(anonymous_6)","decl":{"start":{"line":82,"column":18},"end":{"line":82,"column":19}},"loc":{"start":{"line":82,"column":24},"end":{"line":84,"column":13}},"line":82},"7":{"name":"(anonymous_7)","decl":{"start":{"line":87,"column":13},"end":{"line":87,"column":14}},"loc":{"start":{"line":87,"column":20},"end":{"line":89,"column":7}},"line":87},"8":{"name":"(anonymous_8)","decl":{"start":{"line":115,"column":24},"end":{"line":115,"column":25}},"loc":{"start":{"line":116,"column":18},"end":{"line":116,"column":58}},"line":116},"9":{"name":"(anonymous_9)","decl":{"start":{"line":132,"column":24},"end":{"line":132,"column":25}},"loc":{"start":{"line":133,"column":18},"end":{"line":133,"column":58}},"line":133},"10":{"name":"(anonymous_10)","decl":{"start":{"line":151,"column":24},"end":{"line":151,"column":25}},"loc":{"start":{"line":152,"column":18},"end":{"line":152,"column":58}},"line":152},"11":{"name":"(anonymous_11)","decl":{"start":{"line":172,"column":24},"end":{"line":172,"column":25}},"loc":{"start":{"line":173,"column":18},"end":{"line":173,"column":58}},"line":173},"12":{"name":"(anonymous_12)","decl":{"start":{"line":191,"column":24},"end":{"line":191,"column":25}},"loc":{"start":{"line":192,"column":18},"end":{"line":192,"column":58}},"line":192}},"branchMap":{"0":{"loc":{"start":{"line":19,"column":4},"end":{"line":21,"column":5}},"type":"if","locations":[{"start":{"line":19,"column":4},"end":{"line":21,"column":5}},{"start":{},"end":{}}],"line":19},"1":{"loc":{"start":{"line":19,"column":8},"end":{"line":19,"column":49}},"type":"binary-expr","locations":[{"start":{"line":19,"column":8},"end":{"line":19,"column":21}},{"start":{"line":19,"column":25},"end":{"line":19,"column":49}}],"line":19},"2":{"loc":{"start":{"line":30,"column":6},"end":{"line":34,"column":7}},"type":"if","locations":[{"start":{"line":30,"column":6},"end":{"line":34,"column":7}},{"start":{"line":32,"column":13},"end":{"line":34,"column":7}}],"line":30},"3":{"loc":{"start":{"line":50,"column":4},"end":{"line":56,"column":5}},"type":"if","locations":[{"start":{"line":50,"column":4},"end":{"line":56,"column":5}},{"start":{},"end":{}}],"line":50},"4":{"loc":{"start":{"line":69,"column":8},"end":{"line":85,"column":9}},"type":"if","locations":[{"start":{"line":69,"column":8},"end":{"line":85,"column":9}},{"start":{"line":74,"column":15},"end":{"line":85,"column":9}}],"line":69}},"s":{"0":1,"1":13,"2":13,"3":13,"4":7,"5":7,"6":0,"7":7,"8":13,"9":0,"10":0,"11":0,"12":0,"13":0,"14":0,"15":13,"16":4,"17":4,"18":4,"19":1,"20":1,"21":3,"22":3,"23":3,"24":3,"25":1,"26":2,"27":2,"28":2,"29":0,"30":13,"31":2,"32":2,"33":2,"34":2,"35":2},"f":{"0":13,"1":7,"2":0,"3":4,"4":3,"5":3,"6":2,"7":0,"8":2,"9":2,"10":2,"11":2,"12":2},"b":{"0":[0,7],"1":[7,0],"2":[0,0],"3":[1,3],"4":[1,2]},"_coverageSchema":"1a1c01bbd47fc00a2c39e90264f33305004495a9","hash":"599ad32968c3504c334f75c150f6094644bcb6d6"}
}
