{"/Users/navnoorsinghmahal/WebstormProjects/Cash-App-Bias-Busters1/frontend/src/Components/Modal/Modal.jsx": {"path":"/Users/navnoorsinghmahal/WebstormProjects/Cash-App-Bias-Busters1/frontend/src/Components/Modal/Modal.jsx","statementMap":{"0":{"start":{"line":3,"column":14},"end":{"line":43,"column":1}},"1":{"start":{"line":4,"column":24},"end":{"line":7,"column":5}},"2":{"start":{"line":5,"column":8},"end":{"line":5,"column":27}},"3":{"start":{"line":6,"column":8},"end":{"line":6,"column":21}},"4":{"start":{"line":9,"column":4},"end":{"line":42,"column":6}}},"fnMap":{"0":{"name":"(anonymous_0)","decl":{"start":{"line":3,"column":14},"end":{"line":3,"column":15}},"loc":{"start":{"line":3,"column":34},"end":{"line":43,"column":1}},"line":3},"1":{"name":"(anonymous_1)","decl":{"start":{"line":4,"column":24},"end":{"line":4,"column":25}},"loc":{"start":{"line":4,"column":31},"end":{"line":7,"column":5}},"line":4}},"branchMap":{},"s":{"0":1,"1":6,"2":2,"3":2,"4":6},"f":{"0":6,"1":2},"b":{},"_coverageSchema":"1a1c01bbd47fc00a2c39e90264f33305004495a9","hash":"fe928621e36b462fc9c13ea48eea78c605b32dc5"}
,"/Users/navnoorsinghmahal/WebstormProjects/Cash-App-Bias-Busters1/frontend/src/Components/Navbar/Navbar.jsx": {"path":"/Users/navnoorsinghmahal/WebstormProjects/Cash-App-Bias-Busters1/frontend/src/Components/Navbar/Navbar.jsx","statementMap":{"0":{"start":{"line":5,"column":2},"end":{"line":36,"column":4}}},"fnMap":{"0":{"name":"Navbar","decl":{"start":{"line":4,"column":9},"end":{"line":4,"column":15}},"loc":{"start":{"line":4,"column":18},"end":{"line":37,"column":1}},"line":4}},"branchMap":{},"s":{"0":3},"f":{"0":3},"b":{},"_coverageSchema":"1a1c01bbd47fc00a2c39e90264f33305004495a9","hash":"0a10eb118d0a9de7d590afb1e9d4573d4d448f76"}
,"/Users/navnoorsinghmahal/WebstormProjects/Cash-App-Bias-Busters1/frontend/src/Components/UserNavbar/UserNavbar.jsx": {"path":"/Users/navnoorsinghmahal/WebstormProjects/Cash-App-Bias-Busters1/frontend/src/Components/UserNavbar/UserNavbar.jsx","statementMap":{"0":{"start":{"line":8,"column":27},"end":{"line":8,"column":38}},"1":{"start":{"line":10,"column":19},"end":{"line":10,"column":32}},"2":{"start":{"line":12,"column":23},"end":{"line":24,"column":3}},"3":{"start":{"line":13,"column":4},"end":{"line":23,"column":5}},"4":{"start":{"line":14,"column":23},"end":{"line":14,"column":69}},"5":{"start":{"line":16,"column":6},"end":{"line":20,"column":7}},"6":{"start":{"line":17,"column":8},"end":{"line":17,"column":22}},"7":{"start":{"line":19,"column":8},"end":{"line":19,"column":63}},"8":{"start":{"line":22,"column":6},"end":{"line":22,"column":51}},"9":{"start":{"line":26,"column":2},"end":{"line":75,"column":4}}},"fnMap":{"0":{"name":"UserNavbar","decl":{"start":{"line":7,"column":9},"end":{"line":7,"column":19}},"loc":{"start":{"line":7,"column":22},"end":{"line":76,"column":1}},"line":7},"1":{"name":"(anonymous_1)","decl":{"start":{"line":12,"column":23},"end":{"line":12,"column":24}},"loc":{"start":{"line":12,"column":35},"end":{"line":24,"column":3}},"line":12}},"branchMap":{"0":{"loc":{"start":{"line":16,"column":6},"end":{"line":20,"column":7}},"type":"if","locations":[{"start":{"line":16,"column":6},"end":{"line":20,"column":7}},{"start":{"line":18,"column":13},"end":{"line":20,"column":7}}],"line":16}},"s":{"0":5,"1":5,"2":5,"3":2,"4":2,"5":2,"6":1,"7":1,"8":0,"9":5},"f":{"0":5,"1":2},"b":{"0":[1,1]},"_coverageSchema":"1a1c01bbd47fc00a2c39e90264f33305004495a9","hash":"a4e715746ccf9eeb207a84c756c425a0eff7e477"}
,"/Users/navnoorsinghmahal/WebstormProjects/Cash-App-Bias-Busters1/frontend/src/Layout/PublicLayout.jsx": {"path":"/Users/navnoorsinghmahal/WebstormProjects/Cash-App-Bias-Busters1/frontend/src/Layout/PublicLayout.jsx","statementMap":{"0":{"start":{"line":5,"column":21},"end":{"line":12,"column":1}},"1":{"start":{"line":6,"column":4},"end":{"line":11,"column":6}}},"fnMap":{"0":{"name":"(anonymous_0)","decl":{"start":{"line":5,"column":21},"end":{"line":5,"column":22}},"loc":{"start":{"line":5,"column":27},"end":{"line":12,"column":1}},"line":5}},"branchMap":{},"s":{"0":1,"1":2},"f":{"0":2},"b":{},"_coverageSchema":"1a1c01bbd47fc00a2c39e90264f33305004495a9","hash":"f05d6a64de3f9d2becaff670b3f319f55dcb19bb"}
,"/Users/navnoorsinghmahal/WebstormProjects/Cash-App-Bias-Busters1/frontend/src/Layout/UserLayout.jsx": {"path":"/Users/navnoorsinghmahal/WebstormProjects/Cash-App-Bias-Busters1/frontend/src/Layout/UserLayout.jsx","statementMap":{"0":{"start":{"line":5,"column":19},"end":{"line":12,"column":1}},"1":{"start":{"line":6,"column":4},"end":{"line":11,"column":6}}},"fnMap":{"0":{"name":"(anonymous_0)","decl":{"start":{"line":5,"column":19},"end":{"line":5,"column":20}},"loc":{"start":{"line":5,"column":25},"end":{"line":12,"column":1}},"line":5}},"branchMap":{},"s":{"0":1,"1":1},"f":{"0":1},"b":{},"_coverageSchema":"1a1c01bbd47fc00a2c39e90264f33305004495a9","hash":"fb65f3d7fee0a71be260416feb0bd540b1b82f33"}
,"/Users/navnoorsinghmahal/WebstormProjects/Cash-App-Bias-Busters1/frontend/src/pages/AboutPage/AboutPage.jsx": {"path":"/Users/navnoorsinghmahal/WebstormProjects/Cash-App-Bias-Busters1/frontend/src/pages/AboutPage/AboutPage.jsx","statementMap":{"0":{"start":{"line":5,"column":18},"end":{"line":60,"column":1}},"1":{"start":{"line":6,"column":4},"end":{"line":59,"column":6}}},"fnMap":{"0":{"name":"(anonymous_0)","decl":{"start":{"line":5,"column":18},"end":{"line":5,"column":19}},"loc":{"start":{"line":5,"column":24},"end":{"line":60,"column":1}},"line":5}},"branchMap":{},"s":{"0":1,"1":6},"f":{"0":6},"b":{},"_coverageSchema":"1a1c01bbd47fc00a2c39e90264f33305004495a9","hash":"05c91723d2faea0213775628fd3366dfb13fa0f5"}
,"/Users/navnoorsinghmahal/WebstormProjects/Cash-App-Bias-Busters1/frontend/src/pages/ChangePassword/ChangePassword.jsx": {"path":"/Users/navnoorsinghmahal/WebstormProjects/Cash-App-Bias-Busters1/frontend/src/pages/ChangePassword/ChangePassword.jsx","statementMap":{"0":{"start":{"line":6,"column":23},"end":{"line":121,"column":1}},"1":{"start":{"line":7,"column":27},"end":{"line":7,"column":38}},"2":{"start":{"line":13,"column":6},"end":{"line":13,"column":15}},"3":{"start":{"line":15,"column":21},"end":{"line":47,"column":3}},"4":{"start":{"line":16,"column":4},"end":{"line":16,"column":22}},"5":{"start":{"line":18,"column":16},"end":{"line":18,"column":53}},"6":{"start":{"line":20,"column":4},"end":{"line":46,"column":9}},"7":{"start":{"line":27,"column":21},"end":{"line":27,"column":31}},"8":{"start":{"line":29,"column":8},"end":{"line":29,"column":30}},"9":{"start":{"line":30,"column":8},"end":{"line":42,"column":9}},"10":{"start":{"line":31,"column":10},"end":{"line":34,"column":13}},"11":{"start":{"line":36,"column":10},"end":{"line":36,"column":50}},"12":{"start":{"line":37,"column":10},"end":{"line":41,"column":13}},"13":{"start":{"line":45,"column":8},"end":{"line":45,"column":23}},"14":{"start":{"line":49,"column":2},"end":{"line":120,"column":4}},"15":{"start":{"line":72,"column":20},"end":{"line":72,"column":60}},"16":{"start":{"line":91,"column":20},"end":{"line":91,"column":60}},"17":{"start":{"line":110,"column":20},"end":{"line":110,"column":60}}},"fnMap":{"0":{"name":"(anonymous_0)","decl":{"start":{"line":6,"column":23},"end":{"line":6,"column":24}},"loc":{"start":{"line":6,"column":29},"end":{"line":121,"column":1}},"line":6},"1":{"name":"(anonymous_1)","decl":{"start":{"line":15,"column":21},"end":{"line":15,"column":22}},"loc":{"start":{"line":15,"column":31},"end":{"line":47,"column":3}},"line":15},"2":{"name":"(anonymous_2)","decl":{"start":{"line":27,"column":12},"end":{"line":27,"column":13}},"loc":{"start":{"line":27,"column":21},"end":{"line":27,"column":31}},"line":27},"3":{"name":"(anonymous_3)","decl":{"start":{"line":28,"column":12},"end":{"line":28,"column":13}},"loc":{"start":{"line":28,"column":21},"end":{"line":43,"column":7}},"line":28},"4":{"name":"(anonymous_4)","decl":{"start":{"line":44,"column":13},"end":{"line":44,"column":14}},"loc":{"start":{"line":44,"column":20},"end":{"line":46,"column":7}},"line":44},"5":{"name":"(anonymous_5)","decl":{"start":{"line":71,"column":24},"end":{"line":71,"column":25}},"loc":{"start":{"line":72,"column":20},"end":{"line":72,"column":60}},"line":72},"6":{"name":"(anonymous_6)","decl":{"start":{"line":90,"column":24},"end":{"line":90,"column":25}},"loc":{"start":{"line":91,"column":20},"end":{"line":91,"column":60}},"line":91},"7":{"name":"(anonymous_7)","decl":{"start":{"line":109,"column":24},"end":{"line":109,"column":25}},"loc":{"start":{"line":110,"column":20},"end":{"line":110,"column":60}},"line":110}},"branchMap":{"0":{"loc":{"start":{"line":30,"column":8},"end":{"line":42,"column":9}},"type":"if","locations":[{"start":{"line":30,"column":8},"end":{"line":42,"column":9}},{"start":{"line":35,"column":15},"end":{"line":42,"column":9}}],"line":30}},"s":{"0":1,"1":3,"2":3,"3":3,"4":1,"5":1,"6":1,"7":1,"8":1,"9":1,"10":0,"11":1,"12":1,"13":0,"14":3,"15":0,"16":0,"17":0},"f":{"0":3,"1":1,"2":1,"3":1,"4":0,"5":0,"6":0,"7":0},"b":{"0":[0,1]},"_coverageSchema":"1a1c01bbd47fc00a2c39e90264f33305004495a9","hash":"2d4d0b1576ba2b0b845e7297b0cf9fc35aec3fae"}
,"/Users/navnoorsinghmahal/WebstormProjects/Cash-App-Bias-Busters1/frontend/src/pages/DashboardPage/ChartComponenet/ChartComponent.jsx": {"path":"/Users/navnoorsinghmahal/WebstormProjects/Cash-App-Bias-Busters1/frontend/src/pages/DashboardPage/ChartComponenet/ChartComponent.jsx","statementMap":{"0":{"start":{"line":5,"column":23},"end":{"line":284,"column":2}},"1":{"start":{"line":6,"column":19},"end":{"line":6,"column":31}},"2":{"start":{"line":7,"column":21},"end":{"line":7,"column":33}},"3":{"start":{"line":8,"column":42},"end":{"line":8,"column":56}},"4":{"start":{"line":9,"column":42},"end":{"line":9,"column":54}},"5":{"start":{"line":10,"column":42},"end":{"line":10,"column":54}},"6":{"start":{"line":12,"column":2},"end":{"line":203,"column":31}},"7":{"start":{"line":13,"column":4},"end":{"line":13,"column":27}},"8":{"start":{"line":13,"column":20},"end":{"line":13,"column":27}},"9":{"start":{"line":15,"column":4},"end":{"line":15,"column":57}},"10":{"start":{"line":17,"column":33},"end":{"line":19,"column":5}},"11":{"start":{"line":18,"column":38},"end":{"line":18,"column":51}},"12":{"start":{"line":20,"column":25},"end":{"line":25,"column":5}},"13":{"start":{"line":26,"column":27},"end":{"line":29,"column":10}},"14":{"start":{"line":27,"column":6},"end":{"line":27,"column":61}},"15":{"start":{"line":28,"column":6},"end":{"line":28,"column":17}},"16":{"start":{"line":31,"column":28},"end":{"line":33,"column":5}},"17":{"start":{"line":32,"column":6},"end":{"line":32,"column":42}},"18":{"start":{"line":35,"column":19},"end":{"line":35,"column":63}},"19":{"start":{"line":35,"column":49},"end":{"line":35,"column":62}},"20":{"start":{"line":37,"column":28},"end":{"line":43,"column":7}},"21":{"start":{"line":37,"column":59},"end":{"line":43,"column":5}},"22":{"start":{"line":45,"column":4},"end":{"line":45,"column":37}},"23":{"start":{"line":47,"column":21},"end":{"line":61,"column":5}},"24":{"start":{"line":50,"column":42},"end":{"line":50,"column":71}},"25":{"start":{"line":51,"column":52},"end":{"line":51,"column":59}},"26":{"start":{"line":53,"column":18},"end":{"line":53,"column":75}},"27":{"start":{"line":56,"column":18},"end":{"line":56,"column":50}},"28":{"start":{"line":63,"column":21},"end":{"line":72,"column":5}},"29":{"start":{"line":65,"column":35},"end":{"line":65,"column":63}},"30":{"start":{"line":74,"column":17},"end":{"line":77,"column":5}},"31":{"start":{"line":79,"column":16},"end":{"line":79,"column":49}},"32":{"start":{"line":81,"column":4},"end":{"line":83,"column":5}},"33":{"start":{"line":82,"column":6},"end":{"line":82,"column":35}},"34":{"start":{"line":85,"column":4},"end":{"line":202,"column":7}},"35":{"start":{"line":147,"column":16},"end":{"line":153,"column":20}},"36":{"start":{"line":147,"column":66},"end":{"line":153,"column":17}},"37":{"start":{"line":161,"column":29},"end":{"line":161,"column":67}},"38":{"start":{"line":162,"column":16},"end":{"line":166,"column":18}},"39":{"start":{"line":172,"column":10},"end":{"line":176,"column":11}},"40":{"start":{"line":173,"column":12},"end":{"line":173,"column":47}},"41":{"start":{"line":175,"column":12},"end":{"line":175,"column":34}},"42":{"start":{"line":183,"column":12},"end":{"line":183,"column":46}},"43":{"start":{"line":183,"column":39},"end":{"line":183,"column":46}},"44":{"start":{"line":185,"column":47},"end":{"line":185,"column":52}},"45":{"start":{"line":186,"column":24},"end":{"line":186,"column":66}},"46":{"start":{"line":187,"column":25},"end":{"line":187,"column":46}},"47":{"start":{"line":188,"column":26},"end":{"line":188,"column":47}},"48":{"start":{"line":190,"column":12},"end":{"line":190,"column":23}},"49":{"start":{"line":191,"column":12},"end":{"line":191,"column":55}},"50":{"start":{"line":192,"column":12},"end":{"line":197,"column":14}},"51":{"start":{"line":198,"column":12},"end":{"line":198,"column":26}},"52":{"start":{"line":205,"column":2},"end":{"line":264,"column":56}},"53":{"start":{"line":206,"column":26},"end":{"line":257,"column":5}},"54":{"start":{"line":207,"column":6},"end":{"line":207,"column":69}},"55":{"start":{"line":208,"column":6},"end":{"line":210,"column":7}},"56":{"start":{"line":209,"column":8},"end":{"line":209,"column":15}},"57":{"start":{"line":212,"column":6},"end":{"line":256,"column":7}},"58":{"start":{"line":213,"column":8},"end":{"line":213,"column":31}},"59":{"start":{"line":215,"column":26},"end":{"line":217,"column":30}},"60":{"start":{"line":219,"column":8},"end":{"line":255,"column":9}},"61":{"start":{"line":220,"column":10},"end":{"line":220,"column":37}},"62":{"start":{"line":221,"column":10},"end":{"line":230,"column":11}},"63":{"start":{"line":222,"column":26},"end":{"line":222,"column":44}},"64":{"start":{"line":224,"column":12},"end":{"line":224,"column":77}},"65":{"start":{"line":225,"column":12},"end":{"line":225,"column":27}},"66":{"start":{"line":227,"column":12},"end":{"line":227,"column":85}},"67":{"start":{"line":228,"column":12},"end":{"line":228,"column":35}},"68":{"start":{"line":229,"column":12},"end":{"line":229,"column":25}},"69":{"start":{"line":233,"column":10},"end":{"line":233,"column":43}},"70":{"start":{"line":236,"column":10},"end":{"line":247,"column":11}},"71":{"start":{"line":237,"column":12},"end":{"line":237,"column":39}},"72":{"start":{"line":238,"column":12},"end":{"line":246,"column":13}},"73":{"start":{"line":239,"column":28},"end":{"line":239,"column":46}},"74":{"start":{"line":240,"column":14},"end":{"line":240,"column":79}},"75":{"start":{"line":241,"column":14},"end":{"line":241,"column":29}},"76":{"start":{"line":243,"column":14},"end":{"line":243,"column":87}},"77":{"start":{"line":244,"column":14},"end":{"line":244,"column":37}},"78":{"start":{"line":245,"column":14},"end":{"line":245,"column":27}},"79":{"start":{"line":249,"column":21},"end":{"line":249,"column":51}},"80":{"start":{"line":250,"column":39},"end":{"line":250,"column":65}},"81":{"start":{"line":251,"column":10},"end":{"line":254,"column":11}},"82":{"start":{"line":252,"column":12},"end":{"line":252,"column":41}},"83":{"start":{"line":253,"column":12},"end":{"line":253,"column":44}},"84":{"start":{"line":253,"column":35},"end":{"line":253,"column":42}},"85":{"start":{"line":259,"column":4},"end":{"line":259,"column":54}},"86":{"start":{"line":261,"column":4},"end":{"line":263,"column":6}},"87":{"start":{"line":262,"column":6},"end":{"line":262,"column":59}},"88":{"start":{"line":268,"column":2},"end":{"line":275,"column":6}},"89":{"start":{"line":268,"column":34},"end":{"line":275,"column":3}},"90":{"start":{"line":270,"column":19},"end":{"line":270,"column":46}},"91":{"start":{"line":271,"column":6},"end":{"line":271,"column":58}},"92":{"start":{"line":272,"column":6},"end":{"line":272,"column":34}},"93":{"start":{"line":273,"column":6},"end":{"line":273,"column":19}},"94":{"start":{"line":277,"column":2},"end":{"line":283,"column":4}}},"fnMap":{"0":{"name":"(anonymous_0)","decl":{"start":{"line":5,"column":34},"end":{"line":5,"column":35}},"loc":{"start":{"line":5,"column":71},"end":{"line":284,"column":1}},"line":5},"1":{"name":"(anonymous_1)","decl":{"start":{"line":12,"column":12},"end":{"line":12,"column":13}},"loc":{"start":{"line":12,"column":18},"end":{"line":203,"column":3}},"line":12},"2":{"name":"(anonymous_2)","decl":{"start":{"line":18,"column":28},"end":{"line":18,"column":29}},"loc":{"start":{"line":18,"column":38},"end":{"line":18,"column":51}},"line":18},"3":{"name":"(anonymous_3)","decl":{"start":{"line":26,"column":55},"end":{"line":26,"column":56}},"loc":{"start":{"line":26,"column":78},"end":{"line":29,"column":5}},"line":26},"4":{"name":"(anonymous_4)","decl":{"start":{"line":31,"column":48},"end":{"line":31,"column":49}},"loc":{"start":{"line":32,"column":6},"end":{"line":32,"column":42}},"line":32},"5":{"name":"(anonymous_5)","decl":{"start":{"line":35,"column":39},"end":{"line":35,"column":40}},"loc":{"start":{"line":35,"column":49},"end":{"line":35,"column":62}},"line":35},"6":{"name":"(anonymous_6)","decl":{"start":{"line":37,"column":48},"end":{"line":37,"column":49}},"loc":{"start":{"line":37,"column":59},"end":{"line":43,"column":5}},"line":37},"7":{"name":"(anonymous_7)","decl":{"start":{"line":50,"column":34},"end":{"line":50,"column":35}},"loc":{"start":{"line":50,"column":42},"end":{"line":50,"column":71}},"line":50},"8":{"name":"(anonymous_8)","decl":{"start":{"line":51,"column":45},"end":{"line":51,"column":46}},"loc":{"start":{"line":51,"column":52},"end":{"line":51,"column":59}},"line":51},"9":{"name":"(anonymous_9)","decl":{"start":{"line":53,"column":10},"end":{"line":53,"column":11}},"loc":{"start":{"line":53,"column":18},"end":{"line":53,"column":75}},"line":53},"10":{"name":"(anonymous_10)","decl":{"start":{"line":56,"column":10},"end":{"line":56,"column":11}},"loc":{"start":{"line":56,"column":18},"end":{"line":56,"column":50}},"line":56},"11":{"name":"(anonymous_11)","decl":{"start":{"line":65,"column":23},"end":{"line":65,"column":24}},"loc":{"start":{"line":65,"column":35},"end":{"line":65,"column":63}},"line":65},"12":{"name":"(anonymous_12)","decl":{"start":{"line":146,"column":30},"end":{"line":146,"column":31}},"loc":{"start":{"line":146,"column":36},"end":{"line":154,"column":15}},"line":146},"13":{"name":"(anonymous_13)","decl":{"start":{"line":147,"column":48},"end":{"line":147,"column":49}},"loc":{"start":{"line":147,"column":66},"end":{"line":153,"column":17}},"line":147},"14":{"name":"(anonymous_14)","decl":{"start":{"line":160,"column":21},"end":{"line":160,"column":22}},"loc":{"start":{"line":160,"column":38},"end":{"line":167,"column":15}},"line":160},"15":{"name":"(anonymous_15)","decl":{"start":{"line":171,"column":17},"end":{"line":171,"column":18}},"loc":{"start":{"line":171,"column":38},"end":{"line":177,"column":9}},"line":171},"16":{"name":"(anonymous_16)","decl":{"start":{"line":182,"column":21},"end":{"line":182,"column":22}},"loc":{"start":{"line":182,"column":32},"end":{"line":199,"column":11}},"line":182},"17":{"name":"(anonymous_17)","decl":{"start":{"line":205,"column":12},"end":{"line":205,"column":13}},"loc":{"start":{"line":205,"column":18},"end":{"line":264,"column":3}},"line":205},"18":{"name":"(anonymous_18)","decl":{"start":{"line":206,"column":26},"end":{"line":206,"column":27}},"loc":{"start":{"line":206,"column":37},"end":{"line":257,"column":5}},"line":206},"19":{"name":"(anonymous_19)","decl":{"start":{"line":253,"column":28},"end":{"line":253,"column":29}},"loc":{"start":{"line":253,"column":35},"end":{"line":253,"column":42}},"line":253},"20":{"name":"(anonymous_20)","decl":{"start":{"line":261,"column":11},"end":{"line":261,"column":12}},"loc":{"start":{"line":261,"column":17},"end":{"line":263,"column":5}},"line":261},"21":{"name":"(anonymous_21)","decl":{"start":{"line":268,"column":27},"end":{"line":268,"column":28}},"loc":{"start":{"line":268,"column":34},"end":{"line":275,"column":3}},"line":268},"22":{"name":"(anonymous_22)","decl":{"start":{"line":269,"column":4},"end":{"line":269,"column":5}},"loc":{"start":{"line":269,"column":20},"end":{"line":274,"column":5}},"line":269}},"branchMap":{"0":{"loc":{"start":{"line":13,"column":4},"end":{"line":13,"column":27}},"type":"if","locations":[{"start":{"line":13,"column":4},"end":{"line":13,"column":27}},{"start":{},"end":{}}],"line":13},"1":{"loc":{"start":{"line":42,"column":13},"end":{"line":42,"column":72}},"type":"binary-expr","locations":[{"start":{"line":42,"column":13},"end":{"line":42,"column":42}},{"start":{"line":42,"column":46},"end":{"line":42,"column":72}}],"line":42},"2":{"loc":{"start":{"line":53,"column":18},"end":{"line":53,"column":75}},"type":"cond-expr","locations":[{"start":{"line":53,"column":45},"end":{"line":53,"column":65}},{"start":{"line":53,"column":68},"end":{"line":53,"column":75}}],"line":53},"3":{"loc":{"start":{"line":56,"column":18},"end":{"line":56,"column":50}},"type":"cond-expr","locations":[{"start":{"line":56,"column":45},"end":{"line":56,"column":46}},{"start":{"line":56,"column":49},"end":{"line":56,"column":50}}],"line":56},"4":{"loc":{"start":{"line":81,"column":4},"end":{"line":83,"column":5}},"type":"if","locations":[{"start":{"line":81,"column":4},"end":{"line":83,"column":5}},{"start":{},"end":{}}],"line":81},"5":{"loc":{"start":{"line":172,"column":10},"end":{"line":176,"column":11}},"type":"if","locations":[{"start":{"line":172,"column":10},"end":{"line":176,"column":11}},{"start":{"line":174,"column":17},"end":{"line":176,"column":11}}],"line":172},"6":{"loc":{"start":{"line":183,"column":12},"end":{"line":183,"column":46}},"type":"if","locations":[{"start":{"line":183,"column":12},"end":{"line":183,"column":46}},{"start":{},"end":{}}],"line":183},"7":{"loc":{"start":{"line":208,"column":6},"end":{"line":210,"column":7}},"type":"if","locations":[{"start":{"line":208,"column":6},"end":{"line":210,"column":7}},{"start":{},"end":{}}],"line":208},"8":{"loc":{"start":{"line":212,"column":6},"end":{"line":256,"column":7}},"type":"if","locations":[{"start":{"line":212,"column":6},"end":{"line":256,"column":7}},{"start":{},"end":{}}],"line":212},"9":{"loc":{"start":{"line":215,"column":26},"end":{"line":217,"column":30}},"type":"cond-expr","locations":[{"start":{"line":216,"column":12},"end":{"line":216,"column":13}},{"start":{"line":217,"column":13},"end":{"line":217,"column":29}}],"line":215},"10":{"loc":{"start":{"line":219,"column":8},"end":{"line":255,"column":9}},"type":"if","locations":[{"start":{"line":219,"column":8},"end":{"line":255,"column":9}},{"start":{"line":231,"column":15},"end":{"line":255,"column":9}}],"line":219},"11":{"loc":{"start":{"line":221,"column":10},"end":{"line":230,"column":11}},"type":"if","locations":[{"start":{"line":221,"column":10},"end":{"line":230,"column":11}},{"start":{},"end":{}}],"line":221},"12":{"loc":{"start":{"line":236,"column":10},"end":{"line":247,"column":11}},"type":"if","locations":[{"start":{"line":236,"column":10},"end":{"line":247,"column":11}},{"start":{},"end":{}}],"line":236},"13":{"loc":{"start":{"line":238,"column":12},"end":{"line":246,"column":13}},"type":"if","locations":[{"start":{"line":238,"column":12},"end":{"line":246,"column":13}},{"start":{},"end":{}}],"line":238},"14":{"loc":{"start":{"line":251,"column":10},"end":{"line":254,"column":11}},"type":"if","locations":[{"start":{"line":251,"column":10},"end":{"line":254,"column":11}},{"start":{},"end":{}}],"line":251}},"s":{"0":2,"1":8,"2":8,"3":8,"4":8,"5":8,"6":8,"7":4,"8":0,"9":4,"10":4,"11":8,"12":4,"13":4,"14":8,"15":8,"16":4,"17":4,"18":4,"19":8,"20":4,"21":8,"22":4,"23":4,"24":8,"25":8,"26":8,"27":8,"28":4,"29":8,"30":4,"31":4,"32":4,"33":1,"34":4,"35":0,"36":0,"37":0,"38":0,"39":0,"40":0,"41":0,"42":0,"43":0,"44":0,"45":0,"46":0,"47":0,"48":0,"49":0,"50":0,"51":0,"52":8,"53":6,"54":0,"55":0,"56":0,"57":0,"58":0,"59":0,"60":0,"61":0,"62":0,"63":0,"64":0,"65":0,"66":0,"67":0,"68":0,"69":0,"70":0,"71":0,"72":0,"73":0,"74":0,"75":0,"76":0,"77":0,"78":0,"79":0,"80":0,"81":0,"82":0,"83":0,"84":0,"85":6,"86":6,"87":6,"88":8,"89":2,"90":1,"91":1,"92":1,"93":1,"94":8},"f":{"0":8,"1":4,"2":8,"3":8,"4":4,"5":8,"6":8,"7":8,"8":8,"9":8,"10":8,"11":8,"12":0,"13":0,"14":0,"15":0,"16":0,"17":6,"18":0,"19":0,"20":6,"21":2,"22":1},"b":{"0":[0,4],"1":[8,0],"2":[3,5],"3":[3,5],"4":[1,3],"5":[0,0],"6":[0,0],"7":[0,0],"8":[0,0],"9":[0,0],"10":[0,0],"11":[0,0],"12":[0,0],"13":[0,0],"14":[0,0]},"_coverageSchema":"1a1c01bbd47fc00a2c39e90264f33305004495a9","hash":"7eb572dd6bf6ed45d7837cbfebab36cb095635d9"}
,"/Users/navnoorsinghmahal/WebstormProjects/Cash-App-Bias-Busters1/frontend/src/pages/DashboardPage/data/graphDataDefault.js": {"path":"/Users/navnoorsinghmahal/WebstormProjects/Cash-App-Bias-Busters1/frontend/src/pages/DashboardPage/data/graphDataDefault.js","statementMap":{"0":{"start":{"line":1,"column":25},"end":{"line":114,"column":1}}},"fnMap":{},"branchMap":{},"s":{"0":1},"f":{},"b":{},"_coverageSchema":"1a1c01bbd47fc00a2c39e90264f33305004495a9","hash":"13bf135cd369e38fdfb99473c301538af050e820"}
,"/Users/navnoorsinghmahal/WebstormProjects/Cash-App-Bias-Busters1/frontend/src/pages/SharePage/SharePage.jsx": {"path":"/Users/navnoorsinghmahal/WebstormProjects/Cash-App-Bias-Busters1/frontend/src/pages/SharePage/SharePage.jsx","statementMap":{"0":{"start":{"line":9,"column":18},"end":{"line":156,"column":1}},"1":{"start":{"line":10,"column":29},"end":{"line":10,"column":38}},"2":{"start":{"line":11,"column":28},"end":{"line":11,"column":39}},"3":{"start":{"line":12,"column":21},"end":{"line":12,"column":33}},"4":{"start":{"line":14,"column":28},"end":{"line":14,"column":42}},"5":{"start":{"line":15,"column":34},"end":{"line":15,"column":48}},"6":{"start":{"line":16,"column":30},"end":{"line":16,"column":44}},"7":{"start":{"line":17,"column":42},"end":{"line":17,"column":56}},"8":{"start":{"line":18,"column":38},"end":{"line":18,"column":64}},"9":{"start":{"line":20,"column":4},"end":{"line":59,"column":22}},"10":{"start":{"line":21,"column":8},"end":{"line":58,"column":9}},"11":{"start":{"line":22,"column":12},"end":{"line":22,"column":29}},"12":{"start":{"line":23,"column":12},"end":{"line":54,"column":19}},"13":{"start":{"line":27,"column":20},"end":{"line":29,"column":21}},"14":{"start":{"line":28,"column":24},"end":{"line":28,"column":64}},"15":{"start":{"line":30,"column":20},"end":{"line":30,"column":43}},"16":{"start":{"line":34,"column":20},"end":{"line":36,"column":21}},"17":{"start":{"line":35,"column":24},"end":{"line":35,"column":63}},"18":{"start":{"line":37,"column":20},"end":{"line":39,"column":21}},"19":{"start":{"line":38,"column":24},"end":{"line":38,"column":72}},"20":{"start":{"line":40,"column":20},"end":{"line":40,"column":45}},"21":{"start":{"line":41,"column":20},"end":{"line":41,"column":38}},"22":{"start":{"line":43,"column":20},"end":{"line":46,"column":21}},"23":{"start":{"line":44,"column":24},"end":{"line":44,"column":121}},"24":{"start":{"line":45,"column":24},"end":{"line":45,"column":31}},"25":{"start":{"line":48,"column":20},"end":{"line":48,"column":50}},"26":{"start":{"line":49,"column":20},"end":{"line":49,"column":58}},"27":{"start":{"line":52,"column":20},"end":{"line":52,"column":44}},"28":{"start":{"line":53,"column":20},"end":{"line":53,"column":38}},"29":{"start":{"line":56,"column":12},"end":{"line":56,"column":54}},"30":{"start":{"line":57,"column":12},"end":{"line":57,"column":30}},"31":{"start":{"line":61,"column":33},"end":{"line":73,"column":5}},"32":{"start":{"line":62,"column":8},"end":{"line":64,"column":9}},"33":{"start":{"line":63,"column":12},"end":{"line":63,"column":78}},"34":{"start":{"line":67,"column":30},"end":{"line":67,"column":80}},"35":{"start":{"line":67,"column":57},"end":{"line":67,"column":76}},"36":{"start":{"line":70,"column":32},"end":{"line":70,"column":59}},"37":{"start":{"line":72,"column":8},"end":{"line":72,"column":63}},"38":{"start":{"line":75,"column":21},"end":{"line":85,"column":5}},"39":{"start":{"line":76,"column":32},"end":{"line":76,"column":41}},"40":{"start":{"line":78,"column":8},"end":{"line":83,"column":9}},"41":{"start":{"line":79,"column":35},"end":{"line":79,"column":52}},"42":{"start":{"line":80,"column":12},"end":{"line":82,"column":13}},"43":{"start":{"line":81,"column":16},"end":{"line":81,"column":51}},"44":{"start":{"line":84,"column":8},"end":{"line":84,"column":33}},"45":{"start":{"line":87,"column":4},"end":{"line":154,"column":6}},"46":{"start":{"line":133,"column":44},"end":{"line":133,"column":72}},"47":{"start":{"line":145,"column":44},"end":{"line":145,"column":72}}},"fnMap":{"0":{"name":"(anonymous_0)","decl":{"start":{"line":9,"column":18},"end":{"line":9,"column":19}},"loc":{"start":{"line":9,"column":24},"end":{"line":156,"column":1}},"line":9},"1":{"name":"(anonymous_1)","decl":{"start":{"line":20,"column":14},"end":{"line":20,"column":15}},"loc":{"start":{"line":20,"column":20},"end":{"line":59,"column":5}},"line":20},"2":{"name":"(anonymous_2)","decl":{"start":{"line":26,"column":22},"end":{"line":26,"column":23}},"loc":{"start":{"line":26,"column":36},"end":{"line":31,"column":17}},"line":26},"3":{"name":"(anonymous_3)","decl":{"start":{"line":32,"column":22},"end":{"line":32,"column":23}},"loc":{"start":{"line":32,"column":32},"end":{"line":50,"column":17}},"line":32},"4":{"name":"(anonymous_4)","decl":{"start":{"line":51,"column":23},"end":{"line":51,"column":24}},"loc":{"start":{"line":51,"column":34},"end":{"line":54,"column":17}},"line":51},"5":{"name":"(anonymous_5)","decl":{"start":{"line":61,"column":33},"end":{"line":61,"column":34}},"loc":{"start":{"line":61,"column":43},"end":{"line":73,"column":5}},"line":61},"6":{"name":"(anonymous_6)","decl":{"start":{"line":67,"column":42},"end":{"line":67,"column":43}},"loc":{"start":{"line":67,"column":57},"end":{"line":67,"column":76}},"line":67},"7":{"name":"(anonymous_7)","decl":{"start":{"line":75,"column":21},"end":{"line":75,"column":22}},"loc":{"start":{"line":75,"column":27},"end":{"line":85,"column":5}},"line":75},"8":{"name":"(anonymous_8)","decl":{"start":{"line":132,"column":64},"end":{"line":132,"column":65}},"loc":{"start":{"line":133,"column":44},"end":{"line":133,"column":72}},"line":133},"9":{"name":"(anonymous_9)","decl":{"start":{"line":144,"column":70},"end":{"line":144,"column":71}},"loc":{"start":{"line":145,"column":44},"end":{"line":145,"column":72}},"line":145}},"branchMap":{"0":{"loc":{"start":{"line":21,"column":8},"end":{"line":58,"column":9}},"type":"if","locations":[{"start":{"line":21,"column":8},"end":{"line":58,"column":9}},{"start":{"line":55,"column":15},"end":{"line":58,"column":9}}],"line":21},"1":{"loc":{"start":{"line":27,"column":20},"end":{"line":29,"column":21}},"type":"if","locations":[{"start":{"line":27,"column":20},"end":{"line":29,"column":21}},{"start":{},"end":{}}],"line":27},"2":{"loc":{"start":{"line":34,"column":20},"end":{"line":36,"column":21}},"type":"if","locations":[{"start":{"line":34,"column":20},"end":{"line":36,"column":21}},{"start":{},"end":{}}],"line":34},"3":{"loc":{"start":{"line":34,"column":24},"end":{"line":34,"column":60}},"type":"binary-expr","locations":[{"start":{"line":34,"column":24},"end":{"line":34,"column":40}},{"start":{"line":34,"column":44},"end":{"line":34,"column":60}}],"line":34},"4":{"loc":{"start":{"line":37,"column":20},"end":{"line":39,"column":21}},"type":"if","locations":[{"start":{"line":37,"column":20},"end":{"line":39,"column":21}},{"start":{},"end":{}}],"line":37},"5":{"loc":{"start":{"line":37,"column":24},"end":{"line":37,"column":198}},"type":"binary-expr","locations":[{"start":{"line":37,"column":24},"end":{"line":37,"column":49}},{"start":{"line":37,"column":53},"end":{"line":37,"column":79}},{"start":{"line":37,"column":83},"end":{"line":37,"column":119}},{"start":{"line":37,"column":123},"end":{"line":37,"column":154}},{"start":{"line":37,"column":158},"end":{"line":37,"column":198}}],"line":37},"6":{"loc":{"start":{"line":43,"column":20},"end":{"line":46,"column":21}},"type":"if","locations":[{"start":{"line":43,"column":20},"end":{"line":46,"column":21}},{"start":{},"end":{}}],"line":43},"7":{"loc":{"start":{"line":62,"column":8},"end":{"line":64,"column":9}},"type":"if","locations":[{"start":{"line":62,"column":8},"end":{"line":64,"column":9}},{"start":{},"end":{}}],"line":62},"8":{"loc":{"start":{"line":62,"column":12},"end":{"line":62,"column":53}},"type":"binary-expr","locations":[{"start":{"line":62,"column":12},"end":{"line":62,"column":32}},{"start":{"line":62,"column":36},"end":{"line":62,"column":53}}],"line":62},"9":{"loc":{"start":{"line":80,"column":12},"end":{"line":82,"column":13}},"type":"if","locations":[{"start":{"line":80,"column":12},"end":{"line":82,"column":13}},{"start":{},"end":{}}],"line":80},"10":{"loc":{"start":{"line":89,"column":13},"end":{"line":152,"column":13}},"type":"cond-expr","locations":[{"start":{"line":90,"column":16},"end":{"line":90,"column":58}},{"start":{"line":91,"column":16},"end":{"line":152,"column":13}}],"line":89},"11":{"loc":{"start":{"line":91,"column":16},"end":{"line":152,"column":13}},"type":"cond-expr","locations":[{"start":{"line":92,"column":16},"end":{"line":92,"column":56}},{"start":{"line":94,"column":16},"end":{"line":151,"column":22}}],"line":91},"12":{"loc":{"start":{"line":103,"column":49},"end":{"line":103,"column":90}},"type":"cond-expr","locations":[{"start":{"line":103,"column":69},"end":{"line":103,"column":78}},{"start":{"line":103,"column":81},"end":{"line":103,"column":90}}],"line":103},"13":{"loc":{"start":{"line":112,"column":29},"end":{"line":119,"column":29}},"type":"binary-expr","locations":[{"start":{"line":112,"column":29},"end":{"line":112,"column":38}},{"start":{"line":112,"column":42},"end":{"line":112,"column":75}},{"start":{"line":113,"column":32},"end":{"line":118,"column":34}}],"line":112},"14":{"loc":{"start":{"line":131,"column":37},"end":{"line":134,"column":42}},"type":"binary-expr","locations":[{"start":{"line":131,"column":37},"end":{"line":131,"column":56}},{"start":{"line":132,"column":40},"end":{"line":134,"column":42}}],"line":131},"15":{"loc":{"start":{"line":143,"column":37},"end":{"line":146,"column":42}},"type":"binary-expr","locations":[{"start":{"line":143,"column":37},"end":{"line":143,"column":62}},{"start":{"line":144,"column":40},"end":{"line":146,"column":42}}],"line":143}},"s":{"0":1,"1":6,"2":6,"3":6,"4":6,"5":6,"6":6,"7":6,"8":6,"9":6,"10":3,"11":0,"12":0,"13":0,"14":0,"15":0,"16":0,"17":0,"18":0,"19":0,"20":0,"21":0,"22":0,"23":0,"24":0,"25":0,"26":0,"27":0,"28":0,"29":3,"30":3,"31":6,"32":0,"33":0,"34":0,"35":0,"36":0,"37":0,"38":6,"39":0,"40":0,"41":0,"42":0,"43":0,"44":0,"45":6,"46":0,"47":0},"f":{"0":6,"1":3,"2":0,"3":0,"4":0,"5":0,"6":0,"7":0,"8":0,"9":0},"b":{"0":[0,3],"1":[0,0],"2":[0,0],"3":[0,0],"4":[0,0],"5":[0,0,0,0,0],"6":[0,0],"7":[0,0],"8":[0,0],"9":[0,0],"10":[3,3],"11":[3,0],"12":[0,0],"13":[0,0,0],"14":[0,0],"15":[0,0]},"_coverageSchema":"1a1c01bbd47fc00a2c39e90264f33305004495a9","hash":"9f090b4482927ce5f96dc3a999f936e88865a787"}
,"/Users/navnoorsinghmahal/WebstormProjects/Cash-App-Bias-Busters1/frontend/src/pages/UserLogin/UserLogin.jsx": {"path":"/Users/navnoorsinghmahal/WebstormProjects/Cash-App-Bias-Busters1/frontend/src/pages/UserLogin/UserLogin.jsx","statementMap":{"0":{"start":{"line":10,"column":18},"end":{"line":131,"column":1}},"1":{"start":{"line":11,"column":19},"end":{"line":11,"column":32}},"2":{"start":{"line":12,"column":27},"end":{"line":12,"column":38}},"3":{"start":{"line":14,"column":2},"end":{"line":22,"column":9}},"4":{"start":{"line":15,"column":26},"end":{"line":15,"column":63}},"5":{"start":{"line":17,"column":4},"end":{"line":19,"column":5}},"6":{"start":{"line":18,"column":6},"end":{"line":18,"column":21}},"7":{"start":{"line":21,"column":4},"end":{"line":21,"column":45}},"8":{"start":{"line":24,"column":23},"end":{"line":36,"column":3}},"9":{"start":{"line":25,"column":4},"end":{"line":35,"column":5}},"10":{"start":{"line":26,"column":23},"end":{"line":26,"column":69}},"11":{"start":{"line":28,"column":6},"end":{"line":32,"column":7}},"12":{"start":{"line":29,"column":8},"end":{"line":29,"column":22}},"13":{"start":{"line":31,"column":8},"end":{"line":31,"column":63}},"14":{"start":{"line":34,"column":6},"end":{"line":34,"column":51}},"15":{"start":{"line":42,"column":6},"end":{"line":42,"column":15}},"16":{"start":{"line":44,"column":21},"end":{"line":81,"column":3}},"17":{"start":{"line":45,"column":4},"end":{"line":45,"column":22}},"18":{"start":{"line":47,"column":16},"end":{"line":47,"column":43}},"19":{"start":{"line":49,"column":4},"end":{"line":80,"column":9}},"20":{"start":{"line":56,"column":21},"end":{"line":56,"column":31}},"21":{"start":{"line":58,"column":8},"end":{"line":58,"column":30}},"22":{"start":{"line":59,"column":8},"end":{"line":76,"column":9}},"23":{"start":{"line":60,"column":10},"end":{"line":63,"column":13}},"24":{"start":{"line":65,"column":10},"end":{"line":65,"column":50}},"25":{"start":{"line":66,"column":10},"end":{"line":75,"column":15}},"26":{"start":{"line":73,"column":14},"end":{"line":73,"column":46}},"27":{"start":{"line":74,"column":14},"end":{"line":74,"column":37}},"28":{"start":{"line":79,"column":8},"end":{"line":79,"column":23}},"29":{"start":{"line":83,"column":2},"end":{"line":130,"column":4}},"30":{"start":{"line":104,"column":16},"end":{"line":104,"column":58}},"31":{"start":{"line":121,"column":16},"end":{"line":121,"column":58}}},"fnMap":{"0":{"name":"(anonymous_0)","decl":{"start":{"line":10,"column":18},"end":{"line":10,"column":19}},"loc":{"start":{"line":10,"column":24},"end":{"line":131,"column":1}},"line":10},"1":{"name":"(anonymous_1)","decl":{"start":{"line":14,"column":12},"end":{"line":14,"column":13}},"loc":{"start":{"line":14,"column":18},"end":{"line":22,"column":3}},"line":14},"2":{"name":"(anonymous_2)","decl":{"start":{"line":24,"column":23},"end":{"line":24,"column":24}},"loc":{"start":{"line":24,"column":35},"end":{"line":36,"column":3}},"line":24},"3":{"name":"(anonymous_3)","decl":{"start":{"line":44,"column":21},"end":{"line":44,"column":22}},"loc":{"start":{"line":44,"column":31},"end":{"line":81,"column":3}},"line":44},"4":{"name":"(anonymous_4)","decl":{"start":{"line":56,"column":12},"end":{"line":56,"column":13}},"loc":{"start":{"line":56,"column":21},"end":{"line":56,"column":31}},"line":56},"5":{"name":"(anonymous_5)","decl":{"start":{"line":57,"column":12},"end":{"line":57,"column":13}},"loc":{"start":{"line":57,"column":21},"end":{"line":77,"column":7}},"line":57},"6":{"name":"(anonymous_6)","decl":{"start":{"line":72,"column":18},"end":{"line":72,"column":19}},"loc":{"start":{"line":72,"column":24},"end":{"line":75,"column":13}},"line":72},"7":{"name":"(anonymous_7)","decl":{"start":{"line":78,"column":13},"end":{"line":78,"column":14}},"loc":{"start":{"line":78,"column":20},"end":{"line":80,"column":7}},"line":78},"8":{"name":"(anonymous_8)","decl":{"start":{"line":103,"column":22},"end":{"line":103,"column":23}},"loc":{"start":{"line":104,"column":16},"end":{"line":104,"column":58}},"line":104},"9":{"name":"(anonymous_9)","decl":{"start":{"line":120,"column":22},"end":{"line":120,"column":23}},"loc":{"start":{"line":121,"column":16},"end":{"line":121,"column":58}},"line":121}},"branchMap":{"0":{"loc":{"start":{"line":17,"column":4},"end":{"line":19,"column":5}},"type":"if","locations":[{"start":{"line":17,"column":4},"end":{"line":19,"column":5}},{"start":{},"end":{}}],"line":17},"1":{"loc":{"start":{"line":17,"column":8},"end":{"line":17,"column":49}},"type":"binary-expr","locations":[{"start":{"line":17,"column":8},"end":{"line":17,"column":21}},{"start":{"line":17,"column":25},"end":{"line":17,"column":49}}],"line":17},"2":{"loc":{"start":{"line":28,"column":6},"end":{"line":32,"column":7}},"type":"if","locations":[{"start":{"line":28,"column":6},"end":{"line":32,"column":7}},{"start":{"line":30,"column":13},"end":{"line":32,"column":7}}],"line":28},"3":{"loc":{"start":{"line":59,"column":8},"end":{"line":76,"column":9}},"type":"if","locations":[{"start":{"line":59,"column":8},"end":{"line":76,"column":9}},{"start":{"line":64,"column":15},"end":{"line":76,"column":9}}],"line":59}},"s":{"0":1,"1":7,"2":7,"3":7,"4":4,"5":4,"6":0,"7":4,"8":7,"9":0,"10":0,"11":0,"12":0,"13":0,"14":0,"15":7,"16":7,"17":2,"18":2,"19":2,"20":2,"21":2,"22":2,"23":1,"24":1,"25":1,"26":0,"27":0,"28":0,"29":7,"30":1,"31":1},"f":{"0":7,"1":4,"2":0,"3":2,"4":2,"5":2,"6":0,"7":0,"8":1,"9":1},"b":{"0":[0,4],"1":[4,0],"2":[0,0],"3":[1,1]},"_coverageSchema":"1a1c01bbd47fc00a2c39e90264f33305004495a9","hash":"6b02fd42a6e1e219bb2ebf2d353d794c5a1104d9"}
,"/Users/navnoorsinghmahal/WebstormProjects/Cash-App-Bias-Busters1/frontend/src/pages/UserSignup/UserSignup.jsx": {"path":"/Users/navnoorsinghmahal/WebstormProjects/Cash-App-Bias-Busters1/frontend/src/pages/UserSignup/UserSignup.jsx","statementMap":{"0":{"start":{"line":11,"column":19},"end":{"line":205,"column":1}},"1":{"start":{"line":12,"column":27},"end":{"line":12,"column":38}},"2":{"start":{"line":14,"column":19},"end":{"line":14,"column":32}},"3":{"start":{"line":16,"column":2},"end":{"line":24,"column":9}},"4":{"start":{"line":17,"column":26},"end":{"line":17,"column":63}},"5":{"start":{"line":19,"column":4},"end":{"line":21,"column":5}},"6":{"start":{"line":20,"column":6},"end":{"line":20,"column":21}},"7":{"start":{"line":23,"column":4},"end":{"line":23,"column":45}},"8":{"start":{"line":26,"column":23},"end":{"line":38,"column":3}},"9":{"start":{"line":27,"column":4},"end":{"line":37,"column":5}},"10":{"start":{"line":28,"column":23},"end":{"line":28,"column":69}},"11":{"start":{"line":30,"column":6},"end":{"line":34,"column":7}},"12":{"start":{"line":31,"column":8},"end":{"line":31,"column":22}},"13":{"start":{"line":33,"column":8},"end":{"line":33,"column":63}},"14":{"start":{"line":36,"column":6},"end":{"line":36,"column":51}},"15":{"start":{"line":44,"column":6},"end":{"line":44,"column":15}},"16":{"start":{"line":47,"column":4},"end":{"line":47,"column":22}},"17":{"start":{"line":48,"column":42},"end":{"line":48,"column":46}},"18":{"start":{"line":50,"column":4},"end":{"line":56,"column":5}},"19":{"start":{"line":51,"column":6},"end":{"line":54,"column":9}},"20":{"start":{"line":55,"column":6},"end":{"line":55,"column":13}},"21":{"start":{"line":58,"column":16},"end":{"line":58,"column":44}},"22":{"start":{"line":60,"column":4},"end":{"line":89,"column":9}},"23":{"start":{"line":67,"column":21},"end":{"line":67,"column":31}},"24":{"start":{"line":69,"column":8},"end":{"line":85,"column":9}},"25":{"start":{"line":70,"column":10},"end":{"line":73,"column":13}},"26":{"start":{"line":75,"column":10},"end":{"line":75,"column":50}},"27":{"start":{"line":76,"column":10},"end":{"line":84,"column":15}},"28":{"start":{"line":83,"column":14},"end":{"line":83,"column":28}},"29":{"start":{"line":88,"column":8},"end":{"line":88,"column":23}},"30":{"start":{"line":92,"column":2},"end":{"line":204,"column":4}},"31":{"start":{"line":116,"column":18},"end":{"line":116,"column":58}},"32":{"start":{"line":133,"column":18},"end":{"line":133,"column":58}},"33":{"start":{"line":152,"column":18},"end":{"line":152,"column":58}},"34":{"start":{"line":173,"column":18},"end":{"line":173,"column":58}},"35":{"start":{"line":192,"column":18},"end":{"line":192,"column":58}}},"fnMap":{"0":{"name":"(anonymous_0)","decl":{"start":{"line":11,"column":19},"end":{"line":11,"column":20}},"loc":{"start":{"line":11,"column":25},"end":{"line":205,"column":1}},"line":11},"1":{"name":"(anonymous_1)","decl":{"start":{"line":16,"column":12},"end":{"line":16,"column":13}},"loc":{"start":{"line":16,"column":18},"end":{"line":24,"column":3}},"line":16},"2":{"name":"(anonymous_2)","decl":{"start":{"line":26,"column":23},"end":{"line":26,"column":24}},"loc":{"start":{"line":26,"column":35},"end":{"line":38,"column":3}},"line":26},"3":{"name":"handleForm","decl":{"start":{"line":46,"column":11},"end":{"line":46,"column":21}},"loc":{"start":{"line":46,"column":28},"end":{"line":90,"column":3}},"line":46},"4":{"name":"(anonymous_4)","decl":{"start":{"line":67,"column":12},"end":{"line":67,"column":13}},"loc":{"start":{"line":67,"column":21},"end":{"line":67,"column":31}},"line":67},"5":{"name":"(anonymous_5)","decl":{"start":{"line":68,"column":12},"end":{"line":68,"column":13}},"loc":{"start":{"line":68,"column":21},"end":{"line":86,"column":7}},"line":68},"6":{"name":"(anonymous_6)","decl":{"start":{"line":82,"column":18},"end":{"line":82,"column":19}},"loc":{"start":{"line":82,"column":24},"end":{"line":84,"column":13}},"line":82},"7":{"name":"(anonymous_7)","decl":{"start":{"line":87,"column":13},"end":{"line":87,"column":14}},"loc":{"start":{"line":87,"column":20},"end":{"line":89,"column":7}},"line":87},"8":{"name":"(anonymous_8)","decl":{"start":{"line":115,"column":24},"end":{"line":115,"column":25}},"loc":{"start":{"line":116,"column":18},"end":{"line":116,"column":58}},"line":116},"9":{"name":"(anonymous_9)","decl":{"start":{"line":132,"column":24},"end":{"line":132,"column":25}},"loc":{"start":{"line":133,"column":18},"end":{"line":133,"column":58}},"line":133},"10":{"name":"(anonymous_10)","decl":{"start":{"line":151,"column":24},"end":{"line":151,"column":25}},"loc":{"start":{"line":152,"column":18},"end":{"line":152,"column":58}},"line":152},"11":{"name":"(anonymous_11)","decl":{"start":{"line":172,"column":24},"end":{"line":172,"column":25}},"loc":{"start":{"line":173,"column":18},"end":{"line":173,"column":58}},"line":173},"12":{"name":"(anonymous_12)","decl":{"start":{"line":191,"column":24},"end":{"line":191,"column":25}},"loc":{"start":{"line":192,"column":18},"end":{"line":192,"column":58}},"line":192}},"branchMap":{"0":{"loc":{"start":{"line":19,"column":4},"end":{"line":21,"column":5}},"type":"if","locations":[{"start":{"line":19,"column":4},"end":{"line":21,"column":5}},{"start":{},"end":{}}],"line":19},"1":{"loc":{"start":{"line":19,"column":8},"end":{"line":19,"column":49}},"type":"binary-expr","locations":[{"start":{"line":19,"column":8},"end":{"line":19,"column":21}},{"start":{"line":19,"column":25},"end":{"line":19,"column":49}}],"line":19},"2":{"loc":{"start":{"line":30,"column":6},"end":{"line":34,"column":7}},"type":"if","locations":[{"start":{"line":30,"column":6},"end":{"line":34,"column":7}},{"start":{"line":32,"column":13},"end":{"line":34,"column":7}}],"line":30},"3":{"loc":{"start":{"line":50,"column":4},"end":{"line":56,"column":5}},"type":"if","locations":[{"start":{"line":50,"column":4},"end":{"line":56,"column":5}},{"start":{},"end":{}}],"line":50},"4":{"loc":{"start":{"line":69,"column":8},"end":{"line":85,"column":9}},"type":"if","locations":[{"start":{"line":69,"column":8},"end":{"line":85,"column":9}},{"start":{"line":74,"column":15},"end":{"line":85,"column":9}}],"line":69}},"s":{"0":1,"1":13,"2":13,"3":13,"4":7,"5":7,"6":0,"7":7,"8":13,"9":0,"10":0,"11":0,"12":0,"13":0,"14":0,"15":13,"16":4,"17":4,"18":4,"19":1,"20":1,"21":3,"22":3,"23":3,"24":3,"25":1,"26":2,"27":2,"28":0,"29":0,"30":13,"31":2,"32":2,"33":2,"34":2,"35":2},"f":{"0":13,"1":7,"2":0,"3":4,"4":3,"5":3,"6":0,"7":0,"8":2,"9":2,"10":2,"11":2,"12":2},"b":{"0":[0,7],"1":[7,0],"2":[0,0],"3":[1,3],"4":[1,2]},"_coverageSchema":"1a1c01bbd47fc00a2c39e90264f33305004495a9","hash":"3ccab8afda60ab585f0d07c97ed906d1bd7f514d"}
}
