TN:
SF:src/envConfig.js
FN:1,(anonymous_0)
FNF:1
FNH:0
FNDA:0,(anonymous_0)
DA:1,0
DA:2,0
DA:4,0
DA:5,0
DA:7,0
DA:9,0
LF:6
LH:0
BRDA:2,0,0,0
BRDA:2,0,1,0
BRDA:2,1,0,0
BRDA:2,1,1,0
BRDA:5,2,0,0
BRDA:5,2,1,0
BRF:6
BRH:0
end_of_record
TN:
SF:src/main.jsx
FNF:0
FNH:0
DA:6,0
LF:1
LH:0
BRF:0
BRH:0
end_of_record
TN:
SF:src/App/App.jsx
FN:18,(anonymous_0)
FNF:1
FNH:0
FNDA:0,(anonymous_0)
DA:18,0
DA:19,0
DA:21,0
LF:3
LH:0
BRF:0
BRH:0
end_of_record
TN:
SF:src/Components/Modal/Modal.jsx
FN:3,(anonymous_0)
FN:4,(anonymous_1)
FNF:2
FNH:2
FNDA:6,(anonymous_0)
FNDA:2,(anonymous_1)
DA:3,1
DA:4,6
DA:5,2
DA:6,2
DA:9,6
LF:5
LH:5
BRF:0
BRH:0
end_of_record
TN:
SF:src/Components/Navbar/Navbar.jsx
FN:4,Navbar
FNF:1
FNH:1
FNDA:3,Navbar
DA:5,3
LF:1
LH:1
BRF:0
BRH:0
end_of_record
TN:
SF:src/Components/UserNavbar/UserNavbar.jsx
FN:7,UserNavbar
FN:12,(anonymous_1)
FNF:2
FNH:2
FNDA:5,UserNavbar
FNDA:2,(anonymous_1)
DA:8,5
DA:10,5
DA:12,5
DA:13,2
DA:14,2
DA:16,2
DA:17,1
DA:19,1
DA:22,0
DA:26,5
LF:10
LH:9
BRDA:16,0,0,1
BRDA:16,0,1,1
BRF:2
BRH:2
end_of_record
TN:
SF:src/Layout/PublicLayout.jsx
FN:5,(anonymous_0)
FNF:1
FNH:1
FNDA:2,(anonymous_0)
DA:5,1
DA:6,2
LF:2
LH:2
BRF:0
BRH:0
end_of_record
TN:
SF:src/Layout/UserLayout.jsx
FN:5,(anonymous_0)
FNF:1
FNH:1
FNDA:1,(anonymous_0)
DA:5,1
DA:6,1
LF:2
LH:2
BRF:0
BRH:0
end_of_record
TN:
SF:src/pages/AboutPage/AboutPage.jsx
FN:5,(anonymous_0)
FNF:1
FNH:1
FNDA:6,(anonymous_0)
DA:5,1
DA:6,6
LF:2
LH:2
BRF:0
BRH:0
end_of_record
TN:
SF:src/pages/ChangePassword/ChangePassword.jsx
FN:6,(anonymous_0)
FN:15,(anonymous_1)
FN:27,(anonymous_2)
FN:28,(anonymous_3)
FN:44,(anonymous_4)
FN:71,(anonymous_5)
FN:90,(anonymous_6)
FN:109,(anonymous_7)
FNF:8
FNH:4
FNDA:3,(anonymous_0)
FNDA:1,(anonymous_1)
FNDA:1,(anonymous_2)
FNDA:1,(anonymous_3)
FNDA:0,(anonymous_4)
FNDA:0,(anonymous_5)
FNDA:0,(anonymous_6)
FNDA:0,(anonymous_7)
DA:6,1
DA:7,3
DA:13,3
DA:15,3
DA:16,1
DA:18,1
DA:20,1
DA:27,1
DA:29,1
DA:30,1
DA:31,0
DA:36,1
DA:37,1
DA:45,0
DA:49,3
DA:72,0
DA:91,0
DA:110,0
LF:18
LH:13
BRDA:30,0,0,0
BRDA:30,0,1,1
BRF:2
BRH:1
end_of_record
TN:
SF:src/pages/DashboardPage/ChartComponenet/ChartComponent.jsx
FN:5,(anonymous_0)
FN:12,(anonymous_1)
FN:18,(anonymous_2)
FN:26,(anonymous_3)
FN:31,(anonymous_4)
FN:35,(anonymous_5)
FN:37,(anonymous_6)
FN:50,(anonymous_7)
FN:51,(anonymous_8)
FN:53,(anonymous_9)
FN:56,(anonymous_10)
FN:65,(anonymous_11)
FN:146,(anonymous_12)
FN:147,(anonymous_13)
FN:160,(anonymous_14)
FN:171,(anonymous_15)
FN:182,(anonymous_16)
FN:205,(anonymous_17)
FN:206,(anonymous_18)
FN:253,(anonymous_19)
FN:261,(anonymous_20)
FN:268,(anonymous_21)
FN:269,(anonymous_22)
FNF:23
FNH:16
FNDA:16,(anonymous_0)
FNDA:8,(anonymous_1)
FNDA:16,(anonymous_2)
FNDA:16,(anonymous_3)
FNDA:8,(anonymous_4)
FNDA:16,(anonymous_5)
FNDA:16,(anonymous_6)
FNDA:16,(anonymous_7)
FNDA:16,(anonymous_8)
FNDA:16,(anonymous_9)
FNDA:16,(anonymous_10)
FNDA:16,(anonymous_11)
FNDA:0,(anonymous_12)
FNDA:0,(anonymous_13)
FNDA:0,(anonymous_14)
FNDA:0,(anonymous_15)
FNDA:0,(anonymous_16)
FNDA:12,(anonymous_17)
FNDA:0,(anonymous_18)
FNDA:0,(anonymous_19)
FNDA:12,(anonymous_20)
FNDA:4,(anonymous_21)
FNDA:2,(anonymous_22)
DA:5,3
DA:6,16
DA:7,16
DA:8,16
DA:9,16
DA:10,16
DA:12,16
DA:13,8
DA:15,8
DA:17,8
DA:18,16
DA:20,8
DA:26,8
DA:27,16
DA:28,16
DA:31,8
DA:32,8
DA:35,16
DA:37,16
DA:45,8
DA:47,8
DA:50,16
DA:51,16
DA:53,16
DA:56,16
DA:63,8
DA:65,16
DA:74,8
DA:79,8
DA:81,8
DA:82,2
DA:85,8
DA:147,0
DA:161,0
DA:162,0
DA:172,0
DA:173,0
DA:175,0
DA:183,0
DA:185,0
DA:186,0
DA:187,0
DA:188,0
DA:190,0
DA:191,0
DA:192,0
DA:198,0
DA:205,16
DA:206,12
DA:207,0
DA:208,0
DA:209,0
DA:212,0
DA:213,0
DA:215,0
DA:219,0
DA:220,0
DA:221,0
DA:222,0
DA:224,0
DA:225,0
DA:227,0
DA:228,0
DA:229,0
DA:233,0
DA:236,0
DA:237,0
DA:238,0
DA:239,0
DA:240,0
DA:241,0
DA:243,0
DA:244,0
DA:245,0
DA:249,0
DA:250,0
DA:251,0
DA:252,0
DA:253,0
DA:259,12
DA:261,12
DA:262,12
DA:268,16
DA:270,2
DA:271,2
DA:272,2
DA:273,2
DA:277,16
LF:88
LH:43
BRDA:13,0,0,0
BRDA:13,0,1,8
BRDA:42,1,0,16
BRDA:42,1,1,0
BRDA:53,2,0,6
BRDA:53,2,1,10
BRDA:56,3,0,6
BRDA:56,3,1,10
BRDA:81,4,0,2
BRDA:81,4,1,6
BRDA:172,5,0,0
BRDA:172,5,1,0
BRDA:183,6,0,0
BRDA:183,6,1,0
BRDA:208,7,0,0
BRDA:208,7,1,0
BRDA:212,8,0,0
BRDA:212,8,1,0
BRDA:215,9,0,0
BRDA:215,9,1,0
BRDA:219,10,0,0
BRDA:219,10,1,0
BRDA:221,11,0,0
BRDA:221,11,1,0
BRDA:236,12,0,0
BRDA:236,12,1,0
BRDA:238,13,0,0
BRDA:238,13,1,0
BRDA:251,14,0,0
BRDA:251,14,1,0
BRF:30
BRH:8
end_of_record
TN:
SF:src/pages/DashboardPage/Chatbot/Chatbot.jsx
FN:22,(anonymous_0)
FN:44,(anonymous_1)
FN:48,(anonymous_2)
FN:78,(anonymous_3)
FN:90,(anonymous_4)
FN:96,(anonymous_5)
FN:109,(anonymous_6)
FN:111,(anonymous_7)
FN:118,(anonymous_8)
FN:120,(anonymous_9)
FN:128,(anonymous_10)
FN:131,(anonymous_11)
FNF:12
FNH:0
FNDA:0,(anonymous_0)
FNDA:0,(anonymous_1)
FNDA:0,(anonymous_2)
FNDA:0,(anonymous_3)
FNDA:0,(anonymous_4)
FNDA:0,(anonymous_5)
FNDA:0,(anonymous_6)
FNDA:0,(anonymous_7)
FNDA:0,(anonymous_8)
FNDA:0,(anonymous_9)
FNDA:0,(anonymous_10)
FNDA:0,(anonymous_11)
DA:8,0
DA:23,0
DA:45,0
DA:49,0
DA:50,0
DA:78,0
DA:80,0
DA:81,0
DA:83,0
DA:91,0
DA:92,0
DA:93,0
DA:97,0
DA:98,0
DA:99,0
DA:100,0
DA:101,0
DA:102,0
DA:103,0
DA:105,0
DA:110,0
DA:111,0
DA:115,0
DA:119,0
DA:120,0
DA:124,0
DA:128,0
DA:131,0
DA:132,0
DA:134,0
DA:137,0
DA:149,0
LF:32
LH:0
BRDA:80,0,0,0
BRDA:80,0,1,0
BRDA:97,1,0,0
BRDA:97,1,1,0
BRF:4
BRH:0
end_of_record
TN:
SF:src/pages/DashboardPage/ControlButtons/ControlButtons.jsx
FN:7,(anonymous_0)
FN:21,(anonymous_1)
FN:46,(anonymous_2)
FN:61,(anonymous_3)
FN:65,(anonymous_4)
FN:69,(anonymous_5)
FN:73,(anonymous_6)
FN:110,(anonymous_7)
FN:146,(anonymous_8)
FN:150,(anonymous_9)
FN:154,(anonymous_10)
FN:161,(anonymous_11)
FN:169,(anonymous_12)
FN:180,(anonymous_13)
FN:200,(anonymous_14)
FN:284,(anonymous_15)
FN:331,(anonymous_16)
FNF:17
FNH:0
FNDA:0,(anonymous_0)
FNDA:0,(anonymous_1)
FNDA:0,(anonymous_2)
FNDA:0,(anonymous_3)
FNDA:0,(anonymous_4)
FNDA:0,(anonymous_5)
FNDA:0,(anonymous_6)
FNDA:0,(anonymous_7)
FNDA:0,(anonymous_8)
FNDA:0,(anonymous_9)
FNDA:0,(anonymous_10)
FNDA:0,(anonymous_11)
FNDA:0,(anonymous_12)
FNDA:0,(anonymous_13)
FNDA:0,(anonymous_14)
FNDA:0,(anonymous_15)
FNDA:0,(anonymous_16)
DA:7,0
DA:8,0
DA:10,0
DA:11,0
DA:12,0
DA:14,0
DA:15,0
DA:17,0
DA:18,0
DA:19,0
DA:21,0
DA:22,0
DA:24,0
DA:25,0
DA:32,0
DA:33,0
DA:35,0
DA:36,0
DA:38,0
DA:39,0
DA:47,0
DA:51,0
DA:53,0
DA:61,0
DA:62,0
DA:65,0
DA:66,0
DA:69,0
DA:70,0
DA:73,0
DA:74,0
DA:76,0
DA:78,0
DA:79,0
DA:80,0
DA:83,0
DA:84,0
DA:85,0
DA:86,0
DA:88,0
DA:89,0
DA:94,0
DA:95,0
DA:96,0
DA:97,0
DA:98,0
DA:101,0
DA:102,0
DA:103,0
DA:105,0
DA:106,0
DA:110,0
DA:111,0
DA:113,0
DA:115,0
DA:116,0
DA:117,0
DA:120,0
DA:121,0
DA:122,0
DA:124,0
DA:125,0
DA:130,0
DA:131,0
DA:132,0
DA:133,0
DA:134,0
DA:137,0
DA:138,0
DA:139,0
DA:141,0
DA:142,0
DA:146,0
DA:147,0
DA:150,0
DA:151,0
DA:154,0
DA:155,0
DA:157,0
DA:161,0
DA:162,0
DA:164,0
DA:169,0
DA:170,0
DA:171,0
DA:174,0
DA:176,0
DA:178,0
DA:180,0
DA:181,0
DA:182,0
DA:184,0
DA:185,0
DA:186,0
DA:190,0
DA:191,0
DA:192,0
DA:198,0
DA:200,0
DA:201,0
DA:206,0
DA:284,0
DA:331,0
LF:103
LH:0
BRDA:35,0,0,0
BRDA:35,0,1,0
BRDA:35,1,0,0
BRDA:35,1,1,0
BRDA:76,2,0,0
BRDA:76,2,1,0
BRDA:78,3,0,0
BRDA:78,3,1,0
BRDA:94,4,0,0
BRDA:94,4,1,0
BRDA:113,5,0,0
BRDA:113,5,1,0
BRDA:115,6,0,0
BRDA:115,6,1,0
BRDA:130,7,0,0
BRDA:130,7,1,0
BRDA:155,8,0,0
BRDA:155,8,1,0
BRDA:162,9,0,0
BRDA:162,9,1,0
BRDA:170,10,0,0
BRDA:170,10,1,0
BRDA:170,11,0,0
BRDA:170,11,1,0
BRDA:181,12,0,0
BRDA:181,12,1,0
BRDA:182,13,0,0
BRDA:182,13,1,0
BRDA:184,14,0,0
BRDA:184,14,1,0
BRDA:190,15,0,0
BRDA:190,15,1,0
BRDA:249,16,0,0
BRDA:249,16,1,0
BRDA:296,17,0,0
BRDA:296,17,1,0
BRF:36
BRH:0
end_of_record
TN:
SF:src/pages/DashboardPage/Dashboard/Dashboard.jsx
FN:18,(anonymous_0)
FN:35,(anonymous_1)
FN:36,(anonymous_2)
FN:52,(anonymous_3)
FN:53,(anonymous_4)
FN:57,(anonymous_5)
FN:85,(anonymous_6)
FN:101,(anonymous_7)
FN:105,(anonymous_8)
FN:109,(anonymous_9)
FN:110,(anonymous_10)
FN:159,(anonymous_11)
FN:184,(anonymous_12)
FN:185,(anonymous_13)
FN:206,(anonymous_14)
FN:225,(anonymous_15)
FN:233,(anonymous_16)
FN:237,(anonymous_17)
FN:240,(anonymous_18)
FN:264,(anonymous_19)
FN:279,(anonymous_20)
FN:287,(anonymous_21)
FN:288,(anonymous_22)
FN:294,(anonymous_23)
FN:297,(anonymous_24)
FN:328,(anonymous_25)
FN:347,(anonymous_26)
FN:357,(anonymous_27)
FN:358,(anonymous_28)
FN:364,(anonymous_29)
FN:367,(anonymous_30)
FN:387,(anonymous_31)
FN:392,(anonymous_32)
FN:404,(anonymous_33)
FN:408,(anonymous_34)
FN:414,(anonymous_35)
FN:431,(anonymous_36)
FN:456,(anonymous_37)
FN:470,(anonymous_38)
FNF:39
FNH:0
FNDA:0,(anonymous_0)
FNDA:0,(anonymous_1)
FNDA:0,(anonymous_2)
FNDA:0,(anonymous_3)
FNDA:0,(anonymous_4)
FNDA:0,(anonymous_5)
FNDA:0,(anonymous_6)
FNDA:0,(anonymous_7)
FNDA:0,(anonymous_8)
FNDA:0,(anonymous_9)
FNDA:0,(anonymous_10)
FNDA:0,(anonymous_11)
FNDA:0,(anonymous_12)
FNDA:0,(anonymous_13)
FNDA:0,(anonymous_14)
FNDA:0,(anonymous_15)
FNDA:0,(anonymous_16)
FNDA:0,(anonymous_17)
FNDA:0,(anonymous_18)
FNDA:0,(anonymous_19)
FNDA:0,(anonymous_20)
FNDA:0,(anonymous_21)
FNDA:0,(anonymous_22)
FNDA:0,(anonymous_23)
FNDA:0,(anonymous_24)
FNDA:0,(anonymous_25)
FNDA:0,(anonymous_26)
FNDA:0,(anonymous_27)
FNDA:0,(anonymous_28)
FNDA:0,(anonymous_29)
FNDA:0,(anonymous_30)
FNDA:0,(anonymous_31)
FNDA:0,(anonymous_32)
FNDA:0,(anonymous_33)
FNDA:0,(anonymous_34)
FNDA:0,(anonymous_35)
FNDA:0,(anonymous_36)
FNDA:0,(anonymous_37)
FNDA:0,(anonymous_38)
DA:18,0
DA:19,0
DA:20,0
DA:21,0
DA:22,0
DA:24,0
DA:26,0
DA:27,0
DA:29,0
DA:30,0
DA:32,0
DA:33,0
DA:34,0
DA:35,0
DA:36,0
DA:39,0
DA:40,0
DA:41,0
DA:48,0
DA:50,0
DA:52,0
DA:53,0
DA:55,0
DA:57,0
DA:58,0
DA:60,0
DA:61,0
DA:68,0
DA:69,0
DA:71,0
DA:72,0
DA:74,0
DA:76,0
DA:86,0
DA:90,0
DA:93,0
DA:101,0
DA:102,0
DA:105,0
DA:106,0
DA:109,0
DA:110,0
DA:111,0
DA:112,0
DA:119,0
DA:125,0
DA:127,0
DA:128,0
DA:129,0
DA:134,0
DA:138,0
DA:139,0
DA:144,0
DA:147,0
DA:149,0
DA:150,0
DA:153,0
DA:154,0
DA:155,0
DA:159,0
DA:160,0
DA:167,0
DA:173,0
DA:179,0
DA:180,0
DA:184,0
DA:185,0
DA:186,0
DA:189,0
DA:190,0
DA:191,0
DA:196,0
DA:197,0
DA:200,0
DA:201,0
DA:204,0
DA:205,0
DA:206,0
DA:210,0
DA:215,0
DA:216,0
DA:220,0
DA:223,0
DA:224,0
DA:225,0
DA:227,0
DA:233,0
DA:234,0
DA:237,0
DA:240,0
DA:241,0
DA:244,0
DA:245,0
DA:246,0
DA:247,0
DA:256,0
DA:257,0
DA:260,0
DA:261,0
DA:262,0
DA:264,0
DA:266,0
DA:269,0
DA:270,0
DA:274,0
DA:277,0
DA:278,0
DA:279,0
DA:281,0
DA:287,0
DA:288,0
DA:289,0
DA:290,0
DA:294,0
DA:297,0
DA:298,0
DA:305,0
DA:306,0
DA:307,0
DA:308,0
DA:317,0
DA:318,0
DA:321,0
DA:322,0
DA:325,0
DA:327,0
DA:328,0
DA:332,0
DA:337,0
DA:338,0
DA:342,0
DA:345,0
DA:346,0
DA:347,0
DA:349,0
DA:357,0
DA:358,0
DA:359,0
DA:360,0
DA:364,0
DA:367,0
DA:368,0
DA:369,0
DA:370,0
DA:372,0
DA:373,0
DA:374,0
DA:375,0
DA:376,0
DA:377,0
DA:379,0
DA:380,0
DA:381,0
DA:383,0
DA:384,0
DA:387,0
DA:388,0
DA:389,0
DA:392,0
DA:393,0
DA:394,0
DA:395,0
DA:396,0
DA:398,0
DA:399,0
DA:400,0
DA:404,0
DA:405,0
DA:408,0
DA:409,0
DA:410,0
DA:414,0
DA:415,0
DA:416,0
DA:419,0
DA:422,0
DA:423,0
DA:426,0
DA:429,0
DA:431,0
DA:432,0
DA:433,0
DA:443,0
DA:444,0
DA:445,0
DA:448,0
DA:450,0
DA:452,0
DA:454,0
DA:455,0
DA:456,0
DA:458,0
DA:463,0
DA:467,0
DA:470,0
DA:471,0
DA:473,0
DA:474,0
DA:475,0
DA:476,0
DA:479,0
DA:482,0
LF:202
LH:0
BRDA:71,0,0,0
BRDA:71,0,1,0
BRDA:71,1,0,0
BRDA:71,1,1,0
BRDA:119,2,0,0
BRDA:119,2,1,0
BRDA:120,3,0,0
BRDA:120,3,1,0
BRDA:120,3,2,0
BRDA:120,3,3,0
BRDA:127,4,0,0
BRDA:127,4,1,0
BRDA:134,5,0,0
BRDA:134,5,1,0
BRDA:135,6,0,0
BRDA:135,6,1,0
BRDA:154,7,0,0
BRDA:154,7,1,0
BRDA:154,8,0,0
BRDA:154,8,1,0
BRDA:160,9,0,0
BRDA:160,9,1,0
BRDA:161,10,0,0
BRDA:161,10,1,0
BRDA:161,10,2,0
BRDA:161,10,3,0
BRDA:161,10,4,0
BRDA:185,11,0,0
BRDA:185,12,0,0
BRDA:189,13,0,0
BRDA:189,13,1,0
BRDA:196,14,0,0
BRDA:196,14,1,0
BRDA:200,15,0,0
BRDA:200,15,1,0
BRDA:200,16,0,0
BRDA:200,16,1,0
BRDA:204,17,0,0
BRDA:204,17,1,0
BRDA:223,18,0,0
BRDA:223,18,1,0
BRDA:240,19,0,0
BRDA:240,20,0,0
BRDA:244,21,0,0
BRDA:244,21,1,0
BRDA:244,22,0,0
BRDA:244,22,1,0
BRDA:256,23,0,0
BRDA:256,23,1,0
BRDA:260,24,0,0
BRDA:260,24,1,0
BRDA:260,25,0,0
BRDA:260,25,1,0
BRDA:262,26,0,0
BRDA:262,26,1,0
BRDA:277,27,0,0
BRDA:277,27,1,0
BRDA:289,28,0,0
BRDA:289,28,1,0
BRDA:297,29,0,0
BRDA:297,30,0,0
BRDA:305,31,0,0
BRDA:305,31,1,0
BRDA:305,32,0,0
BRDA:305,32,1,0
BRDA:317,33,0,0
BRDA:317,33,1,0
BRDA:321,34,0,0
BRDA:321,34,1,0
BRDA:321,35,0,0
BRDA:321,35,1,0
BRDA:325,36,0,0
BRDA:325,36,1,0
BRDA:345,37,0,0
BRDA:345,37,1,0
BRDA:359,38,0,0
BRDA:359,38,1,0
BRDA:359,39,0,0
BRDA:359,39,1,0
BRDA:368,40,0,0
BRDA:368,40,1,0
BRDA:375,41,0,0
BRDA:375,41,1,0
BRDA:392,42,0,0
BRDA:393,43,0,0
BRDA:393,43,1,0
BRDA:409,44,0,0
BRDA:409,44,1,0
BRDA:415,45,0,0
BRDA:415,45,1,0
BRDA:415,46,0,0
BRDA:415,46,1,0
BRDA:422,47,0,0
BRDA:422,47,1,0
BRDA:422,48,0,0
BRDA:422,48,1,0
BRDA:431,49,0,0
BRDA:431,50,0,0
BRDA:444,51,0,0
BRDA:444,51,1,0
BRDA:454,52,0,0
BRDA:454,52,1,0
BRDA:475,53,0,0
BRDA:475,53,1,0
BRDA:494,54,0,0
BRDA:494,54,1,0
BRDA:499,55,0,0
BRDA:499,55,1,0
BRDA:520,56,0,0
BRDA:520,56,1,0
BRDA:536,57,0,0
BRDA:536,57,1,0
BRF:112
BRH:0
end_of_record
TN:
SF:src/pages/DashboardPage/Demographics/DemographicsSelector.jsx
FN:3,(anonymous_0)
FN:32,(anonymous_1)
FN:44,(anonymous_2)
FN:47,(anonymous_3)
FN:53,(anonymous_4)
FN:54,(anonymous_5)
FN:77,(anonymous_6)
FN:78,(anonymous_7)
FN:90,(anonymous_8)
FN:93,(anonymous_9)
FN:104,(anonymous_10)
FN:105,(anonymous_11)
FNF:12
FNH:10
FNDA:2,(anonymous_0)
FNDA:4,(anonymous_1)
FNDA:4,(anonymous_2)
FNDA:0,(anonymous_3)
FNDA:16,(anonymous_4)
FNDA:12,(anonymous_5)
FNDA:2,(anonymous_6)
FNDA:1,(anonymous_7)
FNDA:4,(anonymous_8)
FNDA:0,(anonymous_9)
FNDA:16,(anonymous_10)
FNDA:12,(anonymous_11)
DA:3,1
DA:17,2
DA:33,4
DA:45,4
DA:47,0
DA:53,16
DA:55,12
DA:77,2
DA:79,1
DA:91,4
DA:94,0
DA:104,16
DA:106,12
LF:13
LH:11
BRDA:39,0,0,2
BRDA:39,0,1,1
BRDA:48,1,0,4
BRDA:48,1,1,3
BRDA:65,2,0,2
BRDA:65,2,1,1
BRDA:85,3,0,1
BRDA:85,3,1,1
BRDA:85,3,2,1
BRDA:96,4,0,4
BRDA:96,4,1,3
BRDA:117,5,0,2
BRDA:117,5,1,1
BRF:13
BRH:13
end_of_record
TN:
SF:src/pages/DashboardPage/QRCodeShare/QRCodeShare.jsx
FN:8,(anonymous_0)
FN:23,(anonymous_1)
FN:27,(anonymous_2)
FN:38,(anonymous_3)
FN:60,(anonymous_4)
FNF:5
FNH:1
FNDA:1,(anonymous_0)
FNDA:0,(anonymous_1)
FNDA:0,(anonymous_2)
FNDA:0,(anonymous_3)
FNDA:0,(anonymous_4)
DA:8,1
DA:16,1
DA:18,1
DA:19,1
DA:20,1
DA:21,1
DA:23,1
DA:24,0
DA:27,1
DA:28,0
DA:29,0
DA:30,0
DA:31,0
DA:33,0
DA:34,0
DA:38,1
DA:39,0
DA:41,0
DA:50,0
DA:52,0
DA:53,0
DA:54,0
DA:56,0
DA:60,1
DA:61,0
DA:62,0
DA:66,1
LF:27
LH:11
BRDA:52,0,0,0
BRDA:52,0,1,0
BRDA:61,1,0,0
BRDA:61,1,1,0
BRDA:81,2,0,1
BRDA:81,2,1,0
BRDA:116,3,0,0
BRDA:116,3,1,0
BRDA:136,4,0,0
BRDA:136,4,1,0
BRDA:138,5,0,0
BRDA:138,5,1,0
BRF:12
BRH:1
end_of_record
TN:
SF:src/pages/DashboardPage/Slider/Slider.jsx
FN:5,(anonymous_0)
FN:9,(anonymous_1)
FN:15,(anonymous_2)
FN:28,(anonymous_3)
FNF:4
FNH:4
FNDA:3,(anonymous_0)
FNDA:1,(anonymous_1)
FNDA:1,(anonymous_2)
FNDA:2,(anonymous_3)
DA:5,1
DA:6,3
DA:7,3
DA:9,3
DA:10,1
DA:11,1
DA:12,1
DA:15,3
DA:17,1
DA:18,0
DA:19,1
DA:20,0
DA:22,1
DA:25,1
DA:28,3
DA:29,2
DA:30,0
DA:31,2
DA:32,2
DA:36,3
LF:20
LH:17
BRDA:17,0,0,0
BRDA:17,0,1,1
BRDA:19,1,0,0
BRDA:19,1,1,1
BRDA:19,2,0,1
BRDA:19,2,1,1
BRDA:29,3,0,0
BRDA:29,3,1,2
BRDA:29,4,0,2
BRDA:29,4,1,2
BRDA:31,5,0,2
BRDA:31,5,1,0
BRDA:31,6,0,2
BRDA:31,6,1,2
BRDA:55,7,0,3
BRDA:55,7,1,3
BRF:16
BRH:12
end_of_record
TN:
SF:src/pages/DashboardPage/TimeButtons/TimeButtons.jsx
FN:5,(anonymous_0)
FN:10,(anonymous_1)
FN:17,(anonymous_2)
FN:24,(anonymous_3)
FN:31,(anonymous_4)
FNF:5
FNH:0
FNDA:0,(anonymous_0)
FNDA:0,(anonymous_1)
FNDA:0,(anonymous_2)
FNDA:0,(anonymous_3)
FNDA:0,(anonymous_4)
DA:5,0
DA:6,0
DA:10,0
DA:17,0
DA:24,0
DA:31,0
LF:6
LH:0
BRDA:9,0,0,0
BRDA:9,0,1,0
BRDA:16,1,0,0
BRDA:16,1,1,0
BRDA:23,2,0,0
BRDA:23,2,1,0
BRDA:30,3,0,0
BRDA:30,3,1,0
BRF:8
BRH:0
end_of_record
TN:
SF:src/pages/DashboardPage/TourGuide/TourGuide.jsx
FN:4,(anonymous_0)
FNF:1
FNH:1
FNDA:1,(anonymous_0)
DA:4,1
DA:5,1
DA:77,1
LF:3
LH:3
BRF:0
BRH:0
end_of_record
TN:
SF:src/pages/DashboardPage/data/graphDataDefault.js
FNF:0
FNH:0
DA:1,2
LF:1
LH:1
BRF:0
BRH:0
end_of_record
TN:
SF:src/pages/ModelTester/ChartComponenet2/ChartComponent2.jsx
FN:11,(anonymous_0)
FN:21,(anonymous_1)
FN:29,(anonymous_2)
FN:30,(anonymous_3)
FN:45,(anonymous_4)
FN:50,(anonymous_5)
FN:66,(anonymous_6)
FN:124,(anonymous_7)
FN:149,(anonymous_8)
FN:156,(anonymous_9)
FN:157,(anonymous_10)
FNF:11
FNH:9
FNDA:3,(anonymous_0)
FNDA:3,(anonymous_1)
FNDA:3,(anonymous_2)
FNDA:0,(anonymous_3)
FNDA:3,(anonymous_4)
FNDA:3,(anonymous_5)
FNDA:3,(anonymous_6)
FNDA:0,(anonymous_7)
FNDA:3,(anonymous_8)
FNDA:1,(anonymous_9)
FNDA:1,(anonymous_10)
DA:10,1
DA:12,3
DA:13,3
DA:14,3
DA:21,3
DA:23,3
DA:24,3
DA:27,3
DA:29,3
DA:30,3
DA:31,0
DA:32,0
DA:34,0
DA:36,0
DA:38,0
DA:40,0
DA:44,3
DA:45,3
DA:46,3
DA:50,3
DA:51,3
DA:53,3
DA:55,3
DA:56,0
DA:59,3
DA:62,3
DA:66,3
DA:125,0
DA:128,0
DA:131,0
DA:149,3
DA:150,3
DA:151,3
DA:156,3
DA:158,1
DA:159,1
DA:160,1
DA:161,1
DA:165,3
LF:39
LH:29
BRDA:31,0,0,0
BRDA:31,0,1,0
BRDA:51,1,0,0
BRDA:51,1,1,3
BRDA:55,2,0,0
BRDA:55,2,1,3
BRDA:150,3,0,3
BRDA:150,3,1,0
BRF:8
BRH:3
end_of_record
TN:
SF:src/pages/ModelTester/ControlButtons2/ControlButtons2.jsx
FN:5,(anonymous_0)
FN:14,(anonymous_1)
FN:42,(anonymous_2)
FN:58,(anonymous_3)
FN:68,(anonymous_4)
FN:73,(anonymous_5)
FN:77,(anonymous_6)
FN:121,(anonymous_7)
FN:168,(anonymous_8)
FN:172,(anonymous_9)
FN:181,(anonymous_10)
FN:226,(anonymous_11)
FN:234,(anonymous_12)
FN:291,(anonymous_13)
FNF:14
FNH:0
FNDA:0,(anonymous_0)
FNDA:0,(anonymous_1)
FNDA:0,(anonymous_2)
FNDA:0,(anonymous_3)
FNDA:0,(anonymous_4)
FNDA:0,(anonymous_5)
FNDA:0,(anonymous_6)
FNDA:0,(anonymous_7)
FNDA:0,(anonymous_8)
FNDA:0,(anonymous_9)
FNDA:0,(anonymous_10)
FNDA:0,(anonymous_11)
FNDA:0,(anonymous_12)
FNDA:0,(anonymous_13)
DA:5,0
DA:6,0
DA:8,0
DA:9,0
DA:10,0
DA:11,0
DA:14,0
DA:15,0
DA:17,0
DA:18,0
DA:25,0
DA:26,0
DA:28,0
DA:29,0
DA:31,0
DA:33,0
DA:43,0
DA:47,0
DA:50,0
DA:58,0
DA:59,0
DA:62,0
DA:63,0
DA:64,0
DA:68,0
DA:69,0
DA:73,0
DA:74,0
DA:77,0
DA:78,0
DA:80,0
DA:82,0
DA:83,0
DA:84,0
DA:88,0
DA:90,0
DA:91,0
DA:93,0
DA:94,0
DA:95,0
DA:98,0
DA:99,0
DA:100,0
DA:103,0
DA:104,0
DA:105,0
DA:108,0
DA:109,0
DA:110,0
DA:113,0
DA:117,0
DA:119,0
DA:121,0
DA:122,0
DA:123,0
DA:124,0
DA:125,0
DA:127,0
DA:132,0
DA:133,0
DA:134,0
DA:135,0
DA:136,0
DA:139,0
DA:140,0
DA:142,0
DA:146,0
DA:149,0
DA:150,0
DA:153,0
DA:159,0
DA:161,0
DA:163,0
DA:164,0
DA:168,0
DA:169,0
DA:172,0
DA:174,0
DA:175,0
DA:178,0
DA:181,0
DA:182,0
DA:183,0
DA:191,0
DA:192,0
DA:194,0
DA:196,0
DA:200,0
DA:203,0
DA:227,0
DA:234,0
DA:292,0
DA:293,0
LF:93
LH:0
BRDA:28,0,0,0
BRDA:28,0,1,0
BRDA:28,1,0,0
BRDA:28,1,1,0
BRDA:63,2,0,0
BRDA:63,2,1,0
BRDA:80,3,0,0
BRDA:80,3,1,0
BRDA:82,4,0,0
BRDA:82,4,1,0
BRDA:82,5,0,0
BRDA:82,5,1,0
BRDA:93,6,0,0
BRDA:93,6,1,0
BRDA:93,7,0,0
BRDA:93,7,1,0
BRDA:98,8,0,0
BRDA:98,8,1,0
BRDA:103,9,0,0
BRDA:103,9,1,0
BRDA:108,10,0,0
BRDA:108,10,1,0
BRDA:132,11,0,0
BRDA:132,11,1,0
BRDA:191,12,0,0
BRDA:191,12,1,0
BRDA:217,13,0,0
BRDA:217,13,1,0
BRDA:224,14,0,0
BRDA:224,14,1,0
BRDA:243,15,0,0
BRDA:243,15,1,0
BRF:32
BRH:0
end_of_record
TN:
SF:src/pages/ModelTester/Dashboard2/Dashboard2.jsx
FN:8,(anonymous_0)
FN:34,(anonymous_1)
FN:35,(anonymous_2)
FN:63,(anonymous_3)
FN:88,(anonymous_4)
FN:95,(anonymous_5)
FN:121,(anonymous_6)
FN:128,(anonymous_7)
FN:162,(anonymous_8)
FNF:9
FNH:0
FNDA:0,(anonymous_0)
FNDA:0,(anonymous_1)
FNDA:0,(anonymous_2)
FNDA:0,(anonymous_3)
FNDA:0,(anonymous_4)
FNDA:0,(anonymous_5)
FNDA:0,(anonymous_6)
FNDA:0,(anonymous_7)
FNDA:0,(anonymous_8)
DA:8,0
DA:9,0
DA:11,0
DA:12,0
DA:19,0
DA:30,0
DA:32,0
DA:34,0
DA:35,0
DA:36,0
DA:38,0
DA:39,0
DA:46,0
DA:47,0
DA:49,0
DA:50,0
DA:52,0
DA:54,0
DA:64,0
DA:68,0
DA:71,0
DA:79,0
DA:82,0
DA:83,0
DA:84,0
DA:88,0
DA:90,0
DA:91,0
DA:95,0
DA:96,0
DA:97,0
DA:98,0
DA:101,0
DA:102,0
DA:112,0
DA:113,0
DA:114,0
DA:115,0
DA:118,0
DA:120,0
DA:121,0
DA:124,0
DA:126,0
DA:128,0
DA:130,0
DA:141,0
DA:142,0
DA:146,0
DA:163,0
LF:49
LH:0
BRDA:49,0,0,0
BRDA:49,0,1,0
BRDA:49,1,0,0
BRDA:49,1,1,0
BRDA:83,2,0,0
BRDA:83,2,1,0
BRDA:90,3,0,0
BRDA:90,3,1,0
BRDA:90,4,0,0
BRDA:90,4,1,0
BRDA:96,5,0,0
BRDA:96,5,1,0
BRDA:112,6,0,0
BRDA:112,6,1,0
BRDA:121,7,0,0
BRDA:121,7,1,0
BRDA:121,7,2,0
BRDA:148,8,0,0
BRDA:148,8,1,0
BRDA:152,9,0,0
BRDA:152,9,1,0
BRDA:159,10,0,0
BRDA:159,10,1,0
BRDA:163,11,0,0
BRDA:163,11,1,0
BRDA:163,11,2,0
BRDA:232,12,0,0
BRDA:232,12,1,0
BRF:28
BRH:0
end_of_record
TN:
SF:src/pages/SharePage/SharePage.jsx
FN:9,(anonymous_0)
FN:20,(anonymous_1)
FN:26,(anonymous_2)
FN:32,(anonymous_3)
FN:51,(anonymous_4)
FN:61,(anonymous_5)
FN:67,(anonymous_6)
FN:75,(anonymous_7)
FN:132,(anonymous_8)
FN:144,(anonymous_9)
FNF:10
FNH:2
FNDA:6,(anonymous_0)
FNDA:3,(anonymous_1)
FNDA:0,(anonymous_2)
FNDA:0,(anonymous_3)
FNDA:0,(anonymous_4)
FNDA:0,(anonymous_5)
FNDA:0,(anonymous_6)
FNDA:0,(anonymous_7)
FNDA:0,(anonymous_8)
FNDA:0,(anonymous_9)
DA:9,1
DA:10,6
DA:11,6
DA:12,6
DA:14,6
DA:15,6
DA:16,6
DA:17,6
DA:18,6
DA:20,6
DA:21,3
DA:22,0
DA:23,0
DA:27,0
DA:28,0
DA:30,0
DA:34,0
DA:35,0
DA:37,0
DA:38,0
DA:40,0
DA:41,0
DA:43,0
DA:44,0
DA:45,0
DA:48,0
DA:49,0
DA:52,0
DA:53,0
DA:56,3
DA:57,3
DA:61,6
DA:62,0
DA:63,0
DA:67,0
DA:70,0
DA:72,0
DA:75,6
DA:76,0
DA:78,0
DA:79,0
DA:80,0
DA:81,0
DA:84,0
DA:87,6
DA:133,0
DA:145,0
LF:47
LH:16
BRDA:21,0,0,0
BRDA:21,0,1,3
BRDA:27,1,0,0
BRDA:27,1,1,0
BRDA:34,2,0,0
BRDA:34,2,1,0
BRDA:34,3,0,0
BRDA:34,3,1,0
BRDA:37,4,0,0
BRDA:37,4,1,0
BRDA:37,5,0,0
BRDA:37,5,1,0
BRDA:37,5,2,0
BRDA:37,5,3,0
BRDA:37,5,4,0
BRDA:43,6,0,0
BRDA:43,6,1,0
BRDA:62,7,0,0
BRDA:62,7,1,0
BRDA:62,8,0,0
BRDA:62,8,1,0
BRDA:80,9,0,0
BRDA:80,9,1,0
BRDA:89,10,0,3
BRDA:89,10,1,3
BRDA:91,11,0,3
BRDA:91,11,1,0
BRDA:103,12,0,0
BRDA:103,12,1,0
BRDA:112,13,0,0
BRDA:112,13,1,0
BRDA:112,13,2,0
BRDA:131,14,0,0
BRDA:131,14,1,0
BRDA:143,15,0,0
BRDA:143,15,1,0
BRF:36
BRH:4
end_of_record
TN:
SF:src/pages/UserLogin/UserLogin.jsx
FN:10,(anonymous_0)
FN:14,(anonymous_1)
FN:24,(anonymous_2)
FN:44,(anonymous_3)
FN:56,(anonymous_4)
FN:57,(anonymous_5)
FN:72,(anonymous_6)
FN:78,(anonymous_7)
FN:103,(anonymous_8)
FN:120,(anonymous_9)
FNF:10
FNH:8
FNDA:7,(anonymous_0)
FNDA:4,(anonymous_1)
FNDA:0,(anonymous_2)
FNDA:2,(anonymous_3)
FNDA:2,(anonymous_4)
FNDA:2,(anonymous_5)
FNDA:1,(anonymous_6)
FNDA:0,(anonymous_7)
FNDA:1,(anonymous_8)
FNDA:1,(anonymous_9)
DA:10,1
DA:11,7
DA:12,7
DA:14,7
DA:15,4
DA:17,4
DA:18,0
DA:21,4
DA:24,7
DA:25,0
DA:26,0
DA:28,0
DA:29,0
DA:31,0
DA:34,0
DA:42,7
DA:44,7
DA:45,2
DA:47,2
DA:49,2
DA:56,2
DA:58,2
DA:59,2
DA:60,1
DA:65,1
DA:66,1
DA:73,1
DA:74,1
DA:79,0
DA:83,7
DA:104,1
DA:121,1
LF:32
LH:24
BRDA:17,0,0,0
BRDA:17,0,1,4
BRDA:17,1,0,4
BRDA:17,1,1,0
BRDA:28,2,0,0
BRDA:28,2,1,0
BRDA:59,3,0,1
BRDA:59,3,1,1
BRF:8
BRH:4
end_of_record
TN:
SF:src/pages/UserSignup/UserSignup.jsx
FN:11,(anonymous_0)
FN:16,(anonymous_1)
FN:26,(anonymous_2)
FN:46,handleForm
FN:67,(anonymous_4)
FN:68,(anonymous_5)
FN:82,(anonymous_6)
FN:87,(anonymous_7)
FN:115,(anonymous_8)
FN:132,(anonymous_9)
FN:151,(anonymous_10)
FN:172,(anonymous_11)
FN:191,(anonymous_12)
FNF:13
FNH:11
FNDA:13,(anonymous_0)
FNDA:7,(anonymous_1)
FNDA:0,(anonymous_2)
FNDA:4,handleForm
FNDA:3,(anonymous_4)
FNDA:3,(anonymous_5)
FNDA:2,(anonymous_6)
FNDA:0,(anonymous_7)
FNDA:2,(anonymous_8)
FNDA:2,(anonymous_9)
FNDA:2,(anonymous_10)
FNDA:2,(anonymous_11)
FNDA:2,(anonymous_12)
DA:11,1
DA:12,13
DA:14,13
DA:16,13
DA:17,7
DA:19,7
DA:20,0
DA:23,7
DA:26,13
DA:27,0
DA:28,0
DA:30,0
DA:31,0
DA:33,0
DA:36,0
DA:44,13
DA:47,4
DA:48,4
DA:50,4
DA:51,1
DA:55,1
DA:58,3
DA:60,3
DA:67,3
DA:69,3
DA:70,1
DA:75,2
DA:76,2
DA:83,2
DA:88,0
DA:92,13
DA:116,2
DA:133,2
DA:152,2
DA:173,2
DA:192,2
LF:36
LH:28
BRDA:19,0,0,0
BRDA:19,0,1,7
BRDA:19,1,0,7
BRDA:19,1,1,0
BRDA:30,2,0,0
BRDA:30,2,1,0
BRDA:50,3,0,1
BRDA:50,3,1,3
BRDA:69,4,0,1
BRDA:69,4,1,2
BRF:10
BRH:6
end_of_record
