TN:
SF:src/Components/Modal/Modal.jsx
FN:3,(anonymous_0)
FN:4,(anonymous_1)
FNF:2
FNH:2
FNDA:6,(anonymous_0)
FNDA:2,(anonymous_1)
DA:3,1
DA:4,6
DA:5,2
DA:6,2
DA:9,6
LF:5
LH:5
BRF:0
BRH:0
end_of_record
TN:
SF:src/Components/Navbar/Navbar.jsx
FN:4,Navbar
FNF:1
FNH:1
FNDA:3,Navbar
DA:5,3
LF:1
LH:1
BRF:0
BRH:0
end_of_record
TN:
SF:src/Components/UserNavbar/UserNavbar.jsx
FN:7,UserNavbar
FN:12,(anonymous_1)
FNF:2
FNH:2
FNDA:5,UserNavbar
FNDA:2,(anonymous_1)
DA:8,5
DA:10,5
DA:12,5
DA:13,2
DA:14,2
DA:16,2
DA:17,1
DA:19,1
DA:22,0
DA:26,5
LF:10
LH:9
BRDA:16,0,0,1
BRDA:16,0,1,1
BRF:2
BRH:2
end_of_record
TN:
SF:src/Layout/PublicLayout.jsx
FN:5,(anonymous_0)
FNF:1
FNH:1
FNDA:2,(anonymous_0)
DA:5,1
DA:6,2
LF:2
LH:2
BRF:0
BRH:0
end_of_record
TN:
SF:src/Layout/UserLayout.jsx
FN:5,(anonymous_0)
FNF:1
FNH:1
FNDA:1,(anonymous_0)
DA:5,1
DA:6,1
LF:2
LH:2
BRF:0
BRH:0
end_of_record
TN:
SF:src/pages/AboutPage/AboutPage.jsx
FN:5,(anonymous_0)
FNF:1
FNH:1
FNDA:6,(anonymous_0)
DA:5,1
DA:6,6
LF:2
LH:2
BRF:0
BRH:0
end_of_record
TN:
SF:src/pages/ChangePassword/ChangePassword.jsx
FN:6,(anonymous_0)
FN:15,(anonymous_1)
FN:27,(anonymous_2)
FN:28,(anonymous_3)
FN:44,(anonymous_4)
FN:71,(anonymous_5)
FN:90,(anonymous_6)
FN:109,(anonymous_7)
FNF:8
FNH:4
FNDA:3,(anonymous_0)
FNDA:1,(anonymous_1)
FNDA:1,(anonymous_2)
FNDA:1,(anonymous_3)
FNDA:0,(anonymous_4)
FNDA:0,(anonymous_5)
FNDA:0,(anonymous_6)
FNDA:0,(anonymous_7)
DA:6,1
DA:7,3
DA:13,3
DA:15,3
DA:16,1
DA:18,1
DA:20,1
DA:27,1
DA:29,1
DA:30,1
DA:31,0
DA:36,1
DA:37,1
DA:45,0
DA:49,3
DA:72,0
DA:91,0
DA:110,0
LF:18
LH:13
BRDA:30,0,0,0
BRDA:30,0,1,1
BRF:2
BRH:1
end_of_record
TN:
SF:src/pages/DashboardPage/ChartComponenet/ChartComponent.jsx
FN:5,(anonymous_0)
FN:12,(anonymous_1)
FN:18,(anonymous_2)
FN:26,(anonymous_3)
FN:31,(anonymous_4)
FN:35,(anonymous_5)
FN:37,(anonymous_6)
FN:50,(anonymous_7)
FN:51,(anonymous_8)
FN:53,(anonymous_9)
FN:56,(anonymous_10)
FN:65,(anonymous_11)
FN:146,(anonymous_12)
FN:147,(anonymous_13)
FN:160,(anonymous_14)
FN:171,(anonymous_15)
FN:182,(anonymous_16)
FN:205,(anonymous_17)
FN:206,(anonymous_18)
FN:253,(anonymous_19)
FN:261,(anonymous_20)
FN:268,(anonymous_21)
FN:269,(anonymous_22)
FNF:23
FNH:16
FNDA:8,(anonymous_0)
FNDA:4,(anonymous_1)
FNDA:8,(anonymous_2)
FNDA:8,(anonymous_3)
FNDA:4,(anonymous_4)
FNDA:8,(anonymous_5)
FNDA:8,(anonymous_6)
FNDA:8,(anonymous_7)
FNDA:8,(anonymous_8)
FNDA:8,(anonymous_9)
FNDA:8,(anonymous_10)
FNDA:8,(anonymous_11)
FNDA:0,(anonymous_12)
FNDA:0,(anonymous_13)
FNDA:0,(anonymous_14)
FNDA:0,(anonymous_15)
FNDA:0,(anonymous_16)
FNDA:6,(anonymous_17)
FNDA:0,(anonymous_18)
FNDA:0,(anonymous_19)
FNDA:6,(anonymous_20)
FNDA:2,(anonymous_21)
FNDA:1,(anonymous_22)
DA:5,2
DA:6,8
DA:7,8
DA:8,8
DA:9,8
DA:10,8
DA:12,8
DA:13,4
DA:15,4
DA:17,4
DA:18,8
DA:20,4
DA:26,4
DA:27,8
DA:28,8
DA:31,4
DA:32,4
DA:35,8
DA:37,8
DA:45,4
DA:47,4
DA:50,8
DA:51,8
DA:53,8
DA:56,8
DA:63,4
DA:65,8
DA:74,4
DA:79,4
DA:81,4
DA:82,1
DA:85,4
DA:147,0
DA:161,0
DA:162,0
DA:172,0
DA:173,0
DA:175,0
DA:183,0
DA:185,0
DA:186,0
DA:187,0
DA:188,0
DA:190,0
DA:191,0
DA:192,0
DA:198,0
DA:205,8
DA:206,6
DA:207,0
DA:208,0
DA:209,0
DA:212,0
DA:213,0
DA:215,0
DA:219,0
DA:220,0
DA:221,0
DA:222,0
DA:224,0
DA:225,0
DA:227,0
DA:228,0
DA:229,0
DA:233,0
DA:236,0
DA:237,0
DA:238,0
DA:239,0
DA:240,0
DA:241,0
DA:243,0
DA:244,0
DA:245,0
DA:249,0
DA:250,0
DA:251,0
DA:252,0
DA:253,0
DA:259,6
DA:261,6
DA:262,6
DA:268,8
DA:270,1
DA:271,1
DA:272,1
DA:273,1
DA:277,8
LF:88
LH:43
BRDA:13,0,0,0
BRDA:13,0,1,4
BRDA:42,1,0,8
BRDA:42,1,1,0
BRDA:53,2,0,3
BRDA:53,2,1,5
BRDA:56,3,0,3
BRDA:56,3,1,5
BRDA:81,4,0,1
BRDA:81,4,1,3
BRDA:172,5,0,0
BRDA:172,5,1,0
BRDA:183,6,0,0
BRDA:183,6,1,0
BRDA:208,7,0,0
BRDA:208,7,1,0
BRDA:212,8,0,0
BRDA:212,8,1,0
BRDA:215,9,0,0
BRDA:215,9,1,0
BRDA:219,10,0,0
BRDA:219,10,1,0
BRDA:221,11,0,0
BRDA:221,11,1,0
BRDA:236,12,0,0
BRDA:236,12,1,0
BRDA:238,13,0,0
BRDA:238,13,1,0
BRDA:251,14,0,0
BRDA:251,14,1,0
BRF:30
BRH:8
end_of_record
TN:
SF:src/pages/DashboardPage/data/graphDataDefault.js
FNF:0
FNH:0
DA:1,1
LF:1
LH:1
BRF:0
BRH:0
end_of_record
TN:
SF:src/pages/SharePage/SharePage.jsx
FN:9,(anonymous_0)
FN:20,(anonymous_1)
FN:26,(anonymous_2)
FN:32,(anonymous_3)
FN:51,(anonymous_4)
FN:61,(anonymous_5)
FN:67,(anonymous_6)
FN:75,(anonymous_7)
FN:132,(anonymous_8)
FN:144,(anonymous_9)
FNF:10
FNH:2
FNDA:6,(anonymous_0)
FNDA:3,(anonymous_1)
FNDA:0,(anonymous_2)
FNDA:0,(anonymous_3)
FNDA:0,(anonymous_4)
FNDA:0,(anonymous_5)
FNDA:0,(anonymous_6)
FNDA:0,(anonymous_7)
FNDA:0,(anonymous_8)
FNDA:0,(anonymous_9)
DA:9,1
DA:10,6
DA:11,6
DA:12,6
DA:14,6
DA:15,6
DA:16,6
DA:17,6
DA:18,6
DA:20,6
DA:21,3
DA:22,0
DA:23,0
DA:27,0
DA:28,0
DA:30,0
DA:34,0
DA:35,0
DA:37,0
DA:38,0
DA:40,0
DA:41,0
DA:43,0
DA:44,0
DA:45,0
DA:48,0
DA:49,0
DA:52,0
DA:53,0
DA:56,3
DA:57,3
DA:61,6
DA:62,0
DA:63,0
DA:67,0
DA:70,0
DA:72,0
DA:75,6
DA:76,0
DA:78,0
DA:79,0
DA:80,0
DA:81,0
DA:84,0
DA:87,6
DA:133,0
DA:145,0
LF:47
LH:16
BRDA:21,0,0,0
BRDA:21,0,1,3
BRDA:27,1,0,0
BRDA:27,1,1,0
BRDA:34,2,0,0
BRDA:34,2,1,0
BRDA:34,3,0,0
BRDA:34,3,1,0
BRDA:37,4,0,0
BRDA:37,4,1,0
BRDA:37,5,0,0
BRDA:37,5,1,0
BRDA:37,5,2,0
BRDA:37,5,3,0
BRDA:37,5,4,0
BRDA:43,6,0,0
BRDA:43,6,1,0
BRDA:62,7,0,0
BRDA:62,7,1,0
BRDA:62,8,0,0
BRDA:62,8,1,0
BRDA:80,9,0,0
BRDA:80,9,1,0
BRDA:89,10,0,3
BRDA:89,10,1,3
BRDA:91,11,0,3
BRDA:91,11,1,0
BRDA:103,12,0,0
BRDA:103,12,1,0
BRDA:112,13,0,0
BRDA:112,13,1,0
BRDA:112,13,2,0
BRDA:131,14,0,0
BRDA:131,14,1,0
BRDA:143,15,0,0
BRDA:143,15,1,0
BRF:36
BRH:4
end_of_record
TN:
SF:src/pages/UserLogin/UserLogin.jsx
FN:10,(anonymous_0)
FN:14,(anonymous_1)
FN:24,(anonymous_2)
FN:44,(anonymous_3)
FN:56,(anonymous_4)
FN:57,(anonymous_5)
FN:72,(anonymous_6)
FN:78,(anonymous_7)
FN:103,(anonymous_8)
FN:120,(anonymous_9)
FNF:10
FNH:7
FNDA:7,(anonymous_0)
FNDA:4,(anonymous_1)
FNDA:0,(anonymous_2)
FNDA:2,(anonymous_3)
FNDA:2,(anonymous_4)
FNDA:2,(anonymous_5)
FNDA:0,(anonymous_6)
FNDA:0,(anonymous_7)
FNDA:1,(anonymous_8)
FNDA:1,(anonymous_9)
DA:10,1
DA:11,7
DA:12,7
DA:14,7
DA:15,4
DA:17,4
DA:18,0
DA:21,4
DA:24,7
DA:25,0
DA:26,0
DA:28,0
DA:29,0
DA:31,0
DA:34,0
DA:42,7
DA:44,7
DA:45,2
DA:47,2
DA:49,2
DA:56,2
DA:58,2
DA:59,2
DA:60,1
DA:65,1
DA:66,1
DA:73,0
DA:74,0
DA:79,0
DA:83,7
DA:104,1
DA:121,1
LF:32
LH:22
BRDA:17,0,0,0
BRDA:17,0,1,4
BRDA:17,1,0,4
BRDA:17,1,1,0
BRDA:28,2,0,0
BRDA:28,2,1,0
BRDA:59,3,0,1
BRDA:59,3,1,1
BRF:8
BRH:4
end_of_record
TN:
SF:src/pages/UserSignup/UserSignup.jsx
FN:11,(anonymous_0)
FN:16,(anonymous_1)
FN:26,(anonymous_2)
FN:46,handleForm
FN:67,(anonymous_4)
FN:68,(anonymous_5)
FN:82,(anonymous_6)
FN:87,(anonymous_7)
FN:115,(anonymous_8)
FN:132,(anonymous_9)
FN:151,(anonymous_10)
FN:172,(anonymous_11)
FN:191,(anonymous_12)
FNF:13
FNH:10
FNDA:13,(anonymous_0)
FNDA:7,(anonymous_1)
FNDA:0,(anonymous_2)
FNDA:4,handleForm
FNDA:3,(anonymous_4)
FNDA:3,(anonymous_5)
FNDA:0,(anonymous_6)
FNDA:0,(anonymous_7)
FNDA:2,(anonymous_8)
FNDA:2,(anonymous_9)
FNDA:2,(anonymous_10)
FNDA:2,(anonymous_11)
FNDA:2,(anonymous_12)
DA:11,1
DA:12,13
DA:14,13
DA:16,13
DA:17,7
DA:19,7
DA:20,0
DA:23,7
DA:26,13
DA:27,0
DA:28,0
DA:30,0
DA:31,0
DA:33,0
DA:36,0
DA:44,13
DA:47,4
DA:48,4
DA:50,4
DA:51,1
DA:55,1
DA:58,3
DA:60,3
DA:67,3
DA:69,3
DA:70,1
DA:75,2
DA:76,2
DA:83,0
DA:88,0
DA:92,13
DA:116,2
DA:133,2
DA:152,2
DA:173,2
DA:192,2
LF:36
LH:27
BRDA:19,0,0,0
BRDA:19,0,1,7
BRDA:19,1,0,7
BRDA:19,1,1,0
BRDA:30,2,0,0
BRDA:30,2,1,0
BRDA:50,3,0,1
BRDA:50,3,1,3
BRDA:69,4,0,1
BRDA:69,4,1,2
BRF:10
BRH:6
end_of_record
